[0.177s] Invoking command in '/home/arthur/ros2_ws/build/my_robot_bringup': AMENT_PREFIX_PATH=/home/arthur/ros2_ws/install/my_py_pkg:/home/arthur/ros2_ws/install/my_robot_bringup:/home/arthur/ros2_ws/install/my_cpp_pkg:/home/arthur/ros2_ws/install/my_robot_interfaces:/opt/ros/humble CMAKE_PREFIX_PATH=/home/arthur/ros2_ws/install/my_cpp_pkg:/home/arthur/ros2_ws/install/my_robot_interfaces:/home/arthur/ros2_ws/install/my_robot_bringup:/home/arthur/ros2_ws/install/my_py_pkg:/opt/ros/humble /usr/bin/cmake --build /home/arthur/ros2_ws/build/my_robot_bringup -- -j4 -l4
[0.201s] -- Found ament_cmake: 1.3.5 (/opt/ros/humble/share/ament_cmake/cmake)
[0.343s] -- Override CMake install command with custom implementation using symlinks instead of copying resources
[0.417s] -- Configuring done
[0.419s] -- Generating done
[0.421s] -- Build files have been written to: /home/arthur/ros2_ws/build/my_robot_bringup
[0.444s] Invoked command in '/home/arthur/ros2_ws/build/my_robot_bringup' returned '0': AMENT_PREFIX_PATH=/home/arthur/ros2_ws/install/my_py_pkg:/home/arthur/ros2_ws/install/my_robot_bringup:/home/arthur/ros2_ws/install/my_cpp_pkg:/home/arthur/ros2_ws/install/my_robot_interfaces:/opt/ros/humble CMAKE_PREFIX_PATH=/home/arthur/ros2_ws/install/my_cpp_pkg:/home/arthur/ros2_ws/install/my_robot_interfaces:/home/arthur/ros2_ws/install/my_robot_bringup:/home/arthur/ros2_ws/install/my_py_pkg:/opt/ros/humble /usr/bin/cmake --build /home/arthur/ros2_ws/build/my_robot_bringup -- -j4 -l4
[0.479s] Invoking command in '/home/arthur/ros2_ws/build/my_robot_bringup': AMENT_PREFIX_PATH=/home/arthur/ros2_ws/install/my_py_pkg:/home/arthur/ros2_ws/install/my_robot_bringup:/home/arthur/ros2_ws/install/my_cpp_pkg:/home/arthur/ros2_ws/install/my_robot_interfaces:/opt/ros/humble CMAKE_PREFIX_PATH=/home/arthur/ros2_ws/install/my_cpp_pkg:/home/arthur/ros2_ws/install/my_robot_interfaces:/home/arthur/ros2_ws/install/my_robot_bringup:/home/arthur/ros2_ws/install/my_py_pkg:/opt/ros/humble /usr/bin/cmake --install /home/arthur/ros2_ws/build/my_robot_bringup
[0.487s] -- Install configuration: ""
[0.487s] -- Execute custom install script
[0.488s] -- Up-to-date symlink: /home/arthur/ros2_ws/install/my_robot_bringup/share//launch/number_app.launch.py
[0.488s] -- Up-to-date symlink: /home/arthur/ros2_ws/install/my_robot_bringup/share/ament_index/resource_index/package_run_dependencies/my_robot_bringup
[0.488s] -- Up-to-date symlink: /home/arthur/ros2_ws/install/my_robot_bringup/share/ament_index/resource_index/parent_prefix_path/my_robot_bringup
[0.489s] -- Up-to-date symlink: /home/arthur/ros2_ws/install/my_robot_bringup/share/my_robot_bringup/environment/ament_prefix_path.sh
[0.489s] -- Up-to-date symlink: /home/arthur/ros2_ws/install/my_robot_bringup/share/my_robot_bringup/environment/ament_prefix_path.dsv
[0.489s] -- Up-to-date symlink: /home/arthur/ros2_ws/install/my_robot_bringup/share/my_robot_bringup/environment/path.sh
[0.489s] -- Up-to-date symlink: /home/arthur/ros2_ws/install/my_robot_bringup/share/my_robot_bringup/environment/path.dsv
[0.489s] -- Up-to-date symlink: /home/arthur/ros2_ws/install/my_robot_bringup/share/my_robot_bringup/local_setup.bash
[0.489s] -- Up-to-date symlink: /home/arthur/ros2_ws/install/my_robot_bringup/share/my_robot_bringup/local_setup.sh
[0.490s] -- Up-to-date symlink: /home/arthur/ros2_ws/install/my_robot_bringup/share/my_robot_bringup/local_setup.zsh
[0.490s] -- Up-to-date symlink: /home/arthur/ros2_ws/install/my_robot_bringup/share/my_robot_bringup/local_setup.dsv
[0.490s] -- Symlinking: /home/arthur/ros2_ws/install/my_robot_bringup/share/my_robot_bringup/package.dsv
[0.500s] -- Up-to-date symlink: /home/arthur/ros2_ws/install/my_robot_bringup/share/ament_index/resource_index/packages/my_robot_bringup
[0.500s] -- Up-to-date symlink: /home/arthur/ros2_ws/install/my_robot_bringup/share/my_robot_bringup/cmake/my_robot_bringupConfig.cmake
[0.500s] -- Up-to-date symlink: /home/arthur/ros2_ws/install/my_robot_bringup/share/my_robot_bringup/cmake/my_robot_bringupConfig-version.cmake
[0.500s] -- Up-to-date symlink: /home/arthur/ros2_ws/install/my_robot_bringup/share/my_robot_bringup/package.xml
[0.503s] Invoked command in '/home/arthur/ros2_ws/build/my_robot_bringup' returned '0': AMENT_PREFIX_PATH=/home/arthur/ros2_ws/install/my_py_pkg:/home/arthur/ros2_ws/install/my_robot_bringup:/home/arthur/ros2_ws/install/my_cpp_pkg:/home/arthur/ros2_ws/install/my_robot_interfaces:/opt/ros/humble CMAKE_PREFIX_PATH=/home/arthur/ros2_ws/install/my_cpp_pkg:/home/arthur/ros2_ws/install/my_robot_interfaces:/home/arthur/ros2_ws/install/my_robot_bringup:/home/arthur/ros2_ws/install/my_py_pkg:/opt/ros/humble /usr/bin/cmake --install /home/arthur/ros2_ws/build/my_robot_bringup
