[0.087s] Invoking command in '/home/arthur/ros2_ws/build/my_cpp_pkg': CMAKE_PREFIX_PATH=${CMAKE_PREFIX_PATH}:/home/arthur/ros2_ws/install/my_py_pkg:/opt/ros/humble /usr/bin/cmake --build /home/arthur/ros2_ws/build/my_cpp_pkg -- -j4 -l4
[0.547s] -- Found ament_cmake: 1.3.5 (/opt/ros/humble/share/ament_cmake/cmake)
[1.130s] -- Found rclcpp: 16.0.6 (/opt/ros/humble/share/rclcpp/cmake)
[1.474s] -- Found rosidl_generator_c: 3.1.5 (/opt/ros/humble/share/rosidl_generator_c/cmake)
[1.514s] -- Found rosidl_adapter: 3.1.5 (/opt/ros/humble/share/rosidl_adapter/cmake)
[1.540s] -- Found rosidl_generator_cpp: 3.1.5 (/opt/ros/humble/share/rosidl_generator_cpp/cmake)
[1.616s] -- Using all available rosidl_typesupport_c: rosidl_typesupport_fastrtps_c;rosidl_typesupport_introspection_c
[1.704s] -- Using all available rosidl_typesupport_cpp: rosidl_typesupport_fastrtps_cpp;rosidl_typesupport_introspection_cpp
[1.960s] -- Found rmw_implementation_cmake: 6.1.1 (/opt/ros/humble/share/rmw_implementation_cmake/cmake)
[1.979s] -- Found rmw_fastrtps_cpp: 6.2.4 (/opt/ros/humble/share/rmw_fastrtps_cpp/cmake)
[2.336s] -- Using RMW implementation 'rmw_fastrtps_cpp' as default
[2.736s] -- Found example_interfaces: 0.9.3 (/opt/ros/humble/share/example_interfaces/cmake)
[3.050s] -- Configuring done
[3.270s] -- Generating done
[3.276s] -- Build files have been written to: /home/arthur/ros2_ws/build/my_cpp_pkg
[3.329s] [ 12%] [32mBuilding CXX object CMakeFiles/number_counter.dir/src/number_counter.cpp.o[0m
[3.347s] [35m[1mConsolidate compiler generated dependencies of target robot_news_station[0m
[3.352s] [35m[1mConsolidate compiler generated dependencies of target smartphone[0m
[3.365s] [35m[1mConsolidate compiler generated dependencies of target cpp_node[0m
[3.394s] [ 37%] Built target robot_news_station
[3.395s] [ 62%] Built target smartphone
[3.400s] [ 87%] Built target cpp_node
[6.863s] [100%] [32m[1mLinking CXX executable number_counter[0m
[7.419s] [100%] Built target number_counter
[7.431s] Invoked command in '/home/arthur/ros2_ws/build/my_cpp_pkg' returned '0': CMAKE_PREFIX_PATH=${CMAKE_PREFIX_PATH}:/home/arthur/ros2_ws/install/my_py_pkg:/opt/ros/humble /usr/bin/cmake --build /home/arthur/ros2_ws/build/my_cpp_pkg -- -j4 -l4
[7.479s] Invoking command in '/home/arthur/ros2_ws/build/my_cpp_pkg': CMAKE_PREFIX_PATH=${CMAKE_PREFIX_PATH}:/home/arthur/ros2_ws/install/my_py_pkg:/opt/ros/humble /usr/bin/cmake --install /home/arthur/ros2_ws/build/my_cpp_pkg
[7.487s] -- Install configuration: ""
[7.502s] -- Up-to-date: /home/arthur/ros2_ws/install/my_cpp_pkg/lib/my_cpp_pkg/cpp_node
[7.528s] -- Up-to-date: /home/arthur/ros2_ws/install/my_cpp_pkg/lib/my_cpp_pkg/robot_news_station
[7.550s] -- Up-to-date: /home/arthur/ros2_ws/install/my_cpp_pkg/lib/my_cpp_pkg/smartphone
[7.551s] -- Installing: /home/arthur/ros2_ws/install/my_cpp_pkg/lib/my_cpp_pkg/number_counter
[7.553s] -- Set runtime path of "/home/arthur/ros2_ws/install/my_cpp_pkg/lib/my_cpp_pkg/number_counter" to ""
[7.554s] -- Installing: /home/arthur/ros2_ws/install/my_cpp_pkg/share/ament_index/resource_index/package_run_dependencies/my_cpp_pkg
[7.568s] -- Up-to-date: /home/arthur/ros2_ws/install/my_cpp_pkg/share/ament_index/resource_index/parent_prefix_path/my_cpp_pkg
[7.569s] -- Up-to-date: /home/arthur/ros2_ws/install/my_cpp_pkg/share/my_cpp_pkg/environment/ament_prefix_path.sh
[7.569s] -- Installing: /home/arthur/ros2_ws/install/my_cpp_pkg/share/my_cpp_pkg/environment/ament_prefix_path.dsv
[7.570s] -- Up-to-date: /home/arthur/ros2_ws/install/my_cpp_pkg/share/my_cpp_pkg/environment/path.sh
[7.570s] -- Installing: /home/arthur/ros2_ws/install/my_cpp_pkg/share/my_cpp_pkg/environment/path.dsv
[7.571s] -- Up-to-date: /home/arthur/ros2_ws/install/my_cpp_pkg/share/my_cpp_pkg/local_setup.bash
[7.571s] -- Up-to-date: /home/arthur/ros2_ws/install/my_cpp_pkg/share/my_cpp_pkg/local_setup.sh
[7.571s] -- Up-to-date: /home/arthur/ros2_ws/install/my_cpp_pkg/share/my_cpp_pkg/local_setup.zsh
[7.572s] -- Installing: /home/arthur/ros2_ws/install/my_cpp_pkg/share/my_cpp_pkg/local_setup.dsv
[7.572s] -- Installing: /home/arthur/ros2_ws/install/my_cpp_pkg/share/my_cpp_pkg/package.dsv
[7.572s] -- Up-to-date: /home/arthur/ros2_ws/install/my_cpp_pkg/share/ament_index/resource_index/packages/my_cpp_pkg
[7.573s] -- Up-to-date: /home/arthur/ros2_ws/install/my_cpp_pkg/share/my_cpp_pkg/cmake/my_cpp_pkgConfig.cmake
[7.573s] -- Up-to-date: /home/arthur/ros2_ws/install/my_cpp_pkg/share/my_cpp_pkg/cmake/my_cpp_pkgConfig-version.cmake
[7.573s] -- Installing: /home/arthur/ros2_ws/install/my_cpp_pkg/share/my_cpp_pkg/package.xml
[7.578s] Invoked command in '/home/arthur/ros2_ws/build/my_cpp_pkg' returned '0': CMAKE_PREFIX_PATH=${CMAKE_PREFIX_PATH}:/home/arthur/ros2_ws/install/my_py_pkg:/opt/ros/humble /usr/bin/cmake --install /home/arthur/ros2_ws/build/my_cpp_pkg
