[0.127s] Invoking command in '/home/arthur/ros2_ws/build/realsense2_camera': AMENT_PREFIX_PATH=/home/arthur/ros2_ws/install/realsense2_camera_msgs:${AMENT_PREFIX_PATH} CMAKE_PREFIX_PATH=/home/arthur/ros2_ws/install/realsense2_camera_msgs:/home/arthur/ros2_ws/install/my_robot_bringup:/home/arthur/ros2_ws/install/my_cpp_pkg:/home/arthur/ros2_ws/install/my_robot_interfaces:/home/arthur/ros2_ws/install/my_py_pkg:/opt/ros/humble LD_LIBRARY_PATH=/home/arthur/ros2_ws/install/realsense2_camera_msgs/lib:${LD_LIBRARY_PATH} PYTHONPATH=/home/arthur/ros2_ws/install/realsense2_camera_msgs/local/lib/python3.10/dist-packages:${PYTHONPATH} /usr/bin/cmake /home/arthur/ros2_ws/src/realsense-ros/realsense2_camera -DCMAKE_INSTALL_PREFIX=/home/arthur/ros2_ws/install/realsense2_camera
[0.189s] -- The C compiler identification is GNU 11.4.0
[0.253s] -- The CXX compiler identification is GNU 11.4.0
[0.261s] -- Detecting C compiler ABI info
[0.357s] -- Detecting C compiler ABI info - done
[0.365s] -- Check for working C compiler: /usr/bin/cc - skipped
[0.365s] -- Detecting C compile features
[0.366s] -- Detecting C compile features - done
[0.369s] -- Detecting CXX compiler ABI info
[0.460s] -- Detecting CXX compiler ABI info - done
[0.468s] -- Check for working CXX compiler: /usr/bin/c++ - skipped
[0.469s] -- Detecting CXX compile features
[0.469s] -- Detecting CXX compile features - done
[0.470s] -- Create Release Build.
[0.472s] -- Found ament_cmake: 1.3.5 (/opt/ros/humble/share/ament_cmake/cmake)
[0.667s] -- Found Python3: /usr/bin/python3.10 (found version "3.10.12") found components: Interpreter 
[0.769s] -- Found builtin_interfaces: 1.2.1 (/opt/ros/humble/share/builtin_interfaces/cmake)
[0.809s] -- Found rosidl_generator_c: 3.1.5 (/opt/ros/humble/share/rosidl_generator_c/cmake)
[0.816s] -- Found rosidl_adapter: 3.1.5 (/opt/ros/humble/share/rosidl_adapter/cmake)
[0.826s] -- Found rosidl_generator_cpp: 3.1.5 (/opt/ros/humble/share/rosidl_generator_cpp/cmake)
[0.843s] -- Using all available rosidl_typesupport_c: rosidl_typesupport_fastrtps_c;rosidl_typesupport_introspection_c
[0.868s] -- Using all available rosidl_typesupport_cpp: rosidl_typesupport_fastrtps_cpp;rosidl_typesupport_introspection_cpp
[0.904s] -- Found cv_bridge: 3.2.1 (/opt/ros/humble/share/cv_bridge/cmake)
[1.241s] -- Found image_transport: 3.1.7 (/opt/ros/humble/share/image_transport/cmake)
[1.480s] -- Found rmw_implementation_cmake: 6.1.1 (/opt/ros/humble/share/rmw_implementation_cmake/cmake)
[1.499s] -- Found rmw_fastrtps_cpp: 6.2.4 (/opt/ros/humble/share/rmw_fastrtps_cpp/cmake)
[1.808s] -- Found OpenSSL: /usr/lib/x86_64-linux-gnu/libcrypto.so (found version "3.0.2")  
[1.859s] -- Found FastRTPS: /opt/ros/humble/include  
[1.940s] -- Using RMW implementation 'rmw_fastrtps_cpp' as default
[2.000s] -- Looking for pthread.h
[2.133s] -- Looking for pthread.h - found
[2.134s] -- Performing Test CMAKE_HAVE_LIBC_PTHREAD
[2.217s] -- Performing Test CMAKE_HAVE_LIBC_PTHREAD - Success
[2.218s] -- Found Threads: TRUE  
[2.693s] -- Found rclcpp_components: 16.0.6 (/opt/ros/humble/share/rclcpp_components/cmake)
[2.776s] -- Found realsense2_camera_msgs: 4.54.1 (/home/arthur/ros2_ws/install/realsense2_camera_msgs/share/realsense2_camera_msgs/cmake)
[2.921s] -- Found nav_msgs: 4.2.3 (/opt/ros/humble/share/nav_msgs/cmake)
[3.104s] -- Found tf2_ros: 0.25.4 (/opt/ros/humble/share/tf2_ros/cmake)
[3.566s] -- Found diagnostic_updater: 3.1.2 (/opt/ros/humble/share/diagnostic_updater/cmake)
[3.690s] -- Build for ROS2 Humble
[3.704s] -- Found ament_cmake_gtest: 1.3.5 (/opt/ros/humble/share/ament_cmake_gtest/cmake)
[3.724s] -- Found gtest sources under '/opt/ros/humble/src/gtest_vendor': C++ tests using 'Google Test' will be built
[3.731s] -- Found ament_cmake_pytest: 1.3.5 (/opt/ros/humble/share/ament_cmake_pytest/cmake)
[7.640s] -- rs_device_info:
[7.640s] -- No device detected. Is it plugged in?
[7.640s] 
[7.733s] -- Configuring done
[7.761s] -- Generating done
[7.763s] -- Build files have been written to: /home/arthur/ros2_ws/build/realsense2_camera
[7.776s] Invoked command in '/home/arthur/ros2_ws/build/realsense2_camera' returned '0': AMENT_PREFIX_PATH=/home/arthur/ros2_ws/install/realsense2_camera_msgs:${AMENT_PREFIX_PATH} CMAKE_PREFIX_PATH=/home/arthur/ros2_ws/install/realsense2_camera_msgs:/home/arthur/ros2_ws/install/my_robot_bringup:/home/arthur/ros2_ws/install/my_cpp_pkg:/home/arthur/ros2_ws/install/my_robot_interfaces:/home/arthur/ros2_ws/install/my_py_pkg:/opt/ros/humble LD_LIBRARY_PATH=/home/arthur/ros2_ws/install/realsense2_camera_msgs/lib:${LD_LIBRARY_PATH} PYTHONPATH=/home/arthur/ros2_ws/install/realsense2_camera_msgs/local/lib/python3.10/dist-packages:${PYTHONPATH} /usr/bin/cmake /home/arthur/ros2_ws/src/realsense-ros/realsense2_camera -DCMAKE_INSTALL_PREFIX=/home/arthur/ros2_ws/install/realsense2_camera
[7.778s] Invoking command in '/home/arthur/ros2_ws/build/realsense2_camera': AMENT_PREFIX_PATH=/home/arthur/ros2_ws/install/realsense2_camera_msgs:${AMENT_PREFIX_PATH} CMAKE_PREFIX_PATH=/home/arthur/ros2_ws/install/realsense2_camera_msgs:/home/arthur/ros2_ws/install/my_robot_bringup:/home/arthur/ros2_ws/install/my_cpp_pkg:/home/arthur/ros2_ws/install/my_robot_interfaces:/home/arthur/ros2_ws/install/my_py_pkg:/opt/ros/humble LD_LIBRARY_PATH=/home/arthur/ros2_ws/install/realsense2_camera_msgs/lib:${LD_LIBRARY_PATH} PYTHONPATH=/home/arthur/ros2_ws/install/realsense2_camera_msgs/local/lib/python3.10/dist-packages:${PYTHONPATH} /usr/bin/cmake --build /home/arthur/ros2_ws/build/realsense2_camera -- -j4 -l4
[7.835s] [  4%] [32mBuilding CXX object gtest/CMakeFiles/gtest_main.dir/src/gtest_main.cc.o[0m
[7.835s] [  9%] [32mBuilding CXX object gtest/CMakeFiles/gtest.dir/src/gtest-all.cc.o[0m
[7.835s] [ 13%] [32mBuilding CXX object CMakeFiles/realsense2_camera_node.dir/rclcpp_components/node_main_realsense2_camera_node.cpp.o[0m
[7.837s] [ 18%] [32mBuilding CXX object CMakeFiles/realsense2_camera.dir/src/realsense_node_factory.cpp.o[0m
[8.833s] [ 22%] [32m[1mLinking CXX static library libgtest_main.a[0m
[8.872s] [ 22%] Built target gtest_main
[8.883s] [ 27%] [32mBuilding CXX object CMakeFiles/realsense2_camera.dir/src/base_realsense_node.cpp.o[0m
[13.036s] [ 31%] [32m[1mLinking CXX executable realsense2_camera_node[0m
[13.616s] [ 31%] Built target realsense2_camera_node
[13.628s] [ 36%] [32mBuilding CXX object CMakeFiles/realsense2_camera.dir/src/parameters.cpp.o[0m
[17.160s] [ 40%] [32m[1mLinking CXX static library libgtest.a[0m
[17.207s] [ 40%] Built target gtest
[17.218s] [ 45%] [32mBuilding CXX object CMakeFiles/realsense2_camera.dir/src/rs_node_setup.cpp.o[0m
[22.736s] [ 50%] [32mBuilding CXX object CMakeFiles/gtest_template.dir/test/gtest_template.cpp.o[0m
[24.045s] [ 54%] [32m[1mLinking CXX executable gtest_template[0m
[24.207s] [ 54%] Built target gtest_template
[24.222s] [ 59%] [32mBuilding CXX object CMakeFiles/realsense2_camera.dir/src/ros_sensor.cpp.o[0m
[25.145s] [ 63%] [32mBuilding CXX object CMakeFiles/realsense2_camera.dir/src/ros_utils.cpp.o[0m
[29.952s] [ 68%] [32mBuilding CXX object CMakeFiles/realsense2_camera.dir/src/dynamic_params.cpp.o[0m
[30.155s] [ 72%] [32mBuilding CXX object CMakeFiles/realsense2_camera.dir/src/sensor_params.cpp.o[0m
[33.392s] [ 77%] [32mBuilding CXX object CMakeFiles/realsense2_camera.dir/src/named_filter.cpp.o[0m
[34.081s] [ 81%] [32mBuilding CXX object CMakeFiles/realsense2_camera.dir/src/profile_manager.cpp.o[0m
[37.123s] [ 86%] [32mBuilding CXX object CMakeFiles/realsense2_camera.dir/src/image_publisher.cpp.o[0m
[37.408s] [ 90%] [32mBuilding CXX object CMakeFiles/realsense2_camera.dir/src/tfs.cpp.o[0m
[42.971s] [ 95%] [32mBuilding CXX object CMakeFiles/realsense2_camera.dir/src/ros_param_backend.cpp.o[0m
[48.665s] [100%] [32m[1mLinking CXX shared library librealsense2_camera.so[0m
[49.473s] [100%] Built target realsense2_camera
[49.486s] Invoked command in '/home/arthur/ros2_ws/build/realsense2_camera' returned '0': AMENT_PREFIX_PATH=/home/arthur/ros2_ws/install/realsense2_camera_msgs:${AMENT_PREFIX_PATH} CMAKE_PREFIX_PATH=/home/arthur/ros2_ws/install/realsense2_camera_msgs:/home/arthur/ros2_ws/install/my_robot_bringup:/home/arthur/ros2_ws/install/my_cpp_pkg:/home/arthur/ros2_ws/install/my_robot_interfaces:/home/arthur/ros2_ws/install/my_py_pkg:/opt/ros/humble LD_LIBRARY_PATH=/home/arthur/ros2_ws/install/realsense2_camera_msgs/lib:${LD_LIBRARY_PATH} PYTHONPATH=/home/arthur/ros2_ws/install/realsense2_camera_msgs/local/lib/python3.10/dist-packages:${PYTHONPATH} /usr/bin/cmake --build /home/arthur/ros2_ws/build/realsense2_camera -- -j4 -l4
[49.556s] Invoking command in '/home/arthur/ros2_ws/build/realsense2_camera': AMENT_PREFIX_PATH=/home/arthur/ros2_ws/install/realsense2_camera_msgs:${AMENT_PREFIX_PATH} CMAKE_PREFIX_PATH=/home/arthur/ros2_ws/install/realsense2_camera_msgs:/home/arthur/ros2_ws/install/my_robot_bringup:/home/arthur/ros2_ws/install/my_cpp_pkg:/home/arthur/ros2_ws/install/my_robot_interfaces:/home/arthur/ros2_ws/install/my_py_pkg:/opt/ros/humble LD_LIBRARY_PATH=/home/arthur/ros2_ws/install/realsense2_camera_msgs/lib:${LD_LIBRARY_PATH} PYTHONPATH=/home/arthur/ros2_ws/install/realsense2_camera_msgs/local/lib/python3.10/dist-packages:${PYTHONPATH} /usr/bin/cmake --install /home/arthur/ros2_ws/build/realsense2_camera
[49.564s] -- Install configuration: "Release"
[49.564s] -- Installing: /home/arthur/ros2_ws/install/realsense2_camera/lib/realsense2_camera/realsense2_camera_node
[49.565s] -- Set runtime path of "/home/arthur/ros2_ws/install/realsense2_camera/lib/realsense2_camera/realsense2_camera_node" to ""
[49.565s] -- Installing: /home/arthur/ros2_ws/install/realsense2_camera/lib/librealsense2_camera.so
[49.569s] -- Set runtime path of "/home/arthur/ros2_ws/install/realsense2_camera/lib/librealsense2_camera.so" to ""
[49.569s] -- Installing: /home/arthur/ros2_ws/install/realsense2_camera/include
[49.569s] -- Installing: /home/arthur/ros2_ws/install/realsense2_camera/include/realsense_node_factory.h
[49.569s] -- Installing: /home/arthur/ros2_ws/install/realsense2_camera/include/image_publisher.h
[49.569s] -- Installing: /home/arthur/ros2_ws/install/realsense2_camera/include/base_realsense_node.h
[49.569s] -- Installing: /home/arthur/ros2_ws/install/realsense2_camera/include/sensor_params.h
[49.569s] -- Installing: /home/arthur/ros2_ws/install/realsense2_camera/include/constants.h
[49.570s] -- Installing: /home/arthur/ros2_ws/install/realsense2_camera/include/ros_param_backend.h
[49.570s] -- Installing: /home/arthur/ros2_ws/install/realsense2_camera/include/profile_manager.h
[49.570s] -- Installing: /home/arthur/ros2_ws/install/realsense2_camera/include/dynamic_params.h
[49.570s] -- Installing: /home/arthur/ros2_ws/install/realsense2_camera/include/ros_utils.h
[49.570s] -- Installing: /home/arthur/ros2_ws/install/realsense2_camera/include/named_filter.h
[49.570s] -- Installing: /home/arthur/ros2_ws/install/realsense2_camera/include/ros_sensor.h
[49.570s] -- Installing: /home/arthur/ros2_ws/install/realsense2_camera/share/realsense2_camera/launch
[49.570s] -- Installing: /home/arthur/ros2_ws/install/realsense2_camera/share/realsense2_camera/launch/rs_intra_process_demo_launch.py
[49.570s] -- Installing: /home/arthur/ros2_ws/install/realsense2_camera/share/realsense2_camera/launch/default.rviz
[49.570s] -- Installing: /home/arthur/ros2_ws/install/realsense2_camera/share/realsense2_camera/launch/rs_launch.py
[49.570s] -- Installing: /home/arthur/ros2_ws/install/realsense2_camera/share/realsense2_camera/launch/rs_multi_camera_launch.py
[49.571s] -- Installing: /home/arthur/ros2_ws/install/realsense2_camera/share/realsense2_camera/examples
[49.571s] -- Installing: /home/arthur/ros2_ws/install/realsense2_camera/share/realsense2_camera/examples/dual_camera
[49.571s] -- Installing: /home/arthur/ros2_ws/install/realsense2_camera/share/realsense2_camera/examples/dual_camera/rviz
[49.571s] -- Installing: /home/arthur/ros2_ws/install/realsense2_camera/share/realsense2_camera/examples/dual_camera/rviz/dual_camera_pointcloud.rviz
[49.571s] -- Installing: /home/arthur/ros2_ws/install/realsense2_camera/share/realsense2_camera/examples/dual_camera/README.md
[49.571s] -- Installing: /home/arthur/ros2_ws/install/realsense2_camera/share/realsense2_camera/examples/dual_camera/rs_dual_camera_launch.py
[49.571s] -- Installing: /home/arthur/ros2_ws/install/realsense2_camera/share/realsense2_camera/examples/launch_params_from_file
[49.571s] -- Installing: /home/arthur/ros2_ws/install/realsense2_camera/share/realsense2_camera/examples/launch_params_from_file/README.md
[49.571s] -- Installing: /home/arthur/ros2_ws/install/realsense2_camera/share/realsense2_camera/examples/launch_params_from_file/config
[49.571s] -- Installing: /home/arthur/ros2_ws/install/realsense2_camera/share/realsense2_camera/examples/launch_params_from_file/config/config.yaml
[49.572s] -- Installing: /home/arthur/ros2_ws/install/realsense2_camera/share/realsense2_camera/examples/launch_params_from_file/rs_launch_get_params_from_yaml.py
[49.572s] -- Installing: /home/arthur/ros2_ws/install/realsense2_camera/share/realsense2_camera/examples/pointcloud
[49.572s] -- Installing: /home/arthur/ros2_ws/install/realsense2_camera/share/realsense2_camera/examples/pointcloud/rviz
[49.572s] -- Installing: /home/arthur/ros2_ws/install/realsense2_camera/share/realsense2_camera/examples/pointcloud/rviz/urdf_pointcloud.rviz
[49.572s] -- Installing: /home/arthur/ros2_ws/install/realsense2_camera/share/realsense2_camera/examples/pointcloud/rviz/pointcloud.rviz
[49.572s] -- Installing: /home/arthur/ros2_ws/install/realsense2_camera/share/realsense2_camera/examples/pointcloud/rs_d455_pointcloud_launch.py
[49.572s] -- Installing: /home/arthur/ros2_ws/install/realsense2_camera/share/realsense2_camera/examples/pointcloud/README.md
[49.572s] -- Installing: /home/arthur/ros2_ws/install/realsense2_camera/share/realsense2_camera/examples/pointcloud/rs_pointcloud_launch.py
[49.572s] -- Installing: /home/arthur/ros2_ws/install/realsense2_camera/share/realsense2_camera/examples/launch_from_rosbag
[49.573s] -- Installing: /home/arthur/ros2_ws/install/realsense2_camera/share/realsense2_camera/examples/launch_from_rosbag/README.md
[49.573s] -- Installing: /home/arthur/ros2_ws/install/realsense2_camera/share/realsense2_camera/examples/launch_from_rosbag/rs_launch_from_rosbag.py
[49.573s] -- Installing: /home/arthur/ros2_ws/install/realsense2_camera/share/realsense2_camera/examples/align_depth
[49.573s] -- Installing: /home/arthur/ros2_ws/install/realsense2_camera/share/realsense2_camera/examples/align_depth/README.md
[49.573s] -- Installing: /home/arthur/ros2_ws/install/realsense2_camera/share/realsense2_camera/examples/align_depth/rs_align_depth_launch.py
[49.573s] -- Installing: /home/arthur/ros2_ws/install/realsense2_camera/share/realsense2_camera/environment/library_path.sh
[49.573s] -- Installing: /home/arthur/ros2_ws/install/realsense2_camera/share/realsense2_camera/environment/library_path.dsv
[49.573s] -- Installing: /home/arthur/ros2_ws/install/realsense2_camera/share/ament_index/resource_index/package_run_dependencies/realsense2_camera
[49.574s] -- Installing: /home/arthur/ros2_ws/install/realsense2_camera/share/ament_index/resource_index/parent_prefix_path/realsense2_camera
[49.574s] -- Installing: /home/arthur/ros2_ws/install/realsense2_camera/share/realsense2_camera/environment/ament_prefix_path.sh
[49.574s] -- Installing: /home/arthur/ros2_ws/install/realsense2_camera/share/realsense2_camera/environment/ament_prefix_path.dsv
[49.574s] -- Installing: /home/arthur/ros2_ws/install/realsense2_camera/share/realsense2_camera/environment/path.sh
[49.574s] -- Installing: /home/arthur/ros2_ws/install/realsense2_camera/share/realsense2_camera/environment/path.dsv
[49.574s] -- Installing: /home/arthur/ros2_ws/install/realsense2_camera/share/realsense2_camera/local_setup.bash
[49.575s] -- Installing: /home/arthur/ros2_ws/install/realsense2_camera/share/realsense2_camera/local_setup.sh
[49.575s] -- Installing: /home/arthur/ros2_ws/install/realsense2_camera/share/realsense2_camera/local_setup.zsh
[49.575s] -- Installing: /home/arthur/ros2_ws/install/realsense2_camera/share/realsense2_camera/local_setup.dsv
[49.575s] -- Installing: /home/arthur/ros2_ws/install/realsense2_camera/share/realsense2_camera/package.dsv
[49.575s] -- Installing: /home/arthur/ros2_ws/install/realsense2_camera/share/ament_index/resource_index/packages/realsense2_camera
[49.575s] -- Installing: /home/arthur/ros2_ws/install/realsense2_camera/share/ament_index/resource_index/rclcpp_components/realsense2_camera
[49.576s] -- Installing: /home/arthur/ros2_ws/install/realsense2_camera/share/realsense2_camera/cmake/ament_cmake_export_include_directories-extras.cmake
[49.576s] -- Installing: /home/arthur/ros2_ws/install/realsense2_camera/share/realsense2_camera/cmake/ament_cmake_export_libraries-extras.cmake
[49.576s] -- Installing: /home/arthur/ros2_ws/install/realsense2_camera/share/realsense2_camera/cmake/ament_cmake_export_dependencies-extras.cmake
[49.576s] -- Installing: /home/arthur/ros2_ws/install/realsense2_camera/share/realsense2_camera/cmake/realsense2_cameraConfig.cmake
[49.576s] -- Installing: /home/arthur/ros2_ws/install/realsense2_camera/share/realsense2_camera/cmake/realsense2_cameraConfig-version.cmake
[49.576s] -- Installing: /home/arthur/ros2_ws/install/realsense2_camera/share/realsense2_camera/package.xml
[49.579s] Invoked command in '/home/arthur/ros2_ws/build/realsense2_camera' returned '0': AMENT_PREFIX_PATH=/home/arthur/ros2_ws/install/realsense2_camera_msgs:${AMENT_PREFIX_PATH} CMAKE_PREFIX_PATH=/home/arthur/ros2_ws/install/realsense2_camera_msgs:/home/arthur/ros2_ws/install/my_robot_bringup:/home/arthur/ros2_ws/install/my_cpp_pkg:/home/arthur/ros2_ws/install/my_robot_interfaces:/home/arthur/ros2_ws/install/my_py_pkg:/opt/ros/humble LD_LIBRARY_PATH=/home/arthur/ros2_ws/install/realsense2_camera_msgs/lib:${LD_LIBRARY_PATH} PYTHONPATH=/home/arthur/ros2_ws/install/realsense2_camera_msgs/local/lib/python3.10/dist-packages:${PYTHONPATH} /usr/bin/cmake --install /home/arthur/ros2_ws/build/realsense2_camera
