[0.072s] Invoking command in '/home/arthur/ros2_ws/build/camera_pkg': CMAKE_PREFIX_PATH=${CMAKE_PREFIX_PATH}:/home/arthur/ros2_ws/install/my_py_pkg:/opt/ros/humble /usr/bin/cmake --build /home/arthur/ros2_ws/build/camera_pkg -- -j4 -l4
[0.118s] [35m[1mConsolidate compiler generated dependencies of target image_processing[0m
[0.143s] [ 50%] [32mBuilding CXX object CMakeFiles/image_processing.dir/src/image_processing.cpp.o[0m
[3.457s] In file included from [01m[K/opt/ros/humble/include/rclcpp/rclcpp/logging.hpp:24[m[K,
[3.457s]                  from [01m[K/opt/ros/humble/include/rclcpp/rclcpp/client.hpp:40[m[K,
[3.457s]                  from [01m[K/opt/ros/humble/include/rclcpp/rclcpp/callback_group.hpp:24[m[K,
[3.458s]                  from [01m[K/opt/ros/humble/include/rclcpp/rclcpp/any_executable.hpp:20[m[K,
[3.458s]                  from [01m[K/opt/ros/humble/include/rclcpp/rclcpp/memory_strategy.hpp:25[m[K,
[3.458s]                  from [01m[K/opt/ros/humble/include/rclcpp/rclcpp/memory_strategies.hpp:18[m[K,
[3.458s]                  from [01m[K/opt/ros/humble/include/rclcpp/rclcpp/executor_options.hpp:20[m[K,
[3.458s]                  from [01m[K/opt/ros/humble/include/rclcpp/rclcpp/executor.hpp:37[m[K,
[3.458s]                  from [01m[K/opt/ros/humble/include/rclcpp/rclcpp/executors/multi_threaded_executor.hpp:25[m[K,
[3.458s]                  from [01m[K/opt/ros/humble/include/rclcpp/rclcpp/executors.hpp:21[m[K,
[3.458s]                  from [01m[K/opt/ros/humble/include/rclcpp/rclcpp/rclcpp.hpp:155[m[K,
[3.458s]                  from [01m[K/home/arthur/ros2_ws/src/camera_pkg/src/image_processing.cpp:1[m[K:
[3.458s] [01m[K/home/arthur/ros2_ws/src/camera_pkg/src/image_processing.cpp:[m[K In member function ‘[01m[Kvoid ImageProcessingNode::camera_image_color_callback(sensor_msgs::msg::Image_<std::allocator<void> >::SharedPtr)[m[K’:
[3.458s] [01m[K/home/arthur/ros2_ws/src/camera_pkg/src/image_processing.cpp:56:56:[m[K [01;31m[Kerror: [m[Kcannot convert ‘[01m[Kstd::__cxx11::basic_string<char>[m[K’ to ‘[01m[Kconst char*[m[K’
[3.458s]    56 |         RCLCPP_INFO(this->get_logger(),[01;31m[K"Header color: "+cv_ptr_color->header.frame_id[m[K);
[3.458s]       |                                        [01;31m[K~~~~~~~~~~~~~~~~^~~~~~~~~~~~~~~~~~~~~~~~~~~~~~[m[K
[3.458s]       |                                                        [01;31m[K|[m[K
[3.458s]       |                                                        [01;31m[Kstd::__cxx11::basic_string<char>[m[K
[3.458s] In file included from [01m[K/opt/ros/humble/include/rmw/rmw/types.h:28[m[K,
[3.459s]                  from [01m[K/opt/ros/humble/include/rcl/rcl/types.h:20[m[K,
[3.459s]                  from [01m[K/opt/ros/humble/include/rcl/rcl/log_level.h:22[m[K,
[3.459s]                  from [01m[K/opt/ros/humble/include/rcl/rcl/arguments.h:21[m[K,
[3.459s]                  from [01m[K/opt/ros/humble/include/rcl/rcl/context.h:28[m[K,
[3.459s]                  from [01m[K/opt/ros/humble/include/rcl/rcl/guard_condition.h:26[m[K,
[3.459s]                  from [01m[K/opt/ros/humble/include/rclcpp/rclcpp/executor.hpp:30[m[K,
[3.459s]                  from [01m[K/opt/ros/humble/include/rclcpp/rclcpp/executors/multi_threaded_executor.hpp:25[m[K,
[3.459s]                  from [01m[K/opt/ros/humble/include/rclcpp/rclcpp/executors.hpp:21[m[K,
[3.459s]                  from [01m[K/opt/ros/humble/include/rclcpp/rclcpp/rclcpp.hpp:155[m[K,
[3.459s]                  from [01m[K/home/arthur/ros2_ws/src/camera_pkg/src/image_processing.cpp:1[m[K:
[3.459s] [01m[K/opt/ros/humble/include/rcutils/rcutils/logging.h:479:16:[m[K [01;36m[Knote: [m[K  initializing argument 4 of ‘[01m[Kvoid rcutils_log(const rcutils_log_location_t*, int, const char*, const char*, ...)[m[K’
[3.459s]   479 |   [01;36m[Kconst char * format[m[K,
[3.459s]       |   [01;36m[K~~~~~~~~~~~~~^~~~~~[m[K
[3.460s] In file included from [01m[K/opt/ros/humble/include/rclcpp/rclcpp/logging.hpp:24[m[K,
[3.460s]                  from [01m[K/opt/ros/humble/include/rclcpp/rclcpp/client.hpp:40[m[K,
[3.460s]                  from [01m[K/opt/ros/humble/include/rclcpp/rclcpp/callback_group.hpp:24[m[K,
[3.460s]                  from [01m[K/opt/ros/humble/include/rclcpp/rclcpp/any_executable.hpp:20[m[K,
[3.460s]                  from [01m[K/opt/ros/humble/include/rclcpp/rclcpp/memory_strategy.hpp:25[m[K,
[3.460s]                  from [01m[K/opt/ros/humble/include/rclcpp/rclcpp/memory_strategies.hpp:18[m[K,
[3.460s]                  from [01m[K/opt/ros/humble/include/rclcpp/rclcpp/executor_options.hpp:20[m[K,
[3.461s]                  from [01m[K/opt/ros/humble/include/rclcpp/rclcpp/executor.hpp:37[m[K,
[3.461s]                  from [01m[K/opt/ros/humble/include/rclcpp/rclcpp/executors/multi_threaded_executor.hpp:25[m[K,
[3.461s]                  from [01m[K/opt/ros/humble/include/rclcpp/rclcpp/executors.hpp:21[m[K,
[3.461s]                  from [01m[K/opt/ros/humble/include/rclcpp/rclcpp/rclcpp.hpp:155[m[K,
[3.461s]                  from [01m[K/home/arthur/ros2_ws/src/camera_pkg/src/image_processing.cpp:1[m[K:
[3.461s] [01m[K/home/arthur/ros2_ws/src/camera_pkg/src/image_processing.cpp:[m[K In member function ‘[01m[Kvoid ImageProcessingNode::camera_image_depht_callback(sensor_msgs::msg::Image_<std::allocator<void> >::SharedPtr)[m[K’:
[3.461s] [01m[K/home/arthur/ros2_ws/src/camera_pkg/src/image_processing.cpp:81:57:[m[K [01;31m[Kerror: [m[Kcannot convert ‘[01m[Kstd::__cxx11::basic_string<char>[m[K’ to ‘[01m[Kconst char*[m[K’
[3.461s]    81 |         RCLCPP_INFO(this->get_logger(),[01;31m[K"Header deapth: "+cv_ptr_depth->header.frame_id[m[K);
[3.461s]       |                                        [01;31m[K~~~~~~~~~~~~~~~~~^~~~~~~~~~~~~~~~~~~~~~~~~~~~~~[m[K
[3.461s]       |                                                         [01;31m[K|[m[K
[3.461s]       |                                                         [01;31m[Kstd::__cxx11::basic_string<char>[m[K
[3.461s] In file included from [01m[K/opt/ros/humble/include/rmw/rmw/types.h:28[m[K,
[3.461s]                  from [01m[K/opt/ros/humble/include/rcl/rcl/types.h:20[m[K,
[3.461s]                  from [01m[K/opt/ros/humble/include/rcl/rcl/log_level.h:22[m[K,
[3.461s]                  from [01m[K/opt/ros/humble/include/rcl/rcl/arguments.h:21[m[K,
[3.461s]                  from [01m[K/opt/ros/humble/include/rcl/rcl/context.h:28[m[K,
[3.462s]                  from [01m[K/opt/ros/humble/include/rcl/rcl/guard_condition.h:26[m[K,
[3.462s]                  from [01m[K/opt/ros/humble/include/rclcpp/rclcpp/executor.hpp:30[m[K,
[3.462s]                  from [01m[K/opt/ros/humble/include/rclcpp/rclcpp/executors/multi_threaded_executor.hpp:25[m[K,
[3.462s]                  from [01m[K/opt/ros/humble/include/rclcpp/rclcpp/executors.hpp:21[m[K,
[3.462s]                  from [01m[K/opt/ros/humble/include/rclcpp/rclcpp/rclcpp.hpp:155[m[K,
[3.462s]                  from [01m[K/home/arthur/ros2_ws/src/camera_pkg/src/image_processing.cpp:1[m[K:
[3.462s] [01m[K/opt/ros/humble/include/rcutils/rcutils/logging.h:479:16:[m[K [01;36m[Knote: [m[K  initializing argument 4 of ‘[01m[Kvoid rcutils_log(const rcutils_log_location_t*, int, const char*, const char*, ...)[m[K’
[3.462s]   479 |   [01;36m[Kconst char * format[m[K,
[3.462s]       |   [01;36m[K~~~~~~~~~~~~~^~~~~~[m[K
[6.389s] gmake[2]: *** [CMakeFiles/image_processing.dir/build.make:76: CMakeFiles/image_processing.dir/src/image_processing.cpp.o] Error 1
[6.389s] gmake[1]: *** [CMakeFiles/Makefile2:137: CMakeFiles/image_processing.dir/all] Error 2
[6.389s] gmake: *** [Makefile:146: all] Error 2
[6.392s] Invoked command in '/home/arthur/ros2_ws/build/camera_pkg' returned '2': CMAKE_PREFIX_PATH=${CMAKE_PREFIX_PATH}:/home/arthur/ros2_ws/install/my_py_pkg:/opt/ros/humble /usr/bin/cmake --build /home/arthur/ros2_ws/build/camera_pkg -- -j4 -l4
