[0.090s] Invoking command in '/home/arthur/ros2_ws/build/control_pkg': CMAKE_PREFIX_PATH=${CMAKE_PREFIX_PATH}:/home/arthur/ros2_ws/install/my_py_pkg:/opt/ros/humble /usr/bin/cmake /home/arthur/ros2_ws/src/control_pkg -DCMAKE_INSTALL_PREFIX=/home/arthur/ros2_ws/install/control_pkg
[0.807s] -- The C compiler identification is GNU 11.4.0
[1.261s] -- The CXX compiler identification is GNU 11.4.0
[1.395s] -- Detecting C compiler ABI info
[1.712s] -- Detecting C compiler ABI info - done
[1.721s] -- Check for working C compiler: /usr/bin/cc - skipped
[1.721s] -- Detecting C compile features
[1.738s] -- Detecting C compile features - done
[1.775s] -- Detecting CXX compiler ABI info
[2.021s] -- Detecting CXX compiler ABI info - done
[2.029s] -- Check for working CXX compiler: /usr/bin/c++ - skipped
[2.030s] -- Detecting CXX compile features
[2.030s] -- Detecting CXX compile features - done
[2.104s] -- Found ament_cmake: 1.3.5 (/opt/ros/humble/share/ament_cmake/cmake)
[2.477s] -- Found Python3: /usr/bin/python3.10 (found version "3.10.12") found components: Interpreter 
[2.807s] -- Found rclcpp: 16.0.6 (/opt/ros/humble/share/rclcpp/cmake)
[3.173s] -- Found rosidl_generator_c: 3.1.5 (/opt/ros/humble/share/rosidl_generator_c/cmake)
[3.213s] -- Found rosidl_adapter: 3.1.5 (/opt/ros/humble/share/rosidl_adapter/cmake)
[3.239s] -- Found rosidl_generator_cpp: 3.1.5 (/opt/ros/humble/share/rosidl_generator_cpp/cmake)
[3.281s] -- Using all available rosidl_typesupport_c: rosidl_typesupport_fastrtps_c;rosidl_typesupport_introspection_c
[3.400s] -- Using all available rosidl_typesupport_cpp: rosidl_typesupport_fastrtps_cpp;rosidl_typesupport_introspection_cpp
[3.679s] -- Found rmw_implementation_cmake: 6.1.1 (/opt/ros/humble/share/rmw_implementation_cmake/cmake)
[3.712s] -- Found rmw_fastrtps_cpp: 6.2.4 (/opt/ros/humble/share/rmw_fastrtps_cpp/cmake)
[4.246s] -- Found OpenSSL: /usr/lib/x86_64-linux-gnu/libcrypto.so (found version "3.0.2")  
[4.337s] -- Found FastRTPS: /opt/ros/humble/include  
[4.423s] -- Using RMW implementation 'rmw_fastrtps_cpp' as default
[4.519s] -- Looking for pthread.h
[4.742s] -- Looking for pthread.h - found
[4.743s] -- Performing Test CMAKE_HAVE_LIBC_PTHREAD
[4.934s] -- Performing Test CMAKE_HAVE_LIBC_PTHREAD - Success
[4.936s] -- Found Threads: TRUE  
[5.287s] [31mCMake Error at CMakeLists.txt:11 (find_package):
[5.287s]   By not providing "Findstd_msg.cmake" in CMAKE_MODULE_PATH this project has
[5.287s]   asked CMake to find a package configuration file provided by "std_msg", but
[5.287s]   CMake did not find one.
[5.287s] 
[5.287s]   Could not find a package configuration file provided by "std_msg" with any
[5.287s]   of the following names:
[5.287s] 
[5.288s]     std_msgConfig.cmake
[5.288s]     std_msg-config.cmake
[5.288s] 
[5.288s]   Add the installation prefix of "std_msg" to CMAKE_PREFIX_PATH or set
[5.288s]   "std_msg_DIR" to a directory containing one of the above files.  If
[5.288s]   "std_msg" provides a separate development package or SDK, be sure it has
[5.288s]   been installed.
[5.288s] 
[5.288s] [0m
[5.288s] -- Configuring incomplete, errors occurred!
[5.288s] See also "/home/arthur/ros2_ws/build/control_pkg/CMakeFiles/CMakeOutput.log".
[5.295s] Invoked command in '/home/arthur/ros2_ws/build/control_pkg' returned '1': CMAKE_PREFIX_PATH=${CMAKE_PREFIX_PATH}:/home/arthur/ros2_ws/install/my_py_pkg:/opt/ros/humble /usr/bin/cmake /home/arthur/ros2_ws/src/control_pkg -DCMAKE_INSTALL_PREFIX=/home/arthur/ros2_ws/install/control_pkg
