[35m[1mConsolidate compiler generated dependencies of target holder_ball_robot[0m
[ 50%] [32mBuilding CXX object CMakeFiles/holder_ball_robot.dir/src/holder_ball_robot.cpp.o[0m
[100%] [32m[1mLinking CXX executable holder_ball_robot[0m
[100%] Built target holder_ball_robot
-- Install configuration: ""
-- Installing: /home/arthur/ros2_ws/install/communication_pkg/lib/communication_pkg/holder_ball_robot
-- Set runtime path of "/home/arthur/ros2_ws/install/communication_pkg/lib/communication_pkg/holder_ball_robot" to ""
-- Up-to-date: /home/arthur/ros2_ws/install/communication_pkg/share/ament_index/resource_index/package_run_dependencies/communication_pkg
-- Up-to-date: /home/arthur/ros2_ws/install/communication_pkg/share/ament_index/resource_index/parent_prefix_path/communication_pkg
-- Up-to-date: /home/arthur/ros2_ws/install/communication_pkg/share/communication_pkg/environment/ament_prefix_path.sh
-- Up-to-date: /home/arthur/ros2_ws/install/communication_pkg/share/communication_pkg/environment/ament_prefix_path.dsv
-- Up-to-date: /home/arthur/ros2_ws/install/communication_pkg/share/communication_pkg/environment/path.sh
-- Up-to-date: /home/arthur/ros2_ws/install/communication_pkg/share/communication_pkg/environment/path.dsv
-- Up-to-date: /home/arthur/ros2_ws/install/communication_pkg/share/communication_pkg/local_setup.bash
-- Up-to-date: /home/arthur/ros2_ws/install/communication_pkg/share/communication_pkg/local_setup.sh
-- Up-to-date: /home/arthur/ros2_ws/install/communication_pkg/share/communication_pkg/local_setup.zsh
-- Up-to-date: /home/arthur/ros2_ws/install/communication_pkg/share/communication_pkg/local_setup.dsv
-- Installing: /home/arthur/ros2_ws/install/communication_pkg/share/communication_pkg/package.dsv
-- Up-to-date: /home/arthur/ros2_ws/install/communication_pkg/share/ament_index/resource_index/packages/communication_pkg
-- Up-to-date: /home/arthur/ros2_ws/install/communication_pkg/share/communication_pkg/cmake/communication_pkgConfig.cmake
-- Up-to-date: /home/arthur/ros2_ws/install/communication_pkg/share/communication_pkg/cmake/communication_pkgConfig-version.cmake
-- Up-to-date: /home/arthur/ros2_ws/install/communication_pkg/share/communication_pkg/package.xml
