[0.068s] Invoking command in '/home/arthur/ros2_ws/build/communication_pkg': CMAKE_PREFIX_PATH=${CMAKE_PREFIX_PATH}:/home/arthur/ros2_ws/install/my_py_pkg:/opt/ros/humble /usr/bin/cmake --build /home/arthur/ros2_ws/build/communication_pkg -- -j4 -l4
[0.110s] [35m[1mConsolidate compiler generated dependencies of target holder_ball_robot[0m
[0.130s] [ 50%] [32mBuilding CXX object CMakeFiles/holder_ball_robot.dir/src/holder_ball_robot.cpp.o[0m
[8.442s] [100%] [32m[1mLinking CXX executable holder_ball_robot[0m
[8.828s] [100%] Built target holder_ball_robot
[8.840s] Invoked command in '/home/arthur/ros2_ws/build/communication_pkg' returned '0': CMAKE_PREFIX_PATH=${CMAKE_PREFIX_PATH}:/home/arthur/ros2_ws/install/my_py_pkg:/opt/ros/humble /usr/bin/cmake --build /home/arthur/ros2_ws/build/communication_pkg -- -j4 -l4
[8.880s] Invoking command in '/home/arthur/ros2_ws/build/communication_pkg': CMAKE_PREFIX_PATH=${CMAKE_PREFIX_PATH}:/home/arthur/ros2_ws/install/my_py_pkg:/opt/ros/humble /usr/bin/cmake --install /home/arthur/ros2_ws/build/communication_pkg
[8.888s] -- Install configuration: ""
[8.888s] -- Installing: /home/arthur/ros2_ws/install/communication_pkg/lib/communication_pkg/holder_ball_robot
[8.893s] -- Set runtime path of "/home/arthur/ros2_ws/install/communication_pkg/lib/communication_pkg/holder_ball_robot" to ""
[8.893s] -- Up-to-date: /home/arthur/ros2_ws/install/communication_pkg/share/ament_index/resource_index/package_run_dependencies/communication_pkg
[8.894s] -- Up-to-date: /home/arthur/ros2_ws/install/communication_pkg/share/ament_index/resource_index/parent_prefix_path/communication_pkg
[8.894s] -- Up-to-date: /home/arthur/ros2_ws/install/communication_pkg/share/communication_pkg/environment/ament_prefix_path.sh
[8.894s] -- Up-to-date: /home/arthur/ros2_ws/install/communication_pkg/share/communication_pkg/environment/ament_prefix_path.dsv
[8.894s] -- Up-to-date: /home/arthur/ros2_ws/install/communication_pkg/share/communication_pkg/environment/path.sh
[8.894s] -- Up-to-date: /home/arthur/ros2_ws/install/communication_pkg/share/communication_pkg/environment/path.dsv
[8.894s] -- Up-to-date: /home/arthur/ros2_ws/install/communication_pkg/share/communication_pkg/local_setup.bash
[8.894s] -- Up-to-date: /home/arthur/ros2_ws/install/communication_pkg/share/communication_pkg/local_setup.sh
[8.894s] -- Up-to-date: /home/arthur/ros2_ws/install/communication_pkg/share/communication_pkg/local_setup.zsh
[8.894s] -- Up-to-date: /home/arthur/ros2_ws/install/communication_pkg/share/communication_pkg/local_setup.dsv
[8.894s] -- Installing: /home/arthur/ros2_ws/install/communication_pkg/share/communication_pkg/package.dsv
[8.894s] -- Up-to-date: /home/arthur/ros2_ws/install/communication_pkg/share/ament_index/resource_index/packages/communication_pkg
[8.894s] -- Up-to-date: /home/arthur/ros2_ws/install/communication_pkg/share/communication_pkg/cmake/communication_pkgConfig.cmake
[8.894s] -- Up-to-date: /home/arthur/ros2_ws/install/communication_pkg/share/communication_pkg/cmake/communication_pkgConfig-version.cmake
[8.894s] -- Up-to-date: /home/arthur/ros2_ws/install/communication_pkg/share/communication_pkg/package.xml
[8.896s] Invoked command in '/home/arthur/ros2_ws/build/communication_pkg' returned '0': CMAKE_PREFIX_PATH=${CMAKE_PREFIX_PATH}:/home/arthur/ros2_ws/install/my_py_pkg:/opt/ros/humble /usr/bin/cmake --install /home/arthur/ros2_ws/build/communication_pkg
