In file included from [01m[K/opt/ros/humble/include/rclcpp/rclcpp/logging.hpp:24[m[K,
                 from [01m[K/opt/ros/humble/include/rclcpp/rclcpp/client.hpp:40[m[K,
                 from [01m[K/opt/ros/humble/include/rclcpp/rclcpp/callback_group.hpp:24[m[K,
                 from [01m[K/opt/ros/humble/include/rclcpp/rclcpp/any_executable.hpp:20[m[K,
                 from [01m[K/opt/ros/humble/include/rclcpp/rclcpp/memory_strategy.hpp:25[m[K,
                 from [01m[K/opt/ros/humble/include/rclcpp/rclcpp/memory_strategies.hpp:18[m[K,
                 from [01m[K/opt/ros/humble/include/rclcpp/rclcpp/executor_options.hpp:20[m[K,
                 from [01m[K/opt/ros/humble/include/rclcpp/rclcpp/executor.hpp:37[m[K,
                 from [01m[K/opt/ros/humble/include/rclcpp/rclcpp/executors/multi_threaded_executor.hpp:25[m[K,
                 from [01m[K/opt/ros/humble/include/rclcpp/rclcpp/executors.hpp:21[m[K,
                 from [01m[K/opt/ros/humble/include/rclcpp/rclcpp/rclcpp.hpp:155[m[K,
                 from [01m[K/home/arthur/ros2_ws/src/camera_pkg/src/image_processing.cpp:1[m[K:
[01m[K/home/arthur/ros2_ws/src/camera_pkg/src/image_processing.cpp:[m[K In member function ‘[01m[Kvoid ImageProcessingNode::camera_image_callback(sensor_msgs::msg::Image_<std::allocator<void> >::SharedPtr)[m[K’:
[01m[K/home/arthur/ros2_ws/src/camera_pkg/src/image_processing.cpp:33:38:[m[K [01;35m[Kwarning: [m[Kformat ‘[01m[K%f[m[K’ expects argument of type ‘[01m[Kdouble[m[K’, but argument 5 has type ‘[01m[Kint[m[K’ [[01;35m[K]8;;https://gcc.gnu.org/onlinedocs/gcc/Warning-Options.html#index-Wformat=-Wformat=]8;;[m[K]
   33 |       RCLCPP_INFO(this->get_logger(),[01;35m[K"Value: %f"[m[K,[32m[KDest->image.at<ushort>(msg->width/2,msg->height/2)[m[K);
      |                                      [01;35m[K^~~~~~~~~~~[m[K [32m[K~~~~~~~~~~~~~~~~~~~~~~~~~~~~~~~~~~~~~~~~~~~~~~~~~~[m[K
      |                                                                        [32m[K|[m[K
      |                                                                        [32m[Kint[m[K
[01m[K/home/arthur/ros2_ws/src/camera_pkg/src/image_processing.cpp:33:47:[m[K [01;36m[Knote: [m[Kformat string is defined here
   33 |       RCLCPP_INFO(this->get_logger(),"Value: [01;36m[K%f[m[K",Dest->image.at<ushort>(msg->width/2,msg->height/2));
      |                                              [01;36m[K~^[m[K
      |                                               [01;36m[K|[m[K
      |                                               [01;36m[Kdouble[m[K
      |                                              [32m[K%d[m[K
