[1.197s] Invoking command in '/home/arthur/ros2_ws/src/my_py_pkg': CMAKE_PREFIX_PATH=/home/arthur/ros2_ws/install/my_robot_interfaces:/home/arthur/ros2_ws/install/realsense2_description:/home/arthur/ros2_ws/install/my_robot_bringup:/home/arthur/ros2_ws/install/realsense2_camera:/home/arthur/ros2_ws/install/realsense2_camera_msgs:/home/arthur/ros2_ws/install/my_cpp_pkg LD_LIBRARY_PATH=/home/arthur/ros2_ws/install/my_robot_interfaces/lib:/home/arthur/ros2_ws/install/realsense2_camera/lib:/home/arthur/ros2_ws/install/realsense2_camera_msgs/lib:/opt/ros/humble/opt/rviz_ogre_vendor/lib:/opt/ros/humble/lib/x86_64-linux-gnu:/opt/ros/humble/lib PYTHONPATH=/home/arthur/ros2_ws/build/my_py_pkg/prefix_override:/home/arthur/ros2_ws/install/my_py_pkg/lib/python3.10/site-packages:${PYTHONPATH} /usr/bin/python3 setup.py egg_info --egg-base ../../build/my_py_pkg build --build-base /home/arthur/ros2_ws/build/my_py_pkg/build install --record /home/arthur/ros2_ws/build/my_py_pkg/install.log --single-version-externally-managed
[1.455s] running egg_info
[1.456s] writing ../../build/my_py_pkg/my_py_pkg.egg-info/PKG-INFO
[1.456s] writing dependency_links to ../../build/my_py_pkg/my_py_pkg.egg-info/dependency_links.txt
[1.457s] writing entry points to ../../build/my_py_pkg/my_py_pkg.egg-info/entry_points.txt
[1.457s] writing requirements to ../../build/my_py_pkg/my_py_pkg.egg-info/requires.txt
[1.457s] writing top-level names to ../../build/my_py_pkg/my_py_pkg.egg-info/top_level.txt
[1.459s] reading manifest file '../../build/my_py_pkg/my_py_pkg.egg-info/SOURCES.txt'
[1.466s] writing manifest file '../../build/my_py_pkg/my_py_pkg.egg-info/SOURCES.txt'
[1.466s] running build
[1.466s] running build_py
[1.480s] copying my_py_pkg/number_publisher.py -> /home/arthur/ros2_ws/build/my_py_pkg/build/lib/my_py_pkg
[1.481s] running install
[1.482s] running install_lib
[1.483s] copying /home/arthur/ros2_ws/build/my_py_pkg/build/lib/my_py_pkg/number_publisher.py -> /home/arthur/ros2_ws/install/my_py_pkg/lib/python3.10/site-packages/my_py_pkg
[1.484s] byte-compiling /home/arthur/ros2_ws/install/my_py_pkg/lib/python3.10/site-packages/my_py_pkg/number_publisher.py to number_publisher.cpython-310.pyc
[1.484s] running install_data
[1.485s] running install_egg_info
[1.487s] removing '/home/arthur/ros2_ws/install/my_py_pkg/lib/python3.10/site-packages/my_py_pkg-0.0.0-py3.10.egg-info' (and everything under it)
[1.487s] Copying ../../build/my_py_pkg/my_py_pkg.egg-info to /home/arthur/ros2_ws/install/my_py_pkg/lib/python3.10/site-packages/my_py_pkg-0.0.0-py3.10.egg-info
[1.499s] running install_scripts
[1.539s] Installing add_two_ints_client script to /home/arthur/ros2_ws/install/my_py_pkg/lib/my_py_pkg
[1.539s] Installing add_two_ints_client_no_oop script to /home/arthur/ros2_ws/install/my_py_pkg/lib/my_py_pkg
[1.539s] Installing add_two_ints_server script to /home/arthur/ros2_ws/install/my_py_pkg/lib/my_py_pkg
[1.540s] Installing hw_status_publisher script to /home/arthur/ros2_ws/install/my_py_pkg/lib/my_py_pkg
[1.540s] Installing number_publisher script to /home/arthur/ros2_ws/install/my_py_pkg/lib/my_py_pkg
[1.540s] Installing py_node script to /home/arthur/ros2_ws/install/my_py_pkg/lib/my_py_pkg
[1.540s] Installing robot_news_station script to /home/arthur/ros2_ws/install/my_py_pkg/lib/my_py_pkg
[1.540s] Installing smartphone script to /home/arthur/ros2_ws/install/my_py_pkg/lib/my_py_pkg
[1.540s] writing list of installed files to '/home/arthur/ros2_ws/build/my_py_pkg/install.log'
[1.568s] Invoked command in '/home/arthur/ros2_ws/src/my_py_pkg' returned '0': CMAKE_PREFIX_PATH=/home/arthur/ros2_ws/install/my_robot_interfaces:/home/arthur/ros2_ws/install/realsense2_description:/home/arthur/ros2_ws/install/my_robot_bringup:/home/arthur/ros2_ws/install/realsense2_camera:/home/arthur/ros2_ws/install/realsense2_camera_msgs:/home/arthur/ros2_ws/install/my_cpp_pkg LD_LIBRARY_PATH=/home/arthur/ros2_ws/install/my_robot_interfaces/lib:/home/arthur/ros2_ws/install/realsense2_camera/lib:/home/arthur/ros2_ws/install/realsense2_camera_msgs/lib:/opt/ros/humble/opt/rviz_ogre_vendor/lib:/opt/ros/humble/lib/x86_64-linux-gnu:/opt/ros/humble/lib PYTHONPATH=/home/arthur/ros2_ws/build/my_py_pkg/prefix_override:/home/arthur/ros2_ws/install/my_py_pkg/lib/python3.10/site-packages:${PYTHONPATH} /usr/bin/python3 setup.py egg_info --egg-base ../../build/my_py_pkg build --build-base /home/arthur/ros2_ws/build/my_py_pkg/build install --record /home/arthur/ros2_ws/build/my_py_pkg/install.log --single-version-externally-managed
