[0.748s] Invoking command in '/home/arthur/ros2_ws/build/my_py_pkg': PYTHONPATH=/home/arthur/ros2_ws/build/my_py_pkg/prefix_override:/home/arthur/ros2_ws/install/my_py_pkg/lib/python3.10/site-packages:${PYTHONPATH} /usr/bin/python3 setup.py develop --editable --build-directory /home/arthur/ros2_ws/build/my_py_pkg/build --no-deps install_data
[1.011s] running develop
[1.169s] running egg_info
[1.169s] writing my_py_pkg.egg-info/PKG-INFO
[1.169s] writing dependency_links to my_py_pkg.egg-info/dependency_links.txt
[1.170s] writing entry points to my_py_pkg.egg-info/entry_points.txt
[1.170s] writing requirements to my_py_pkg.egg-info/requires.txt
[1.170s] writing top-level names to my_py_pkg.egg-info/top_level.txt
[1.172s] reading manifest file 'my_py_pkg.egg-info/SOURCES.txt'
[1.173s] writing manifest file 'my_py_pkg.egg-info/SOURCES.txt'
[1.174s] running build_ext
[1.174s] Creating /home/arthur/ros2_ws/install/my_py_pkg/lib/python3.10/site-packages/my-py-pkg.egg-link (link to .)
[1.175s] Installing add_two_ints_client_no_oop script to /home/arthur/ros2_ws/install/my_py_pkg/lib/my_py_pkg
[1.175s] Installing add_two_ints_server script to /home/arthur/ros2_ws/install/my_py_pkg/lib/my_py_pkg
[1.176s] Installing number_publisher script to /home/arthur/ros2_ws/install/my_py_pkg/lib/my_py_pkg
[1.176s] Installing py_node script to /home/arthur/ros2_ws/install/my_py_pkg/lib/my_py_pkg
[1.176s] Installing robot_news_station script to /home/arthur/ros2_ws/install/my_py_pkg/lib/my_py_pkg
[1.176s] Installing smartphone script to /home/arthur/ros2_ws/install/my_py_pkg/lib/my_py_pkg
[1.176s] 
[1.177s] Installed /home/arthur/ros2_ws/build/my_py_pkg
[1.177s] running install_data
[1.204s] Invoked command in '/home/arthur/ros2_ws/build/my_py_pkg' returned '0': PYTHONPATH=/home/arthur/ros2_ws/build/my_py_pkg/prefix_override:/home/arthur/ros2_ws/install/my_py_pkg/lib/python3.10/site-packages:${PYTHONPATH} /usr/bin/python3 setup.py develop --editable --build-directory /home/arthur/ros2_ws/build/my_py_pkg/build --no-deps install_data
