[0.069s] Invoking command in '/home/arthur/ros2_ws/build/realsense2_description': AMENT_PREFIX_PATH=/home/arthur/ros2_ws/install/realsense2_camera_msgs:${AMENT_PREFIX_PATH} CMAKE_PREFIX_PATH=/home/arthur/ros2_ws/install/realsense2_camera_msgs:/home/arthur/ros2_ws/install/my_robot_bringup:/home/arthur/ros2_ws/install/my_cpp_pkg:/home/arthur/ros2_ws/install/my_robot_interfaces:/home/arthur/ros2_ws/install/my_py_pkg:/opt/ros/humble LD_LIBRARY_PATH=/home/arthur/ros2_ws/install/realsense2_camera_msgs/lib:${LD_LIBRARY_PATH} PYTHONPATH=/home/arthur/ros2_ws/install/realsense2_camera_msgs/local/lib/python3.10/dist-packages:${PYTHONPATH} /usr/bin/cmake /home/arthur/ros2_ws/src/realsense-ros/realsense2_description -DCMAKE_INSTALL_PREFIX=/home/arthur/ros2_ws/install/realsense2_description
[0.128s] -- The C compiler identification is GNU 11.4.0
[0.191s] -- The CXX compiler identification is GNU 11.4.0
[0.199s] -- Detecting C compiler ABI info
[0.295s] -- Detecting C compiler ABI info - done
[0.303s] -- Check for working C compiler: /usr/bin/cc - skipped
[0.304s] -- Detecting C compile features
[0.304s] -- Detecting C compile features - done
[0.308s] -- Detecting CXX compiler ABI info
[0.398s] -- Detecting CXX compiler ABI info - done
[0.407s] -- Check for working CXX compiler: /usr/bin/c++ - skipped
[0.407s] -- Detecting CXX compile features
[0.408s] -- Detecting CXX compile features - done
[0.411s] -- Found ament_cmake: 1.3.5 (/opt/ros/humble/share/ament_cmake/cmake)
[0.605s] -- Found Python3: /usr/bin/python3.10 (found version "3.10.12") found components: Interpreter 
[0.777s] -- Configuring done
[0.780s] -- Generating done
[0.781s] -- Build files have been written to: /home/arthur/ros2_ws/build/realsense2_description
[0.786s] Invoked command in '/home/arthur/ros2_ws/build/realsense2_description' returned '0': AMENT_PREFIX_PATH=/home/arthur/ros2_ws/install/realsense2_camera_msgs:${AMENT_PREFIX_PATH} CMAKE_PREFIX_PATH=/home/arthur/ros2_ws/install/realsense2_camera_msgs:/home/arthur/ros2_ws/install/my_robot_bringup:/home/arthur/ros2_ws/install/my_cpp_pkg:/home/arthur/ros2_ws/install/my_robot_interfaces:/home/arthur/ros2_ws/install/my_py_pkg:/opt/ros/humble LD_LIBRARY_PATH=/home/arthur/ros2_ws/install/realsense2_camera_msgs/lib:${LD_LIBRARY_PATH} PYTHONPATH=/home/arthur/ros2_ws/install/realsense2_camera_msgs/local/lib/python3.10/dist-packages:${PYTHONPATH} /usr/bin/cmake /home/arthur/ros2_ws/src/realsense-ros/realsense2_description -DCMAKE_INSTALL_PREFIX=/home/arthur/ros2_ws/install/realsense2_description
[0.787s] Invoking command in '/home/arthur/ros2_ws/build/realsense2_description': AMENT_PREFIX_PATH=/home/arthur/ros2_ws/install/realsense2_camera_msgs:${AMENT_PREFIX_PATH} CMAKE_PREFIX_PATH=/home/arthur/ros2_ws/install/realsense2_camera_msgs:/home/arthur/ros2_ws/install/my_robot_bringup:/home/arthur/ros2_ws/install/my_cpp_pkg:/home/arthur/ros2_ws/install/my_robot_interfaces:/home/arthur/ros2_ws/install/my_py_pkg:/opt/ros/humble LD_LIBRARY_PATH=/home/arthur/ros2_ws/install/realsense2_camera_msgs/lib:${LD_LIBRARY_PATH} PYTHONPATH=/home/arthur/ros2_ws/install/realsense2_camera_msgs/local/lib/python3.10/dist-packages:${PYTHONPATH} /usr/bin/cmake --build /home/arthur/ros2_ws/build/realsense2_description -- -j4 -l4
[0.830s] Invoked command in '/home/arthur/ros2_ws/build/realsense2_description' returned '0': AMENT_PREFIX_PATH=/home/arthur/ros2_ws/install/realsense2_camera_msgs:${AMENT_PREFIX_PATH} CMAKE_PREFIX_PATH=/home/arthur/ros2_ws/install/realsense2_camera_msgs:/home/arthur/ros2_ws/install/my_robot_bringup:/home/arthur/ros2_ws/install/my_cpp_pkg:/home/arthur/ros2_ws/install/my_robot_interfaces:/home/arthur/ros2_ws/install/my_py_pkg:/opt/ros/humble LD_LIBRARY_PATH=/home/arthur/ros2_ws/install/realsense2_camera_msgs/lib:${LD_LIBRARY_PATH} PYTHONPATH=/home/arthur/ros2_ws/install/realsense2_camera_msgs/local/lib/python3.10/dist-packages:${PYTHONPATH} /usr/bin/cmake --build /home/arthur/ros2_ws/build/realsense2_description -- -j4 -l4
[0.857s] Invoking command in '/home/arthur/ros2_ws/build/realsense2_description': AMENT_PREFIX_PATH=/home/arthur/ros2_ws/install/realsense2_camera_msgs:${AMENT_PREFIX_PATH} CMAKE_PREFIX_PATH=/home/arthur/ros2_ws/install/realsense2_camera_msgs:/home/arthur/ros2_ws/install/my_robot_bringup:/home/arthur/ros2_ws/install/my_cpp_pkg:/home/arthur/ros2_ws/install/my_robot_interfaces:/home/arthur/ros2_ws/install/my_py_pkg:/opt/ros/humble LD_LIBRARY_PATH=/home/arthur/ros2_ws/install/realsense2_camera_msgs/lib:${LD_LIBRARY_PATH} PYTHONPATH=/home/arthur/ros2_ws/install/realsense2_camera_msgs/local/lib/python3.10/dist-packages:${PYTHONPATH} /usr/bin/cmake --install /home/arthur/ros2_ws/build/realsense2_description
[0.866s] -- Install configuration: ""
[0.866s] -- Installing: /home/arthur/ros2_ws/install/realsense2_description/share/realsense2_description/launch
[0.866s] -- Installing: /home/arthur/ros2_ws/install/realsense2_description/share/realsense2_description/launch/view_model.launch.py
[0.866s] -- Installing: /home/arthur/ros2_ws/install/realsense2_description/share/realsense2_description/launch/launch_utils.py
[0.866s] -- Installing: /home/arthur/ros2_ws/install/realsense2_description/share/realsense2_description/meshes
[0.866s] -- Installing: /home/arthur/ros2_ws/install/realsense2_description/share/realsense2_description/meshes/d415.stl
[0.892s] -- Installing: /home/arthur/ros2_ws/install/realsense2_description/share/realsense2_description/meshes/d435.dae
[0.910s] -- Installing: /home/arthur/ros2_ws/install/realsense2_description/share/realsense2_description/meshes/plug.stl
[0.910s] -- Installing: /home/arthur/ros2_ws/install/realsense2_description/share/realsense2_description/meshes/l515.dae
[0.949s] -- Installing: /home/arthur/ros2_ws/install/realsense2_description/share/realsense2_description/meshes/plug_collision.stl
[0.949s] -- Installing: /home/arthur/ros2_ws/install/realsense2_description/share/realsense2_description/meshes/d455.stl
[0.952s] -- Installing: /home/arthur/ros2_ws/install/realsense2_description/share/realsense2_description/rviz
[0.952s] -- Installing: /home/arthur/ros2_ws/install/realsense2_description/share/realsense2_description/rviz/urdf.rviz
[0.953s] -- Installing: /home/arthur/ros2_ws/install/realsense2_description/share/realsense2_description/urdf
[0.953s] -- Installing: /home/arthur/ros2_ws/install/realsense2_description/share/realsense2_description/urdf/test_r430_camera.urdf.xacro
[0.953s] -- Installing: /home/arthur/ros2_ws/install/realsense2_description/share/realsense2_description/urdf/_d415.urdf.xacro
[0.953s] -- Installing: /home/arthur/ros2_ws/install/realsense2_description/share/realsense2_description/urdf/_d435.urdf.xacro
[0.953s] -- Installing: /home/arthur/ros2_ws/install/realsense2_description/share/realsense2_description/urdf/_r430.urdf.xacro
[0.953s] -- Installing: /home/arthur/ros2_ws/install/realsense2_description/share/realsense2_description/urdf/test_d435_multiple_cameras.urdf.xacro
[0.954s] -- Installing: /home/arthur/ros2_ws/install/realsense2_description/share/realsense2_description/urdf/test_d455_camera.urdf.xacro
[0.954s] -- Installing: /home/arthur/ros2_ws/install/realsense2_description/share/realsense2_description/urdf/test_d435i_camera.urdf.xacro
[0.954s] -- Installing: /home/arthur/ros2_ws/install/realsense2_description/share/realsense2_description/urdf/_d455.urdf.xacro
[0.954s] -- Installing: /home/arthur/ros2_ws/install/realsense2_description/share/realsense2_description/urdf/test_d415_camera.urdf.xacro
[0.954s] -- Installing: /home/arthur/ros2_ws/install/realsense2_description/share/realsense2_description/urdf/test_d435_camera.urdf.xacro
[0.954s] -- Installing: /home/arthur/ros2_ws/install/realsense2_description/share/realsense2_description/urdf/_usb_plug.urdf.xacro
[0.954s] -- Installing: /home/arthur/ros2_ws/install/realsense2_description/share/realsense2_description/urdf/_d435i_imu_modules.urdf.xacro
[0.954s] -- Installing: /home/arthur/ros2_ws/install/realsense2_description/share/realsense2_description/urdf/_r410.urdf.xacro
[0.954s] -- Installing: /home/arthur/ros2_ws/install/realsense2_description/share/realsense2_description/urdf/_d435i.urdf.xacro
[0.954s] -- Installing: /home/arthur/ros2_ws/install/realsense2_description/share/realsense2_description/urdf/_materials.urdf.xacro
[0.955s] -- Installing: /home/arthur/ros2_ws/install/realsense2_description/share/realsense2_description/urdf/test_r410_camera.urdf.xacro
[0.955s] -- Installing: /home/arthur/ros2_ws/install/realsense2_description/share/ament_index/resource_index/package_run_dependencies/realsense2_description
[0.955s] -- Installing: /home/arthur/ros2_ws/install/realsense2_description/share/ament_index/resource_index/parent_prefix_path/realsense2_description
[0.955s] -- Installing: /home/arthur/ros2_ws/install/realsense2_description/share/realsense2_description/environment/ament_prefix_path.sh
[0.956s] -- Installing: /home/arthur/ros2_ws/install/realsense2_description/share/realsense2_description/environment/ament_prefix_path.dsv
[0.956s] -- Installing: /home/arthur/ros2_ws/install/realsense2_description/share/realsense2_description/environment/path.sh
[0.956s] -- Installing: /home/arthur/ros2_ws/install/realsense2_description/share/realsense2_description/environment/path.dsv
[0.956s] -- Installing: /home/arthur/ros2_ws/install/realsense2_description/share/realsense2_description/local_setup.bash
[0.956s] -- Installing: /home/arthur/ros2_ws/install/realsense2_description/share/realsense2_description/local_setup.sh
[0.956s] -- Installing: /home/arthur/ros2_ws/install/realsense2_description/share/realsense2_description/local_setup.zsh
[0.957s] -- Installing: /home/arthur/ros2_ws/install/realsense2_description/share/realsense2_description/local_setup.dsv
[0.957s] -- Installing: /home/arthur/ros2_ws/install/realsense2_description/share/realsense2_description/package.dsv
[0.957s] -- Installing: /home/arthur/ros2_ws/install/realsense2_description/share/ament_index/resource_index/packages/realsense2_description
[0.957s] -- Installing: /home/arthur/ros2_ws/install/realsense2_description/share/realsense2_description/cmake/realsense2_descriptionConfig.cmake
[0.957s] -- Installing: /home/arthur/ros2_ws/install/realsense2_description/share/realsense2_description/cmake/realsense2_descriptionConfig-version.cmake
[0.958s] -- Installing: /home/arthur/ros2_ws/install/realsense2_description/share/realsense2_description/package.xml
[0.960s] Invoked command in '/home/arthur/ros2_ws/build/realsense2_description' returned '0': AMENT_PREFIX_PATH=/home/arthur/ros2_ws/install/realsense2_camera_msgs:${AMENT_PREFIX_PATH} CMAKE_PREFIX_PATH=/home/arthur/ros2_ws/install/realsense2_camera_msgs:/home/arthur/ros2_ws/install/my_robot_bringup:/home/arthur/ros2_ws/install/my_cpp_pkg:/home/arthur/ros2_ws/install/my_robot_interfaces:/home/arthur/ros2_ws/install/my_py_pkg:/opt/ros/humble LD_LIBRARY_PATH=/home/arthur/ros2_ws/install/realsense2_camera_msgs/lib:${LD_LIBRARY_PATH} PYTHONPATH=/home/arthur/ros2_ws/install/realsense2_camera_msgs/local/lib/python3.10/dist-packages:${PYTHONPATH} /usr/bin/cmake --install /home/arthur/ros2_ws/build/realsense2_description
