-- Found ament_cmake: 1.3.5 (/opt/ros/humble/share/ament_cmake/cmake)
-- Found rclcpp: 16.0.6 (/opt/ros/humble/share/rclcpp/cmake)
-- Found rosidl_generator_c: 3.1.5 (/opt/ros/humble/share/rosidl_generator_c/cmake)
-- Found rosidl_adapter: 3.1.5 (/opt/ros/humble/share/rosidl_adapter/cmake)
-- Found rosidl_generator_cpp: 3.1.5 (/opt/ros/humble/share/rosidl_generator_cpp/cmake)
-- Using all available rosidl_typesupport_c: rosidl_typesupport_fastrtps_c;rosidl_typesupport_introspection_c
-- Using all available rosidl_typesupport_cpp: rosidl_typesupport_fastrtps_cpp;rosidl_typesupport_introspection_cpp
-- Found rmw_implementation_cmake: 6.1.1 (/opt/ros/humble/share/rmw_implementation_cmake/cmake)
-- Found rmw_fastrtps_cpp: 6.2.4 (/opt/ros/humble/share/rmw_fastrtps_cpp/cmake)
-- Using RMW implementation 'rmw_fastrtps_cpp' as default
-- Configuring done
-- Generating done
-- Build files have been written to: /home/arthur/ros2_ws/build/control_pkg
[ 50%] [32mBuilding CXX object CMakeFiles/control.dir/src/control.cpp.o[0m
[100%] [32m[1mLinking CXX executable control[0m
[100%] Built target control
-- Install configuration: ""
-- Installing: /home/arthur/ros2_ws/install/control_pkg/lib/control_pkg/control
-- Set runtime path of "/home/arthur/ros2_ws/install/control_pkg/lib/control_pkg/control" to ""
-- Installing: /home/arthur/ros2_ws/install/control_pkg/share/ament_index/resource_index/package_run_dependencies/control_pkg
-- Installing: /home/arthur/ros2_ws/install/control_pkg/share/ament_index/resource_index/parent_prefix_path/control_pkg
-- Installing: /home/arthur/ros2_ws/install/control_pkg/share/control_pkg/environment/ament_prefix_path.sh
-- Installing: /home/arthur/ros2_ws/install/control_pkg/share/control_pkg/environment/ament_prefix_path.dsv
-- Installing: /home/arthur/ros2_ws/install/control_pkg/share/control_pkg/environment/path.sh
-- Installing: /home/arthur/ros2_ws/install/control_pkg/share/control_pkg/environment/path.dsv
-- Installing: /home/arthur/ros2_ws/install/control_pkg/share/control_pkg/local_setup.bash
-- Installing: /home/arthur/ros2_ws/install/control_pkg/share/control_pkg/local_setup.sh
-- Installing: /home/arthur/ros2_ws/install/control_pkg/share/control_pkg/local_setup.zsh
-- Installing: /home/arthur/ros2_ws/install/control_pkg/share/control_pkg/local_setup.dsv
-- Installing: /home/arthur/ros2_ws/install/control_pkg/share/control_pkg/package.dsv
-- Installing: /home/arthur/ros2_ws/install/control_pkg/share/ament_index/resource_index/packages/control_pkg
-- Installing: /home/arthur/ros2_ws/install/control_pkg/share/control_pkg/cmake/control_pkgConfig.cmake
-- Installing: /home/arthur/ros2_ws/install/control_pkg/share/control_pkg/cmake/control_pkgConfig-version.cmake
-- Installing: /home/arthur/ros2_ws/install/control_pkg/share/control_pkg/package.xml
