[0.070s] Invoking command in '/home/arthur/ros2_ws/build/control_pkg': CMAKE_PREFIX_PATH=${CMAKE_PREFIX_PATH}:/home/arthur/ros2_ws/install/my_py_pkg:/opt/ros/humble /usr/bin/cmake /home/arthur/ros2_ws/src/control_pkg -DCMAKE_INSTALL_PREFIX=/home/arthur/ros2_ws/install/control_pkg
[0.083s] -- Found ament_cmake: 1.3.5 (/opt/ros/humble/share/ament_cmake/cmake)
[0.233s] -- Found rclcpp: 16.0.6 (/opt/ros/humble/share/rclcpp/cmake)
[0.265s] -- Found rosidl_generator_c: 3.1.5 (/opt/ros/humble/share/rosidl_generator_c/cmake)
[0.267s] -- Found rosidl_adapter: 3.1.5 (/opt/ros/humble/share/rosidl_adapter/cmake)
[0.274s] -- Found rosidl_generator_cpp: 3.1.5 (/opt/ros/humble/share/rosidl_generator_cpp/cmake)
[0.286s] -- Using all available rosidl_typesupport_c: rosidl_typesupport_fastrtps_c;rosidl_typesupport_introspection_c
[0.303s] -- Using all available rosidl_typesupport_cpp: rosidl_typesupport_fastrtps_cpp;rosidl_typesupport_introspection_cpp
[0.368s] -- Found rmw_implementation_cmake: 6.1.1 (/opt/ros/humble/share/rmw_implementation_cmake/cmake)
[0.370s] -- Found rmw_fastrtps_cpp: 6.2.4 (/opt/ros/humble/share/rmw_fastrtps_cpp/cmake)
[0.498s] -- Using RMW implementation 'rmw_fastrtps_cpp' as default
[0.779s] -- Configuring done
[0.842s] -- Generating done
[0.847s] -- Build files have been written to: /home/arthur/ros2_ws/build/control_pkg
[0.867s] Invoked command in '/home/arthur/ros2_ws/build/control_pkg' returned '0': CMAKE_PREFIX_PATH=${CMAKE_PREFIX_PATH}:/home/arthur/ros2_ws/install/my_py_pkg:/opt/ros/humble /usr/bin/cmake /home/arthur/ros2_ws/src/control_pkg -DCMAKE_INSTALL_PREFIX=/home/arthur/ros2_ws/install/control_pkg
[0.871s] Invoking command in '/home/arthur/ros2_ws/build/control_pkg': CMAKE_PREFIX_PATH=${CMAKE_PREFIX_PATH}:/home/arthur/ros2_ws/install/my_py_pkg:/opt/ros/humble /usr/bin/cmake --build /home/arthur/ros2_ws/build/control_pkg -- -j4 -l4
[0.927s] [ 50%] [32mBuilding CXX object CMakeFiles/control.dir/src/control.cpp.o[0m
[4.156s] [100%] [32m[1mLinking CXX executable control[0m
[4.299s] [100%] Built target control
[4.312s] Invoked command in '/home/arthur/ros2_ws/build/control_pkg' returned '0': CMAKE_PREFIX_PATH=${CMAKE_PREFIX_PATH}:/home/arthur/ros2_ws/install/my_py_pkg:/opt/ros/humble /usr/bin/cmake --build /home/arthur/ros2_ws/build/control_pkg -- -j4 -l4
[4.352s] Invoking command in '/home/arthur/ros2_ws/build/control_pkg': CMAKE_PREFIX_PATH=${CMAKE_PREFIX_PATH}:/home/arthur/ros2_ws/install/my_py_pkg:/opt/ros/humble /usr/bin/cmake --install /home/arthur/ros2_ws/build/control_pkg
[4.360s] -- Install configuration: ""
[4.361s] -- Installing: /home/arthur/ros2_ws/install/control_pkg/lib/control_pkg/control
[4.361s] -- Set runtime path of "/home/arthur/ros2_ws/install/control_pkg/lib/control_pkg/control" to ""
[4.361s] -- Installing: /home/arthur/ros2_ws/install/control_pkg/share/ament_index/resource_index/package_run_dependencies/control_pkg
[4.362s] -- Installing: /home/arthur/ros2_ws/install/control_pkg/share/ament_index/resource_index/parent_prefix_path/control_pkg
[4.362s] -- Installing: /home/arthur/ros2_ws/install/control_pkg/share/control_pkg/environment/ament_prefix_path.sh
[4.362s] -- Installing: /home/arthur/ros2_ws/install/control_pkg/share/control_pkg/environment/ament_prefix_path.dsv
[4.362s] -- Installing: /home/arthur/ros2_ws/install/control_pkg/share/control_pkg/environment/path.sh
[4.362s] -- Installing: /home/arthur/ros2_ws/install/control_pkg/share/control_pkg/environment/path.dsv
[4.362s] -- Installing: /home/arthur/ros2_ws/install/control_pkg/share/control_pkg/local_setup.bash
[4.362s] -- Installing: /home/arthur/ros2_ws/install/control_pkg/share/control_pkg/local_setup.sh
[4.363s] -- Installing: /home/arthur/ros2_ws/install/control_pkg/share/control_pkg/local_setup.zsh
[4.363s] -- Installing: /home/arthur/ros2_ws/install/control_pkg/share/control_pkg/local_setup.dsv
[4.363s] -- Installing: /home/arthur/ros2_ws/install/control_pkg/share/control_pkg/package.dsv
[4.363s] -- Installing: /home/arthur/ros2_ws/install/control_pkg/share/ament_index/resource_index/packages/control_pkg
[4.363s] -- Installing: /home/arthur/ros2_ws/install/control_pkg/share/control_pkg/cmake/control_pkgConfig.cmake
[4.364s] -- Installing: /home/arthur/ros2_ws/install/control_pkg/share/control_pkg/cmake/control_pkgConfig-version.cmake
[4.364s] -- Installing: /home/arthur/ros2_ws/install/control_pkg/share/control_pkg/package.xml
[4.366s] Invoked command in '/home/arthur/ros2_ws/build/control_pkg' returned '0': CMAKE_PREFIX_PATH=${CMAKE_PREFIX_PATH}:/home/arthur/ros2_ws/install/my_py_pkg:/opt/ros/humble /usr/bin/cmake --install /home/arthur/ros2_ws/build/control_pkg
