[0.074s] Invoking command in '/home/arthur/ros2_ws/build/my_cpp_pkg': CMAKE_PREFIX_PATH=/home/arthur/ros2_ws/install/my_robot_interfaces:/home/arthur/ros2_ws/install/realsense2_description:/home/arthur/ros2_ws/install/my_robot_bringup:/home/arthur/ros2_ws/install/realsense2_camera:/home/arthur/ros2_ws/install/realsense2_camera_msgs:/home/arthur/ros2_ws/install/my_cpp_pkg:/home/arthur/ros2_ws/install/my_py_pkg:/opt/ros/humble LD_LIBRARY_PATH=/home/arthur/ros2_ws/install/my_robot_interfaces/lib:/home/arthur/ros2_ws/install/realsense2_camera/lib:/home/arthur/ros2_ws/install/realsense2_camera_msgs/lib:/opt/ros/humble/opt/rviz_ogre_vendor/lib:/opt/ros/humble/lib/x86_64-linux-gnu:/opt/ros/humble/lib /usr/bin/cmake --build /home/arthur/ros2_ws/build/my_cpp_pkg -- -j4 -l4
[0.275s] -- Found ament_cmake: 1.3.5 (/opt/ros/humble/share/ament_cmake/cmake)
[0.690s] -- Found rclcpp: 16.0.6 (/opt/ros/humble/share/rclcpp/cmake)
[0.876s] -- Found rosidl_generator_c: 3.1.5 (/opt/ros/humble/share/rosidl_generator_c/cmake)
[0.919s] -- Found rosidl_adapter: 3.1.5 (/opt/ros/humble/share/rosidl_adapter/cmake)
[0.942s] -- Found rosidl_generator_cpp: 3.1.5 (/opt/ros/humble/share/rosidl_generator_cpp/cmake)
[0.965s] -- Using all available rosidl_typesupport_c: rosidl_typesupport_fastrtps_c;rosidl_typesupport_introspection_c
[0.983s] -- Using all available rosidl_typesupport_cpp: rosidl_typesupport_fastrtps_cpp;rosidl_typesupport_introspection_cpp
[1.049s] -- Found rmw_implementation_cmake: 6.1.1 (/opt/ros/humble/share/rmw_implementation_cmake/cmake)
[1.051s] -- Found rmw_fastrtps_cpp: 6.2.4 (/opt/ros/humble/share/rmw_fastrtps_cpp/cmake)
[1.176s] -- Using RMW implementation 'rmw_fastrtps_cpp' as default
[1.351s] -- Found example_interfaces: 0.9.3 (/opt/ros/humble/share/example_interfaces/cmake)
[1.505s] -- Found my_robot_interfaces: 0.0.0 (/home/arthur/ros2_ws/install/my_robot_interfaces/share/my_robot_interfaces/cmake)
[1.603s] -- Configuring done
[1.656s] -- Generating done
[1.659s] -- Build files have been written to: /home/arthur/ros2_ws/build/my_cpp_pkg
[1.688s] [35m[1mConsolidate compiler generated dependencies of target cpp_node[0m
[1.688s] [35m[1mConsolidate compiler generated dependencies of target robot_news_station[0m
[1.688s] [35m[1mConsolidate compiler generated dependencies of target number_counter[0m
[1.689s] [35m[1mConsolidate compiler generated dependencies of target smartphone[0m
[1.710s] [ 36%] Built target number_counter
[1.710s] [ 36%] Built target robot_news_station
[1.710s] [ 36%] Built target smartphone
[1.710s] [ 36%] Built target cpp_node
[1.722s] [35m[1mConsolidate compiler generated dependencies of target add_two_ints_server[0m
[1.723s] [35m[1mConsolidate compiler generated dependencies of target hw_status_publisher[0m
[1.723s] [35m[1mConsolidate compiler generated dependencies of target add_two_ints_client_no_oop[0m
[1.723s] [35m[1mConsolidate compiler generated dependencies of target add_two_ints_client[0m
[1.744s] [ 54%] Built target add_two_ints_server
[1.744s] [ 59%] Built target hw_status_publisher
[1.745s] [ 63%] Built target add_two_ints_client_no_oop
[1.745s] [ 72%] Built target add_two_ints_client
[1.758s] [35m[1mConsolidate compiler generated dependencies of target battery_node[0m
[1.758s] [35m[1mConsolidate compiler generated dependencies of target led_panel_node[0m
[1.758s] [35m[1mConsolidate compiler generated dependencies of target holder_ball_robot[0m
[1.780s] [ 90%] Built target led_panel_node
[1.780s] [ 90%] Built target battery_node
[1.781s] [ 95%] [32m[1mLinking CXX executable holder_ball_robot[0m
[2.327s] [100%] Built target holder_ball_robot
[2.339s] Invoked command in '/home/arthur/ros2_ws/build/my_cpp_pkg' returned '0': CMAKE_PREFIX_PATH=/home/arthur/ros2_ws/install/my_robot_interfaces:/home/arthur/ros2_ws/install/realsense2_description:/home/arthur/ros2_ws/install/my_robot_bringup:/home/arthur/ros2_ws/install/realsense2_camera:/home/arthur/ros2_ws/install/realsense2_camera_msgs:/home/arthur/ros2_ws/install/my_cpp_pkg:/home/arthur/ros2_ws/install/my_py_pkg:/opt/ros/humble LD_LIBRARY_PATH=/home/arthur/ros2_ws/install/my_robot_interfaces/lib:/home/arthur/ros2_ws/install/realsense2_camera/lib:/home/arthur/ros2_ws/install/realsense2_camera_msgs/lib:/opt/ros/humble/opt/rviz_ogre_vendor/lib:/opt/ros/humble/lib/x86_64-linux-gnu:/opt/ros/humble/lib /usr/bin/cmake --build /home/arthur/ros2_ws/build/my_cpp_pkg -- -j4 -l4
[2.418s] Invoking command in '/home/arthur/ros2_ws/build/my_cpp_pkg': CMAKE_PREFIX_PATH=/home/arthur/ros2_ws/install/my_robot_interfaces:/home/arthur/ros2_ws/install/realsense2_description:/home/arthur/ros2_ws/install/my_robot_bringup:/home/arthur/ros2_ws/install/realsense2_camera:/home/arthur/ros2_ws/install/realsense2_camera_msgs:/home/arthur/ros2_ws/install/my_cpp_pkg:/home/arthur/ros2_ws/install/my_py_pkg:/opt/ros/humble LD_LIBRARY_PATH=/home/arthur/ros2_ws/install/my_robot_interfaces/lib:/home/arthur/ros2_ws/install/realsense2_camera/lib:/home/arthur/ros2_ws/install/realsense2_camera_msgs/lib:/opt/ros/humble/opt/rviz_ogre_vendor/lib:/opt/ros/humble/lib/x86_64-linux-gnu:/opt/ros/humble/lib /usr/bin/cmake --install /home/arthur/ros2_ws/build/my_cpp_pkg
[2.427s] -- Install configuration: ""
[2.427s] -- Up-to-date: /home/arthur/ros2_ws/install/my_cpp_pkg/lib/my_cpp_pkg/cpp_node
[2.427s] -- Up-to-date: /home/arthur/ros2_ws/install/my_cpp_pkg/lib/my_cpp_pkg/robot_news_station
[2.428s] -- Up-to-date: /home/arthur/ros2_ws/install/my_cpp_pkg/lib/my_cpp_pkg/add_two_ints_server
[2.428s] -- Up-to-date: /home/arthur/ros2_ws/install/my_cpp_pkg/lib/my_cpp_pkg/add_two_ints_client_no_oop
[2.428s] -- Up-to-date: /home/arthur/ros2_ws/install/my_cpp_pkg/lib/my_cpp_pkg/add_two_ints_client
[2.429s] -- Up-to-date: /home/arthur/ros2_ws/install/my_cpp_pkg/lib/my_cpp_pkg/smartphone
[2.429s] -- Up-to-date: /home/arthur/ros2_ws/install/my_cpp_pkg/lib/my_cpp_pkg/number_counter
[2.430s] -- Up-to-date: /home/arthur/ros2_ws/install/my_cpp_pkg/lib/my_cpp_pkg/hw_status_publisher
[2.430s] -- Up-to-date: /home/arthur/ros2_ws/install/my_cpp_pkg/lib/my_cpp_pkg/battery_node
[2.430s] -- Up-to-date: /home/arthur/ros2_ws/install/my_cpp_pkg/lib/my_cpp_pkg/led_panel_node
[2.431s] -- Installing: /home/arthur/ros2_ws/install/my_cpp_pkg/lib/my_cpp_pkg/holder_ball_robot
[2.437s] -- Set runtime path of "/home/arthur/ros2_ws/install/my_cpp_pkg/lib/my_cpp_pkg/holder_ball_robot" to ""
[2.438s] -- Up-to-date: /home/arthur/ros2_ws/install/my_cpp_pkg/share/ament_index/resource_index/package_run_dependencies/my_cpp_pkg
[2.438s] -- Up-to-date: /home/arthur/ros2_ws/install/my_cpp_pkg/share/ament_index/resource_index/parent_prefix_path/my_cpp_pkg
[2.438s] -- Up-to-date: /home/arthur/ros2_ws/install/my_cpp_pkg/share/my_cpp_pkg/environment/ament_prefix_path.sh
[2.438s] -- Installing: /home/arthur/ros2_ws/install/my_cpp_pkg/share/my_cpp_pkg/environment/ament_prefix_path.dsv
[2.438s] -- Up-to-date: /home/arthur/ros2_ws/install/my_cpp_pkg/share/my_cpp_pkg/environment/path.sh
[2.438s] -- Installing: /home/arthur/ros2_ws/install/my_cpp_pkg/share/my_cpp_pkg/environment/path.dsv
[2.438s] -- Up-to-date: /home/arthur/ros2_ws/install/my_cpp_pkg/share/my_cpp_pkg/local_setup.bash
[2.439s] -- Up-to-date: /home/arthur/ros2_ws/install/my_cpp_pkg/share/my_cpp_pkg/local_setup.sh
[2.439s] -- Up-to-date: /home/arthur/ros2_ws/install/my_cpp_pkg/share/my_cpp_pkg/local_setup.zsh
[2.439s] -- Installing: /home/arthur/ros2_ws/install/my_cpp_pkg/share/my_cpp_pkg/local_setup.dsv
[2.439s] -- Installing: /home/arthur/ros2_ws/install/my_cpp_pkg/share/my_cpp_pkg/package.dsv
[2.439s] -- Up-to-date: /home/arthur/ros2_ws/install/my_cpp_pkg/share/ament_index/resource_index/packages/my_cpp_pkg
[2.439s] -- Up-to-date: /home/arthur/ros2_ws/install/my_cpp_pkg/share/my_cpp_pkg/cmake/my_cpp_pkgConfig.cmake
[2.439s] -- Up-to-date: /home/arthur/ros2_ws/install/my_cpp_pkg/share/my_cpp_pkg/cmake/my_cpp_pkgConfig-version.cmake
[2.439s] -- Up-to-date: /home/arthur/ros2_ws/install/my_cpp_pkg/share/my_cpp_pkg/package.xml
[2.441s] Invoked command in '/home/arthur/ros2_ws/build/my_cpp_pkg' returned '0': CMAKE_PREFIX_PATH=/home/arthur/ros2_ws/install/my_robot_interfaces:/home/arthur/ros2_ws/install/realsense2_description:/home/arthur/ros2_ws/install/my_robot_bringup:/home/arthur/ros2_ws/install/realsense2_camera:/home/arthur/ros2_ws/install/realsense2_camera_msgs:/home/arthur/ros2_ws/install/my_cpp_pkg:/home/arthur/ros2_ws/install/my_py_pkg:/opt/ros/humble LD_LIBRARY_PATH=/home/arthur/ros2_ws/install/my_robot_interfaces/lib:/home/arthur/ros2_ws/install/realsense2_camera/lib:/home/arthur/ros2_ws/install/realsense2_camera_msgs/lib:/opt/ros/humble/opt/rviz_ogre_vendor/lib:/opt/ros/humble/lib/x86_64-linux-gnu:/opt/ros/humble/lib /usr/bin/cmake --install /home/arthur/ros2_ws/build/my_cpp_pkg
