[0.104s] Invoking command in '/home/arthur/ros2_ws/build/communication_pkg': CMAKE_PREFIX_PATH=${CMAKE_PREFIX_PATH}:/home/arthur/ros2_ws/install/my_py_pkg:/opt/ros/humble /usr/bin/cmake /home/arthur/ros2_ws/src/communication_pkg -DCMAKE_INSTALL_PREFIX=/home/arthur/ros2_ws/install/communication_pkg
[0.789s] -- The C compiler identification is GNU 11.4.0
[1.278s] -- The CXX compiler identification is GNU 11.4.0
[1.394s] -- Detecting C compiler ABI info
[1.653s] -- Detecting C compiler ABI info - done
[1.661s] -- Check for working C compiler: /usr/bin/cc - skipped
[1.662s] -- Detecting C compile features
[1.682s] -- Detecting C compile features - done
[1.724s] -- Detecting CXX compiler ABI info
[1.988s] -- Detecting CXX compiler ABI info - done
[1.996s] -- Check for working CXX compiler: /usr/bin/c++ - skipped
[1.996s] -- Detecting CXX compile features
[1.997s] -- Detecting CXX compile features - done
[2.081s] -- Found ament_cmake: 1.3.5 (/opt/ros/humble/share/ament_cmake/cmake)
[2.431s] -- Found Python3: /usr/bin/python3.10 (found version "3.10.12") found components: Interpreter 
[2.817s] -- Found rclcpp: 16.0.6 (/opt/ros/humble/share/rclcpp/cmake)
[3.161s] -- Found rosidl_generator_c: 3.1.5 (/opt/ros/humble/share/rosidl_generator_c/cmake)
[3.257s] -- Found rosidl_adapter: 3.1.5 (/opt/ros/humble/share/rosidl_adapter/cmake)
[3.304s] -- Found rosidl_generator_cpp: 3.1.5 (/opt/ros/humble/share/rosidl_generator_cpp/cmake)
[3.381s] -- Using all available rosidl_typesupport_c: rosidl_typesupport_fastrtps_c;rosidl_typesupport_introspection_c
[3.466s] -- Using all available rosidl_typesupport_cpp: rosidl_typesupport_fastrtps_cpp;rosidl_typesupport_introspection_cpp
[3.771s] -- Found rmw_implementation_cmake: 6.1.1 (/opt/ros/humble/share/rmw_implementation_cmake/cmake)
[3.787s] -- Found rmw_fastrtps_cpp: 6.2.4 (/opt/ros/humble/share/rmw_fastrtps_cpp/cmake)
[4.311s] -- Found OpenSSL: /usr/lib/x86_64-linux-gnu/libcrypto.so (found version "3.0.2")  
[4.415s] -- Found FastRTPS: /opt/ros/humble/include  
[4.484s] -- Using RMW implementation 'rmw_fastrtps_cpp' as default
[4.706s] -- Looking for pthread.h
[4.913s] -- Looking for pthread.h - found
[4.913s] -- Performing Test CMAKE_HAVE_LIBC_PTHREAD
[5.029s] -- Performing Test CMAKE_HAVE_LIBC_PTHREAD - Success
[5.030s] -- Found Threads: TRUE  
[5.500s] -- Configuring done
[5.510s] -- Generating done
[5.512s] -- Build files have been written to: /home/arthur/ros2_ws/build/communication_pkg
[5.520s] Invoked command in '/home/arthur/ros2_ws/build/communication_pkg' returned '0': CMAKE_PREFIX_PATH=${CMAKE_PREFIX_PATH}:/home/arthur/ros2_ws/install/my_py_pkg:/opt/ros/humble /usr/bin/cmake /home/arthur/ros2_ws/src/communication_pkg -DCMAKE_INSTALL_PREFIX=/home/arthur/ros2_ws/install/communication_pkg
[5.523s] Invoking command in '/home/arthur/ros2_ws/build/communication_pkg': CMAKE_PREFIX_PATH=${CMAKE_PREFIX_PATH}:/home/arthur/ros2_ws/install/my_py_pkg:/opt/ros/humble /usr/bin/cmake --build /home/arthur/ros2_ws/build/communication_pkg -- -j4 -l4
[5.579s] [ 50%] [32mBuilding CXX object CMakeFiles/holder_ball_robot.dir/src/holder_ball_robot.cpp.o[0m
[17.010s] [100%] [32m[1mLinking CXX executable holder_ball_robot[0m
[18.031s] [100%] Built target holder_ball_robot
[18.043s] Invoked command in '/home/arthur/ros2_ws/build/communication_pkg' returned '0': CMAKE_PREFIX_PATH=${CMAKE_PREFIX_PATH}:/home/arthur/ros2_ws/install/my_py_pkg:/opt/ros/humble /usr/bin/cmake --build /home/arthur/ros2_ws/build/communication_pkg -- -j4 -l4
[18.083s] Invoking command in '/home/arthur/ros2_ws/build/communication_pkg': CMAKE_PREFIX_PATH=${CMAKE_PREFIX_PATH}:/home/arthur/ros2_ws/install/my_py_pkg:/opt/ros/humble /usr/bin/cmake --install /home/arthur/ros2_ws/build/communication_pkg
[18.091s] -- Install configuration: ""
[18.091s] -- Installing: /home/arthur/ros2_ws/install/communication_pkg/lib/communication_pkg/holder_ball_robot
[18.097s] -- Set runtime path of "/home/arthur/ros2_ws/install/communication_pkg/lib/communication_pkg/holder_ball_robot" to ""
[18.098s] -- Installing: /home/arthur/ros2_ws/install/communication_pkg/share/ament_index/resource_index/package_run_dependencies/communication_pkg
[18.098s] -- Installing: /home/arthur/ros2_ws/install/communication_pkg/share/ament_index/resource_index/parent_prefix_path/communication_pkg
[18.098s] -- Installing: /home/arthur/ros2_ws/install/communication_pkg/share/communication_pkg/environment/ament_prefix_path.sh
[18.098s] -- Installing: /home/arthur/ros2_ws/install/communication_pkg/share/communication_pkg/environment/ament_prefix_path.dsv
[18.098s] -- Installing: /home/arthur/ros2_ws/install/communication_pkg/share/communication_pkg/environment/path.sh
[18.099s] -- Installing: /home/arthur/ros2_ws/install/communication_pkg/share/communication_pkg/environment/path.dsv
[18.099s] -- Installing: /home/arthur/ros2_ws/install/communication_pkg/share/communication_pkg/local_setup.bash
[18.099s] -- Installing: /home/arthur/ros2_ws/install/communication_pkg/share/communication_pkg/local_setup.sh
[18.099s] -- Installing: /home/arthur/ros2_ws/install/communication_pkg/share/communication_pkg/local_setup.zsh
[18.099s] -- Installing: /home/arthur/ros2_ws/install/communication_pkg/share/communication_pkg/local_setup.dsv
[18.100s] -- Installing: /home/arthur/ros2_ws/install/communication_pkg/share/communication_pkg/package.dsv
[18.100s] -- Installing: /home/arthur/ros2_ws/install/communication_pkg/share/ament_index/resource_index/packages/communication_pkg
[18.100s] -- Installing: /home/arthur/ros2_ws/install/communication_pkg/share/communication_pkg/cmake/communication_pkgConfig.cmake
[18.100s] -- Installing: /home/arthur/ros2_ws/install/communication_pkg/share/communication_pkg/cmake/communication_pkgConfig-version.cmake
[18.101s] -- Installing: /home/arthur/ros2_ws/install/communication_pkg/share/communication_pkg/package.xml
[18.103s] Invoked command in '/home/arthur/ros2_ws/build/communication_pkg' returned '0': CMAKE_PREFIX_PATH=${CMAKE_PREFIX_PATH}:/home/arthur/ros2_ws/install/my_py_pkg:/opt/ros/humble /usr/bin/cmake --install /home/arthur/ros2_ws/build/communication_pkg
