[0.112s] Invoking command in '/home/arthur/ros2_ws/build/camera_pkg': CMAKE_PREFIX_PATH=${CMAKE_PREFIX_PATH}:/home/arthur/ros2_ws/install/my_py_pkg:/opt/ros/humble /usr/bin/cmake /home/arthur/ros2_ws/src/camera_pkg -DCMAKE_INSTALL_PREFIX=/home/arthur/ros2_ws/install/camera_pkg
[0.811s] -- The C compiler identification is GNU 11.4.0
[1.290s] -- The CXX compiler identification is GNU 11.4.0
[1.402s] -- Detecting C compiler ABI info
[1.692s] -- Detecting C compiler ABI info - done
[1.700s] -- Check for working C compiler: /usr/bin/cc - skipped
[1.701s] -- Detecting C compile features
[1.724s] -- Detecting C compile features - done
[1.765s] -- Detecting CXX compiler ABI info
[1.998s] -- Detecting CXX compiler ABI info - done
[2.007s] -- Check for working CXX compiler: /usr/bin/c++ - skipped
[2.007s] -- Detecting CXX compile features
[2.008s] -- Detecting CXX compile features - done
[2.067s] -- Found ament_cmake: 1.3.5 (/opt/ros/humble/share/ament_cmake/cmake)
[2.418s] -- Found Python3: /usr/bin/python3.10 (found version "3.10.12") found components: Interpreter 
[2.804s] -- Found rclcpp: 16.0.6 (/opt/ros/humble/share/rclcpp/cmake)
[3.181s] -- Found rosidl_generator_c: 3.1.5 (/opt/ros/humble/share/rosidl_generator_c/cmake)
[3.276s] -- Found rosidl_adapter: 3.1.5 (/opt/ros/humble/share/rosidl_adapter/cmake)
[3.326s] -- Found rosidl_generator_cpp: 3.1.5 (/opt/ros/humble/share/rosidl_generator_cpp/cmake)
[3.424s] -- Using all available rosidl_typesupport_c: rosidl_typesupport_fastrtps_c;rosidl_typesupport_introspection_c
[3.530s] -- Using all available rosidl_typesupport_cpp: rosidl_typesupport_fastrtps_cpp;rosidl_typesupport_introspection_cpp
[3.852s] -- Found rmw_implementation_cmake: 6.1.1 (/opt/ros/humble/share/rmw_implementation_cmake/cmake)
[3.874s] -- Found rmw_fastrtps_cpp: 6.2.4 (/opt/ros/humble/share/rmw_fastrtps_cpp/cmake)
[4.334s] -- Found OpenSSL: /usr/lib/x86_64-linux-gnu/libcrypto.so (found version "3.0.2")  
[4.448s] -- Found FastRTPS: /opt/ros/humble/include  
[4.514s] -- Using RMW implementation 'rmw_fastrtps_cpp' as default
[4.704s] -- Looking for pthread.h
[4.797s] -- Looking for pthread.h - found
[4.797s] -- Performing Test CMAKE_HAVE_LIBC_PTHREAD
[4.899s] -- Performing Test CMAKE_HAVE_LIBC_PTHREAD - Success
[4.900s] -- Found Threads: TRUE  
[5.274s] -- Found sensor_msgs: 4.2.3 (/opt/ros/humble/share/sensor_msgs/cmake)
[5.482s] -- Found cv_bridge: 3.2.1 (/opt/ros/humble/share/cv_bridge/cmake)
[5.553s] -- Found image_transport: 3.1.7 (/opt/ros/humble/share/image_transport/cmake)
[5.743s] -- Found OpenCV: /usr (found version "4.5.4") 
[5.862s] -- Configuring done
[5.881s] -- Generating done
[5.883s] -- Build files have been written to: /home/arthur/ros2_ws/build/camera_pkg
[5.895s] Invoked command in '/home/arthur/ros2_ws/build/camera_pkg' returned '0': CMAKE_PREFIX_PATH=${CMAKE_PREFIX_PATH}:/home/arthur/ros2_ws/install/my_py_pkg:/opt/ros/humble /usr/bin/cmake /home/arthur/ros2_ws/src/camera_pkg -DCMAKE_INSTALL_PREFIX=/home/arthur/ros2_ws/install/camera_pkg
[5.897s] Invoking command in '/home/arthur/ros2_ws/build/camera_pkg': CMAKE_PREFIX_PATH=${CMAKE_PREFIX_PATH}:/home/arthur/ros2_ws/install/my_py_pkg:/opt/ros/humble /usr/bin/cmake --build /home/arthur/ros2_ws/build/camera_pkg -- -j4 -l4
[5.955s] [ 50%] [32mBuilding CXX object CMakeFiles/image_processing.dir/src/image_processing.cpp.o[0m
[12.309s] [100%] [32m[1mLinking CXX executable image_processing[0m
[15.578s] [100%] Built target image_processing
[15.591s] Invoked command in '/home/arthur/ros2_ws/build/camera_pkg' returned '0': CMAKE_PREFIX_PATH=${CMAKE_PREFIX_PATH}:/home/arthur/ros2_ws/install/my_py_pkg:/opt/ros/humble /usr/bin/cmake --build /home/arthur/ros2_ws/build/camera_pkg -- -j4 -l4
[15.631s] Invoking command in '/home/arthur/ros2_ws/build/camera_pkg': CMAKE_PREFIX_PATH=${CMAKE_PREFIX_PATH}:/home/arthur/ros2_ws/install/my_py_pkg:/opt/ros/humble /usr/bin/cmake --install /home/arthur/ros2_ws/build/camera_pkg
[15.639s] -- Install configuration: ""
[15.640s] -- Installing: /home/arthur/ros2_ws/install/camera_pkg/lib/camera_pkg/image_processing
[15.641s] -- Set runtime path of "/home/arthur/ros2_ws/install/camera_pkg/lib/camera_pkg/image_processing" to ""
[15.642s] -- Installing: /home/arthur/ros2_ws/install/camera_pkg/share/ament_index/resource_index/package_run_dependencies/camera_pkg
[15.642s] -- Installing: /home/arthur/ros2_ws/install/camera_pkg/share/ament_index/resource_index/parent_prefix_path/camera_pkg
[15.642s] -- Installing: /home/arthur/ros2_ws/install/camera_pkg/share/camera_pkg/environment/ament_prefix_path.sh
[15.642s] -- Installing: /home/arthur/ros2_ws/install/camera_pkg/share/camera_pkg/environment/ament_prefix_path.dsv
[15.643s] -- Installing: /home/arthur/ros2_ws/install/camera_pkg/share/camera_pkg/environment/path.sh
[15.643s] -- Installing: /home/arthur/ros2_ws/install/camera_pkg/share/camera_pkg/environment/path.dsv
[15.643s] -- Installing: /home/arthur/ros2_ws/install/camera_pkg/share/camera_pkg/local_setup.bash
[15.643s] -- Installing: /home/arthur/ros2_ws/install/camera_pkg/share/camera_pkg/local_setup.sh
[15.643s] -- Installing: /home/arthur/ros2_ws/install/camera_pkg/share/camera_pkg/local_setup.zsh
[15.643s] -- Installing: /home/arthur/ros2_ws/install/camera_pkg/share/camera_pkg/local_setup.dsv
[15.643s] -- Installing: /home/arthur/ros2_ws/install/camera_pkg/share/camera_pkg/package.dsv
[15.644s] -- Installing: /home/arthur/ros2_ws/install/camera_pkg/share/ament_index/resource_index/packages/camera_pkg
[15.644s] -- Installing: /home/arthur/ros2_ws/install/camera_pkg/share/camera_pkg/cmake/camera_pkgConfig.cmake
[15.644s] -- Installing: /home/arthur/ros2_ws/install/camera_pkg/share/camera_pkg/cmake/camera_pkgConfig-version.cmake
[15.644s] -- Installing: /home/arthur/ros2_ws/install/camera_pkg/share/camera_pkg/package.xml
[15.646s] Invoked command in '/home/arthur/ros2_ws/build/camera_pkg' returned '0': CMAKE_PREFIX_PATH=${CMAKE_PREFIX_PATH}:/home/arthur/ros2_ws/install/my_py_pkg:/opt/ros/humble /usr/bin/cmake --install /home/arthur/ros2_ws/build/camera_pkg
