[0.736s] Invoking command in '/home/arthur/ros2_ws/src/my_py_pkg': PYTHONPATH=/home/arthur/ros2_ws/build/my_py_pkg/prefix_override:/home/arthur/ros2_ws/install/my_py_pkg/lib/python3.10/site-packages:${PYTHONPATH} /usr/bin/python3 setup.py egg_info --egg-base ../../build/my_py_pkg build --build-base /home/arthur/ros2_ws/build/my_py_pkg/build install --record /home/arthur/ros2_ws/build/my_py_pkg/install.log --single-version-externally-managed
[0.980s] running egg_info
[0.981s] writing ../../build/my_py_pkg/my_py_pkg.egg-info/PKG-INFO
[0.981s] writing dependency_links to ../../build/my_py_pkg/my_py_pkg.egg-info/dependency_links.txt
[0.982s] writing entry points to ../../build/my_py_pkg/my_py_pkg.egg-info/entry_points.txt
[0.982s] writing requirements to ../../build/my_py_pkg/my_py_pkg.egg-info/requires.txt
[0.982s] writing top-level names to ../../build/my_py_pkg/my_py_pkg.egg-info/top_level.txt
[0.984s] reading manifest file '../../build/my_py_pkg/my_py_pkg.egg-info/SOURCES.txt'
[0.985s] writing manifest file '../../build/my_py_pkg/my_py_pkg.egg-info/SOURCES.txt'
[0.985s] running build
[0.986s] running build_py
[0.986s] copying my_py_pkg/my_first_node.py -> /home/arthur/ros2_ws/build/my_py_pkg/build/lib/my_py_pkg
[0.986s] running install
[0.986s] running install_lib
[0.987s] copying /home/arthur/ros2_ws/build/my_py_pkg/build/lib/my_py_pkg/my_first_node.py -> /home/arthur/ros2_ws/install/my_py_pkg/lib/python3.10/site-packages/my_py_pkg
[0.987s] byte-compiling /home/arthur/ros2_ws/install/my_py_pkg/lib/python3.10/site-packages/my_py_pkg/my_first_node.py to my_first_node.cpython-310.pyc
[0.988s] running install_data
[0.988s]   File "/home/arthur/ros2_ws/install/my_py_pkg/lib/python3.10/site-packages/my_py_pkg/my_first_node.py", line 15
[0.988s]     self.get_logger().info("Hello " str(self.counter_))
[0.988s]                            ^^^^^^^^^^^^^^^^^^^^^^^^^^^
[0.988s] SyntaxError: invalid syntax. Perhaps you forgot a comma?
[0.988s] 
[0.989s] running install_egg_info
[0.990s] removing '/home/arthur/ros2_ws/install/my_py_pkg/lib/python3.10/site-packages/my_py_pkg-0.0.0-py3.10.egg-info' (and everything under it)
[0.990s] Copying ../../build/my_py_pkg/my_py_pkg.egg-info to /home/arthur/ros2_ws/install/my_py_pkg/lib/python3.10/site-packages/my_py_pkg-0.0.0-py3.10.egg-info
[0.991s] running install_scripts
[1.011s] Installing py_node script to /home/arthur/ros2_ws/install/my_py_pkg/lib/my_py_pkg
[1.011s] writing list of installed files to '/home/arthur/ros2_ws/build/my_py_pkg/install.log'
[1.036s] Invoked command in '/home/arthur/ros2_ws/src/my_py_pkg' returned '0': PYTHONPATH=/home/arthur/ros2_ws/build/my_py_pkg/prefix_override:/home/arthur/ros2_ws/install/my_py_pkg/lib/python3.10/site-packages:${PYTHONPATH} /usr/bin/python3 setup.py egg_info --egg-base ../../build/my_py_pkg build --build-base /home/arthur/ros2_ws/build/my_py_pkg/build install --record /home/arthur/ros2_ws/build/my_py_pkg/install.log --single-version-externally-managed
