[35m[1mConsolidate compiler generated dependencies of target image_processing[0m
[ 50%] [32mBuilding CXX object CMakeFiles/image_processing.dir/src/image_processing.cpp.o[0m
[01m[K/home/arthur/ros2_ws/src/camera_pkg/src/image_processing.cpp:[m[K In member function ‘[01m[Kvoid ImageProcessingNode::get_ball_position()[m[K’:
[01m[K/home/arthur/ros2_ws/src/camera_pkg/src/image_processing.cpp:63:13:[m[K [01;35m[Kwarning: [m[Kunused variable ‘[01m[Kball_depth_aux[m[K’ [[01;35m[K]8;;https://gcc.gnu.org/onlinedocs/gcc/Warning-Options.html#index-Wunused-variable-Wunused-variable]8;;[m[K]
   63 |       float [01;35m[Kball_depth_aux[m[K;
      |             [01;35m[K^~~~~~~~~~~~~~[m[K
[100%] [32m[1mLinking CXX executable image_processing[0m
[100%] Built target image_processing
-- Install configuration: ""
-- Installing: /home/arthur/ros2_ws/install/camera_pkg/lib/camera_pkg/image_processing
-- Set runtime path of "/home/arthur/ros2_ws/install/camera_pkg/lib/camera_pkg/image_processing" to ""
-- Up-to-date: /home/arthur/ros2_ws/install/camera_pkg/share/ament_index/resource_index/package_run_dependencies/camera_pkg
-- Up-to-date: /home/arthur/ros2_ws/install/camera_pkg/share/ament_index/resource_index/parent_prefix_path/camera_pkg
-- Up-to-date: /home/arthur/ros2_ws/install/camera_pkg/share/camera_pkg/environment/ament_prefix_path.sh
-- Up-to-date: /home/arthur/ros2_ws/install/camera_pkg/share/camera_pkg/environment/ament_prefix_path.dsv
-- Up-to-date: /home/arthur/ros2_ws/install/camera_pkg/share/camera_pkg/environment/path.sh
-- Up-to-date: /home/arthur/ros2_ws/install/camera_pkg/share/camera_pkg/environment/path.dsv
-- Up-to-date: /home/arthur/ros2_ws/install/camera_pkg/share/camera_pkg/local_setup.bash
-- Up-to-date: /home/arthur/ros2_ws/install/camera_pkg/share/camera_pkg/local_setup.sh
-- Up-to-date: /home/arthur/ros2_ws/install/camera_pkg/share/camera_pkg/local_setup.zsh
-- Up-to-date: /home/arthur/ros2_ws/install/camera_pkg/share/camera_pkg/local_setup.dsv
-- Installing: /home/arthur/ros2_ws/install/camera_pkg/share/camera_pkg/package.dsv
-- Up-to-date: /home/arthur/ros2_ws/install/camera_pkg/share/ament_index/resource_index/packages/camera_pkg
-- Up-to-date: /home/arthur/ros2_ws/install/camera_pkg/share/camera_pkg/cmake/camera_pkgConfig.cmake
-- Up-to-date: /home/arthur/ros2_ws/install/camera_pkg/share/camera_pkg/cmake/camera_pkgConfig-version.cmake
-- Up-to-date: /home/arthur/ros2_ws/install/camera_pkg/share/camera_pkg/package.xml
