[0.072s] Invoking command in '/home/arthur/ros2_ws/build/my_cpp_pkg': CMAKE_PREFIX_PATH=/home/arthur/ros2_ws/install/my_robot_interfaces:/home/arthur/ros2_ws/install/my_cpp_pkg:/home/arthur/ros2_ws/install/my_py_pkg:/opt/ros/humble /usr/bin/cmake --build /home/arthur/ros2_ws/build/my_cpp_pkg -- -j4 -l4
[0.131s] [ 20%] Built target cpp_node
[0.131s] [ 20%] Built target robot_news_station
[0.132s] [ 30%] Built target smartphone
[0.136s] [ 40%] Built target number_counter
[0.161s] [ 60%] Built target add_two_ints_client_no_oop
[0.161s] [ 60%] Built target add_two_ints_server
[0.164s] [ 70%] Built target add_two_ints_client
[0.165s] [ 80%] Built target hw_status_publisher
[0.175s] [35m[1mConsolidate compiler generated dependencies of target led_panel_node[0m
[0.190s] [ 90%] Built target battery_node
[0.195s] [ 95%] [32mBuilding CXX object CMakeFiles/led_panel_node.dir/src/led_panel_node.cpp.o[0m
[5.095s] [100%] [32m[1mLinking CXX executable led_panel_node[0m
[5.317s] [100%] Built target led_panel_node
[5.330s] Invoked command in '/home/arthur/ros2_ws/build/my_cpp_pkg' returned '0': CMAKE_PREFIX_PATH=/home/arthur/ros2_ws/install/my_robot_interfaces:/home/arthur/ros2_ws/install/my_cpp_pkg:/home/arthur/ros2_ws/install/my_py_pkg:/opt/ros/humble /usr/bin/cmake --build /home/arthur/ros2_ws/build/my_cpp_pkg -- -j4 -l4
[5.400s] Invoking command in '/home/arthur/ros2_ws/build/my_cpp_pkg': CMAKE_PREFIX_PATH=/home/arthur/ros2_ws/install/my_robot_interfaces:/home/arthur/ros2_ws/install/my_cpp_pkg:/home/arthur/ros2_ws/install/my_py_pkg:/opt/ros/humble /usr/bin/cmake --install /home/arthur/ros2_ws/build/my_cpp_pkg
[5.408s] -- Install configuration: ""
[5.408s] -- Up-to-date: /home/arthur/ros2_ws/install/my_cpp_pkg/lib/my_cpp_pkg/cpp_node
[5.409s] -- Up-to-date: /home/arthur/ros2_ws/install/my_cpp_pkg/lib/my_cpp_pkg/robot_news_station
[5.409s] -- Up-to-date: /home/arthur/ros2_ws/install/my_cpp_pkg/lib/my_cpp_pkg/add_two_ints_server
[5.410s] -- Up-to-date: /home/arthur/ros2_ws/install/my_cpp_pkg/lib/my_cpp_pkg/add_two_ints_client_no_oop
[5.410s] -- Up-to-date: /home/arthur/ros2_ws/install/my_cpp_pkg/lib/my_cpp_pkg/add_two_ints_client
[5.410s] -- Up-to-date: /home/arthur/ros2_ws/install/my_cpp_pkg/lib/my_cpp_pkg/smartphone
[5.411s] -- Up-to-date: /home/arthur/ros2_ws/install/my_cpp_pkg/lib/my_cpp_pkg/number_counter
[5.411s] -- Up-to-date: /home/arthur/ros2_ws/install/my_cpp_pkg/lib/my_cpp_pkg/hw_status_publisher
[5.412s] -- Up-to-date: /home/arthur/ros2_ws/install/my_cpp_pkg/lib/my_cpp_pkg/battery_node
[5.412s] -- Installing: /home/arthur/ros2_ws/install/my_cpp_pkg/lib/my_cpp_pkg/led_panel_node
[5.414s] -- Set runtime path of "/home/arthur/ros2_ws/install/my_cpp_pkg/lib/my_cpp_pkg/led_panel_node" to ""
[5.414s] -- Up-to-date: /home/arthur/ros2_ws/install/my_cpp_pkg/share/ament_index/resource_index/package_run_dependencies/my_cpp_pkg
[5.415s] -- Up-to-date: /home/arthur/ros2_ws/install/my_cpp_pkg/share/ament_index/resource_index/parent_prefix_path/my_cpp_pkg
[5.415s] -- Up-to-date: /home/arthur/ros2_ws/install/my_cpp_pkg/share/my_cpp_pkg/environment/ament_prefix_path.sh
[5.415s] -- Up-to-date: /home/arthur/ros2_ws/install/my_cpp_pkg/share/my_cpp_pkg/environment/ament_prefix_path.dsv
[5.415s] -- Up-to-date: /home/arthur/ros2_ws/install/my_cpp_pkg/share/my_cpp_pkg/environment/path.sh
[5.415s] -- Up-to-date: /home/arthur/ros2_ws/install/my_cpp_pkg/share/my_cpp_pkg/environment/path.dsv
[5.415s] -- Up-to-date: /home/arthur/ros2_ws/install/my_cpp_pkg/share/my_cpp_pkg/local_setup.bash
[5.415s] -- Up-to-date: /home/arthur/ros2_ws/install/my_cpp_pkg/share/my_cpp_pkg/local_setup.sh
[5.415s] -- Up-to-date: /home/arthur/ros2_ws/install/my_cpp_pkg/share/my_cpp_pkg/local_setup.zsh
[5.415s] -- Up-to-date: /home/arthur/ros2_ws/install/my_cpp_pkg/share/my_cpp_pkg/local_setup.dsv
[5.415s] -- Installing: /home/arthur/ros2_ws/install/my_cpp_pkg/share/my_cpp_pkg/package.dsv
[5.416s] -- Up-to-date: /home/arthur/ros2_ws/install/my_cpp_pkg/share/ament_index/resource_index/packages/my_cpp_pkg
[5.416s] -- Up-to-date: /home/arthur/ros2_ws/install/my_cpp_pkg/share/my_cpp_pkg/cmake/my_cpp_pkgConfig.cmake
[5.416s] -- Up-to-date: /home/arthur/ros2_ws/install/my_cpp_pkg/share/my_cpp_pkg/cmake/my_cpp_pkgConfig-version.cmake
[5.416s] -- Up-to-date: /home/arthur/ros2_ws/install/my_cpp_pkg/share/my_cpp_pkg/package.xml
[5.417s] Invoked command in '/home/arthur/ros2_ws/build/my_cpp_pkg' returned '0': CMAKE_PREFIX_PATH=/home/arthur/ros2_ws/install/my_robot_interfaces:/home/arthur/ros2_ws/install/my_cpp_pkg:/home/arthur/ros2_ws/install/my_py_pkg:/opt/ros/humble /usr/bin/cmake --install /home/arthur/ros2_ws/build/my_cpp_pkg
