[0.093s] Invoking command in '/home/arthur/ros2_ws/build/my_robot_bringup': CMAKE_PREFIX_PATH=${CMAKE_PREFIX_PATH}:/home/arthur/ros2_ws/install/my_py_pkg:/opt/ros/humble /usr/bin/cmake /home/arthur/ros2_ws/src/my_robot_bringup -DAMENT_CMAKE_SYMLINK_INSTALL=1 -DCMAKE_INSTALL_PREFIX=/home/arthur/ros2_ws/install/my_robot_bringup
[0.791s] -- The C compiler identification is GNU 11.4.0
[1.233s] -- The CXX compiler identification is GNU 11.4.0
[1.342s] -- Detecting C compiler ABI info
[1.599s] -- Detecting C compiler ABI info - done
[1.607s] -- Check for working C compiler: /usr/bin/cc - skipped
[1.608s] -- Detecting C compile features
[1.620s] -- Detecting C compile features - done
[1.658s] -- Detecting CXX compiler ABI info
[1.942s] -- Detecting CXX compiler ABI info - done
[1.951s] -- Check for working CXX compiler: /usr/bin/c++ - skipped
[1.952s] -- Detecting CXX compile features
[1.952s] -- Detecting CXX compile features - done
[2.007s] -- Found ament_cmake: 1.3.5 (/opt/ros/humble/share/ament_cmake/cmake)
[2.337s] -- Found Python3: /usr/bin/python3.10 (found version "3.10.12") found components: Interpreter 
[2.422s] -- Override CMake install command with custom implementation using symlinks instead of copying resources
[2.673s] -- Configuring done
[2.676s] -- Generating done
[2.677s] -- Build files have been written to: /home/arthur/ros2_ws/build/my_robot_bringup
[2.681s] Invoked command in '/home/arthur/ros2_ws/build/my_robot_bringup' returned '0': CMAKE_PREFIX_PATH=${CMAKE_PREFIX_PATH}:/home/arthur/ros2_ws/install/my_py_pkg:/opt/ros/humble /usr/bin/cmake /home/arthur/ros2_ws/src/my_robot_bringup -DAMENT_CMAKE_SYMLINK_INSTALL=1 -DCMAKE_INSTALL_PREFIX=/home/arthur/ros2_ws/install/my_robot_bringup
[2.683s] Invoking command in '/home/arthur/ros2_ws/build/my_robot_bringup': CMAKE_PREFIX_PATH=${CMAKE_PREFIX_PATH}:/home/arthur/ros2_ws/install/my_py_pkg:/opt/ros/humble /usr/bin/cmake --build /home/arthur/ros2_ws/build/my_robot_bringup -- -j4 -l4
[2.724s] Invoked command in '/home/arthur/ros2_ws/build/my_robot_bringup' returned '0': CMAKE_PREFIX_PATH=${CMAKE_PREFIX_PATH}:/home/arthur/ros2_ws/install/my_py_pkg:/opt/ros/humble /usr/bin/cmake --build /home/arthur/ros2_ws/build/my_robot_bringup -- -j4 -l4
[2.762s] Invoking command in '/home/arthur/ros2_ws/build/my_robot_bringup': CMAKE_PREFIX_PATH=${CMAKE_PREFIX_PATH}:/home/arthur/ros2_ws/install/my_py_pkg:/opt/ros/humble /usr/bin/cmake --install /home/arthur/ros2_ws/build/my_robot_bringup
[2.770s] -- Install configuration: ""
[2.771s] -- Execute custom install script
[2.771s] -- Symlinking: /home/arthur/ros2_ws/install/my_robot_bringup/share//launch/number_app.launch.py
[2.782s] -- Symlinking: /home/arthur/ros2_ws/install/my_robot_bringup/share/ament_index/resource_index/package_run_dependencies/my_robot_bringup
[2.792s] -- Symlinking: /home/arthur/ros2_ws/install/my_robot_bringup/share/ament_index/resource_index/parent_prefix_path/my_robot_bringup
[2.803s] -- Symlinking: /home/arthur/ros2_ws/install/my_robot_bringup/share/my_robot_bringup/environment/ament_prefix_path.sh
[2.812s] -- Symlinking: /home/arthur/ros2_ws/install/my_robot_bringup/share/my_robot_bringup/environment/ament_prefix_path.dsv
[2.822s] -- Symlinking: /home/arthur/ros2_ws/install/my_robot_bringup/share/my_robot_bringup/environment/path.sh
[2.831s] -- Symlinking: /home/arthur/ros2_ws/install/my_robot_bringup/share/my_robot_bringup/environment/path.dsv
[2.841s] -- Symlinking: /home/arthur/ros2_ws/install/my_robot_bringup/share/my_robot_bringup/local_setup.bash
[2.850s] -- Symlinking: /home/arthur/ros2_ws/install/my_robot_bringup/share/my_robot_bringup/local_setup.sh
[2.859s] -- Symlinking: /home/arthur/ros2_ws/install/my_robot_bringup/share/my_robot_bringup/local_setup.zsh
[2.869s] -- Symlinking: /home/arthur/ros2_ws/install/my_robot_bringup/share/my_robot_bringup/local_setup.dsv
[2.878s] -- Symlinking: /home/arthur/ros2_ws/install/my_robot_bringup/share/my_robot_bringup/package.dsv
[2.887s] -- Symlinking: /home/arthur/ros2_ws/install/my_robot_bringup/share/ament_index/resource_index/packages/my_robot_bringup
[2.896s] -- Symlinking: /home/arthur/ros2_ws/install/my_robot_bringup/share/my_robot_bringup/cmake/my_robot_bringupConfig.cmake
[2.905s] -- Symlinking: /home/arthur/ros2_ws/install/my_robot_bringup/share/my_robot_bringup/cmake/my_robot_bringupConfig-version.cmake
[2.914s] -- Symlinking: /home/arthur/ros2_ws/install/my_robot_bringup/share/my_robot_bringup/package.xml
[2.925s] Invoked command in '/home/arthur/ros2_ws/build/my_robot_bringup' returned '0': CMAKE_PREFIX_PATH=${CMAKE_PREFIX_PATH}:/home/arthur/ros2_ws/install/my_py_pkg:/opt/ros/humble /usr/bin/cmake --install /home/arthur/ros2_ws/build/my_robot_bringup
