[2.327s] Invoking command in '/home/arthur/ros2_ws/src/my_py_pkg': CMAKE_PREFIX_PATH=/home/arthur/ros2_ws/install/my_robot_interfaces:/home/arthur/ros2_ws/install/my_robot_bringup:/home/arthur/ros2_ws/install/my_cpp_pkg PYTHONPATH=/home/arthur/ros2_ws/build/my_py_pkg/prefix_override:/home/arthur/ros2_ws/install/my_py_pkg/lib/python3.10/site-packages:${PYTHONPATH} /usr/bin/python3 setup.py egg_info --egg-base ../../build/my_py_pkg build --build-base /home/arthur/ros2_ws/build/my_py_pkg/build install --record /home/arthur/ros2_ws/build/my_py_pkg/install.log --single-version-externally-managed
[2.588s] running egg_info
[2.589s] writing ../../build/my_py_pkg/my_py_pkg.egg-info/PKG-INFO
[2.608s] writing dependency_links to ../../build/my_py_pkg/my_py_pkg.egg-info/dependency_links.txt
[2.608s] writing entry points to ../../build/my_py_pkg/my_py_pkg.egg-info/entry_points.txt
[2.609s] writing requirements to ../../build/my_py_pkg/my_py_pkg.egg-info/requires.txt
[2.609s] writing top-level names to ../../build/my_py_pkg/my_py_pkg.egg-info/top_level.txt
[2.611s] reading manifest file '../../build/my_py_pkg/my_py_pkg.egg-info/SOURCES.txt'
[2.628s] writing manifest file '../../build/my_py_pkg/my_py_pkg.egg-info/SOURCES.txt'
[2.628s] running build
[2.629s] running build_py
[2.630s] running install
[2.630s] running install_lib
[2.681s] running install_data
[2.682s] running install_egg_info
[2.688s] removing '/home/arthur/ros2_ws/install/my_py_pkg/lib/python3.10/site-packages/my_py_pkg-0.0.0-py3.10.egg-info' (and everything under it)
[2.690s] Copying ../../build/my_py_pkg/my_py_pkg.egg-info to /home/arthur/ros2_ws/install/my_py_pkg/lib/python3.10/site-packages/my_py_pkg-0.0.0-py3.10.egg-info
[2.715s] running install_scripts
[2.762s] Installing add_two_ints_client script to /home/arthur/ros2_ws/install/my_py_pkg/lib/my_py_pkg
[2.780s] Installing add_two_ints_client_no_oop script to /home/arthur/ros2_ws/install/my_py_pkg/lib/my_py_pkg
[2.780s] Installing add_two_ints_server script to /home/arthur/ros2_ws/install/my_py_pkg/lib/my_py_pkg
[2.780s] Installing hw_status_publisher script to /home/arthur/ros2_ws/install/my_py_pkg/lib/my_py_pkg
[2.781s] Installing number_publisher script to /home/arthur/ros2_ws/install/my_py_pkg/lib/my_py_pkg
[2.781s] Installing py_node script to /home/arthur/ros2_ws/install/my_py_pkg/lib/my_py_pkg
[2.781s] Installing robot_news_station script to /home/arthur/ros2_ws/install/my_py_pkg/lib/my_py_pkg
[2.781s] Installing smartphone script to /home/arthur/ros2_ws/install/my_py_pkg/lib/my_py_pkg
[2.781s] writing list of installed files to '/home/arthur/ros2_ws/build/my_py_pkg/install.log'
[2.809s] Invoked command in '/home/arthur/ros2_ws/src/my_py_pkg' returned '0': CMAKE_PREFIX_PATH=/home/arthur/ros2_ws/install/my_robot_interfaces:/home/arthur/ros2_ws/install/my_robot_bringup:/home/arthur/ros2_ws/install/my_cpp_pkg PYTHONPATH=/home/arthur/ros2_ws/build/my_py_pkg/prefix_override:/home/arthur/ros2_ws/install/my_py_pkg/lib/python3.10/site-packages:${PYTHONPATH} /usr/bin/python3 setup.py egg_info --egg-base ../../build/my_py_pkg build --build-base /home/arthur/ros2_ws/build/my_py_pkg/build install --record /home/arthur/ros2_ws/build/my_py_pkg/install.log --single-version-externally-managed
