[0.123s] Invoking command in '/home/arthur/ros2_ws/build/my_cpp_pkg': CMAKE_PREFIX_PATH=/home/arthur/ros2_ws/install/my_robot_interfaces:/home/arthur/ros2_ws/install/realsense2_description:/home/arthur/ros2_ws/install/my_robot_bringup:/home/arthur/ros2_ws/install/realsense2_camera:/home/arthur/ros2_ws/install/realsense2_camera_msgs:/home/arthur/ros2_ws/install/my_cpp_pkg:/home/arthur/ros2_ws/install/my_py_pkg:/opt/ros/humble LD_LIBRARY_PATH=/home/arthur/ros2_ws/install/my_robot_interfaces/lib:/home/arthur/ros2_ws/install/realsense2_camera/lib:/home/arthur/ros2_ws/install/realsense2_camera_msgs/lib:/opt/ros/humble/opt/rviz_ogre_vendor/lib:/opt/ros/humble/lib/x86_64-linux-gnu:/opt/ros/humble/lib /usr/bin/cmake --build /home/arthur/ros2_ws/build/my_cpp_pkg -- -j4 -l4
[0.416s] -- Found ament_cmake: 1.3.5 (/opt/ros/humble/share/ament_cmake/cmake)
[0.844s] -- Found rclcpp: 16.0.6 (/opt/ros/humble/share/rclcpp/cmake)
[1.143s] -- Found rosidl_generator_c: 3.1.5 (/opt/ros/humble/share/rosidl_generator_c/cmake)
[1.183s] -- Found rosidl_adapter: 3.1.5 (/opt/ros/humble/share/rosidl_adapter/cmake)
[1.208s] -- Found rosidl_generator_cpp: 3.1.5 (/opt/ros/humble/share/rosidl_generator_cpp/cmake)
[1.286s] -- Using all available rosidl_typesupport_c: rosidl_typesupport_fastrtps_c;rosidl_typesupport_introspection_c
[1.385s] -- Using all available rosidl_typesupport_cpp: rosidl_typesupport_fastrtps_cpp;rosidl_typesupport_introspection_cpp
[1.631s] -- Found rmw_implementation_cmake: 6.1.1 (/opt/ros/humble/share/rmw_implementation_cmake/cmake)
[1.660s] -- Found rmw_fastrtps_cpp: 6.2.4 (/opt/ros/humble/share/rmw_fastrtps_cpp/cmake)
[2.087s] -- Using RMW implementation 'rmw_fastrtps_cpp' as default
[2.516s] -- Found example_interfaces: 0.9.3 (/opt/ros/humble/share/example_interfaces/cmake)
[2.742s] -- Found my_robot_interfaces: 0.0.0 (/home/arthur/ros2_ws/install/my_robot_interfaces/share/my_robot_interfaces/cmake)
[2.920s] -- Configuring done
[3.368s] -- Generating done
[3.377s] -- Build files have been written to: /home/arthur/ros2_ws/build/my_cpp_pkg
[3.470s] [35m[1mConsolidate compiler generated dependencies of target robot_news_station[0m
[3.474s] [35m[1mConsolidate compiler generated dependencies of target smartphone[0m
[3.499s] [  9%] Built target robot_news_station
[3.504s] [ 18%] Built target smartphone
[3.508s] [35m[1mConsolidate compiler generated dependencies of target number_counter[0m
[3.520s] [35m[1mConsolidate compiler generated dependencies of target cpp_node[0m
[3.529s] [ 27%] Built target number_counter
[3.542s] [ 36%] Built target cpp_node
[3.543s] [35m[1mConsolidate compiler generated dependencies of target add_two_ints_server[0m
[3.546s] [35m[1mConsolidate compiler generated dependencies of target add_two_ints_client[0m
[3.552s] [35m[1mConsolidate compiler generated dependencies of target add_two_ints_client_no_oop[0m
[3.566s] [ 45%] Built target add_two_ints_server
[3.567s] [ 54%] Built target add_two_ints_client
[3.573s] [35m[1mConsolidate compiler generated dependencies of target hw_status_publisher[0m
[3.573s] [ 63%] Built target add_two_ints_client_no_oop
[3.594s] [ 72%] Built target hw_status_publisher
[3.601s] [ 77%] [32mBuilding CXX object CMakeFiles/holder_ball_robot.dir/src/holder_ball_robot.cpp.o[0m
[3.621s] [35m[1mConsolidate compiler generated dependencies of target battery_node[0m
[3.632s] [35m[1mConsolidate compiler generated dependencies of target led_panel_node[0m
[3.642s] [ 86%] Built target battery_node
[3.653s] [ 95%] Built target led_panel_node
[16.049s] [100%] [32m[1mLinking CXX executable holder_ball_robot[0m
[17.459s] [100%] Built target holder_ball_robot
[17.472s] Invoked command in '/home/arthur/ros2_ws/build/my_cpp_pkg' returned '0': CMAKE_PREFIX_PATH=/home/arthur/ros2_ws/install/my_robot_interfaces:/home/arthur/ros2_ws/install/realsense2_description:/home/arthur/ros2_ws/install/my_robot_bringup:/home/arthur/ros2_ws/install/realsense2_camera:/home/arthur/ros2_ws/install/realsense2_camera_msgs:/home/arthur/ros2_ws/install/my_cpp_pkg:/home/arthur/ros2_ws/install/my_py_pkg:/opt/ros/humble LD_LIBRARY_PATH=/home/arthur/ros2_ws/install/my_robot_interfaces/lib:/home/arthur/ros2_ws/install/realsense2_camera/lib:/home/arthur/ros2_ws/install/realsense2_camera_msgs/lib:/opt/ros/humble/opt/rviz_ogre_vendor/lib:/opt/ros/humble/lib/x86_64-linux-gnu:/opt/ros/humble/lib /usr/bin/cmake --build /home/arthur/ros2_ws/build/my_cpp_pkg -- -j4 -l4
[17.551s] Invoking command in '/home/arthur/ros2_ws/build/my_cpp_pkg': CMAKE_PREFIX_PATH=/home/arthur/ros2_ws/install/my_robot_interfaces:/home/arthur/ros2_ws/install/realsense2_description:/home/arthur/ros2_ws/install/my_robot_bringup:/home/arthur/ros2_ws/install/realsense2_camera:/home/arthur/ros2_ws/install/realsense2_camera_msgs:/home/arthur/ros2_ws/install/my_cpp_pkg:/home/arthur/ros2_ws/install/my_py_pkg:/opt/ros/humble LD_LIBRARY_PATH=/home/arthur/ros2_ws/install/my_robot_interfaces/lib:/home/arthur/ros2_ws/install/realsense2_camera/lib:/home/arthur/ros2_ws/install/realsense2_camera_msgs/lib:/opt/ros/humble/opt/rviz_ogre_vendor/lib:/opt/ros/humble/lib/x86_64-linux-gnu:/opt/ros/humble/lib /usr/bin/cmake --install /home/arthur/ros2_ws/build/my_cpp_pkg
[17.560s] -- Install configuration: ""
[17.577s] -- Up-to-date: /home/arthur/ros2_ws/install/my_cpp_pkg/lib/my_cpp_pkg/cpp_node
[17.603s] -- Up-to-date: /home/arthur/ros2_ws/install/my_cpp_pkg/lib/my_cpp_pkg/robot_news_station
[17.623s] -- Up-to-date: /home/arthur/ros2_ws/install/my_cpp_pkg/lib/my_cpp_pkg/add_two_ints_server
[17.632s] -- Up-to-date: /home/arthur/ros2_ws/install/my_cpp_pkg/lib/my_cpp_pkg/add_two_ints_client_no_oop
[17.646s] -- Up-to-date: /home/arthur/ros2_ws/install/my_cpp_pkg/lib/my_cpp_pkg/add_two_ints_client
[17.670s] -- Up-to-date: /home/arthur/ros2_ws/install/my_cpp_pkg/lib/my_cpp_pkg/smartphone
[17.689s] -- Up-to-date: /home/arthur/ros2_ws/install/my_cpp_pkg/lib/my_cpp_pkg/number_counter
[17.709s] -- Up-to-date: /home/arthur/ros2_ws/install/my_cpp_pkg/lib/my_cpp_pkg/hw_status_publisher
[17.732s] -- Up-to-date: /home/arthur/ros2_ws/install/my_cpp_pkg/lib/my_cpp_pkg/battery_node
[17.751s] -- Up-to-date: /home/arthur/ros2_ws/install/my_cpp_pkg/lib/my_cpp_pkg/led_panel_node
[17.752s] -- Up-to-date: /home/arthur/ros2_ws/install/my_cpp_pkg/share/ament_index/resource_index/package_run_dependencies/my_cpp_pkg
[17.766s] -- Installing: /home/arthur/ros2_ws/install/my_cpp_pkg/share/ament_index/resource_index/parent_prefix_path/my_cpp_pkg
[17.767s] -- Up-to-date: /home/arthur/ros2_ws/install/my_cpp_pkg/share/my_cpp_pkg/environment/ament_prefix_path.sh
[17.767s] -- Installing: /home/arthur/ros2_ws/install/my_cpp_pkg/share/my_cpp_pkg/environment/ament_prefix_path.dsv
[17.767s] -- Up-to-date: /home/arthur/ros2_ws/install/my_cpp_pkg/share/my_cpp_pkg/environment/path.sh
[17.768s] -- Installing: /home/arthur/ros2_ws/install/my_cpp_pkg/share/my_cpp_pkg/environment/path.dsv
[17.768s] -- Up-to-date: /home/arthur/ros2_ws/install/my_cpp_pkg/share/my_cpp_pkg/local_setup.bash
[17.769s] -- Up-to-date: /home/arthur/ros2_ws/install/my_cpp_pkg/share/my_cpp_pkg/local_setup.sh
[17.769s] -- Up-to-date: /home/arthur/ros2_ws/install/my_cpp_pkg/share/my_cpp_pkg/local_setup.zsh
[17.770s] -- Installing: /home/arthur/ros2_ws/install/my_cpp_pkg/share/my_cpp_pkg/local_setup.dsv
[17.770s] -- Installing: /home/arthur/ros2_ws/install/my_cpp_pkg/share/my_cpp_pkg/package.dsv
[17.770s] -- Up-to-date: /home/arthur/ros2_ws/install/my_cpp_pkg/share/ament_index/resource_index/packages/my_cpp_pkg
[17.771s] -- Up-to-date: /home/arthur/ros2_ws/install/my_cpp_pkg/share/my_cpp_pkg/cmake/my_cpp_pkgConfig.cmake
[17.771s] -- Up-to-date: /home/arthur/ros2_ws/install/my_cpp_pkg/share/my_cpp_pkg/cmake/my_cpp_pkgConfig-version.cmake
[17.771s] -- Up-to-date: /home/arthur/ros2_ws/install/my_cpp_pkg/share/my_cpp_pkg/package.xml
[17.777s] Invoked command in '/home/arthur/ros2_ws/build/my_cpp_pkg' returned '0': CMAKE_PREFIX_PATH=/home/arthur/ros2_ws/install/my_robot_interfaces:/home/arthur/ros2_ws/install/realsense2_description:/home/arthur/ros2_ws/install/my_robot_bringup:/home/arthur/ros2_ws/install/realsense2_camera:/home/arthur/ros2_ws/install/realsense2_camera_msgs:/home/arthur/ros2_ws/install/my_cpp_pkg:/home/arthur/ros2_ws/install/my_py_pkg:/opt/ros/humble LD_LIBRARY_PATH=/home/arthur/ros2_ws/install/my_robot_interfaces/lib:/home/arthur/ros2_ws/install/realsense2_camera/lib:/home/arthur/ros2_ws/install/realsense2_camera_msgs/lib:/opt/ros/humble/opt/rviz_ogre_vendor/lib:/opt/ros/humble/lib/x86_64-linux-gnu:/opt/ros/humble/lib /usr/bin/cmake --install /home/arthur/ros2_ws/build/my_cpp_pkg
