[0.080s] Invoking command in '/home/arthur/ros2_ws/build/my_robot_interfaces': CMAKE_PREFIX_PATH=${CMAKE_PREFIX_PATH}:/home/arthur/ros2_ws/install/my_py_pkg:/opt/ros/humble /usr/bin/cmake /home/arthur/ros2_ws/src/my_robot_interfaces -DCMAKE_INSTALL_PREFIX=/home/arthur/ros2_ws/install/my_robot_interfaces
[0.783s] -- The C compiler identification is GNU 11.4.0
[1.275s] -- The CXX compiler identification is GNU 11.4.0
[1.395s] -- Detecting C compiler ABI info
[1.652s] -- Detecting C compiler ABI info - done
[1.660s] -- Check for working C compiler: /usr/bin/cc - skipped
[1.660s] -- Detecting C compile features
[1.684s] -- Detecting C compile features - done
[1.725s] -- Detecting CXX compiler ABI info
[1.962s] -- Detecting CXX compiler ABI info - done
[1.970s] -- Check for working CXX compiler: /usr/bin/c++ - skipped
[1.971s] -- Detecting CXX compile features
[1.971s] -- Detecting CXX compile features - done
[2.027s] -- Found ament_cmake: 1.3.5 (/opt/ros/humble/share/ament_cmake/cmake)
[2.387s] -- Found Python3: /usr/bin/python3.10 (found version "3.10.12") found components: Interpreter 
[2.670s] -- Found rosidl_default_generators: 1.2.0 (/opt/ros/humble/share/rosidl_default_generators/cmake)
[2.715s] -- Using all available rosidl_typesupport_c: rosidl_typesupport_fastrtps_c;rosidl_typesupport_introspection_c
[2.771s] -- Found rosidl_adapter: 3.1.5 (/opt/ros/humble/share/rosidl_adapter/cmake)
[3.027s] -- Using all available rosidl_typesupport_cpp: rosidl_typesupport_fastrtps_cpp;rosidl_typesupport_introspection_cpp
[3.369s] [31mCMake Error at /opt/ros/humble/share/rosidl_cmake/cmake/rosidl_generate_interfaces.cmake:213 (add_custom_target):
[3.370s]   The target name "$(PROJECT_NAME)" is reserved or not valid for certain
[3.370s]   CMake features, such as generator expressions, and may result in undefined
[3.370s]   behavior.
[3.370s] Call Stack (most recent call first):
[3.370s]   CMakeLists.txt:13 (rosidl_generate_interfaces)
[3.370s] 
[3.370s] [0m
[3.478s] -- Configuring incomplete, errors occurred!
[3.478s] See also "/home/arthur/ros2_ws/build/my_robot_interfaces/CMakeFiles/CMakeOutput.log".
[3.487s] Invoked command in '/home/arthur/ros2_ws/build/my_robot_interfaces' returned '1': CMAKE_PREFIX_PATH=${CMAKE_PREFIX_PATH}:/home/arthur/ros2_ws/install/my_py_pkg:/opt/ros/humble /usr/bin/cmake /home/arthur/ros2_ws/src/my_robot_interfaces -DCMAKE_INSTALL_PREFIX=/home/arthur/ros2_ws/install/my_robot_interfaces
