[1.026s] DEBUG:colcon:Command line arguments: ['/usr/bin/colcon', 'build', '--packages-select', 'my_cpp_pkg']
[1.026s] DEBUG:colcon:Parsed command line arguments: Namespace(log_base=None, log_level=None, verb_name='build', build_base='build', install_base='install', merge_install=False, symlink_install=False, test_result_base=None, continue_on_error=False, executor='parallel', parallel_workers=4, event_handlers=None, ignore_user_meta=False, metas=['./colcon.meta'], base_paths=['.'], packages_ignore=None, packages_ignore_regex=None, paths=None, packages_up_to=None, packages_up_to_regex=None, packages_above=None, packages_above_and_dependencies=None, packages_above_depth=None, packages_select_by_dep=None, packages_skip_by_dep=None, packages_skip_up_to=None, packages_select_build_failed=False, packages_skip_build_finished=False, packages_select_test_failures=False, packages_skip_test_passed=False, packages_select=['my_cpp_pkg'], packages_skip=None, packages_select_regex=None, packages_skip_regex=None, packages_start=None, packages_end=None, allow_overriding=[], cmake_args=None, cmake_target=None, cmake_target_skip_unavailable=False, cmake_clean_cache=False, cmake_clean_first=False, cmake_force_configure=False, ament_cmake_args=None, catkin_cmake_args=None, catkin_skip_building_tests=False, verb_parser=<colcon_defaults.argument_parser.defaults.DefaultArgumentsDecorator object at 0x7f34c85f57e0>, verb_extension=<colcon_core.verb.build.BuildVerb object at 0x7f34c85f5c60>, main=<bound method BuildVerb.main of <colcon_core.verb.build.BuildVerb object at 0x7f34c85f5c60>>)
[1.080s] Level 1:colcon.colcon_core.package_discovery:discover_packages(colcon_meta) check parameters
[1.080s] Level 1:colcon.colcon_core.package_discovery:discover_packages(recursive) check parameters
[1.080s] Level 1:colcon.colcon_core.package_discovery:discover_packages(ignore) check parameters
[1.080s] Level 1:colcon.colcon_core.package_discovery:discover_packages(path) check parameters
[1.080s] Level 1:colcon.colcon_core.package_discovery:discover_packages(colcon_meta) discover
[1.080s] Level 1:colcon.colcon_core.package_discovery:discover_packages(recursive) discover
[1.080s] INFO:colcon.colcon_core.package_discovery:Crawling recursively for packages in '/home/arthur/ros2_ws'
[1.080s] Level 1:colcon.colcon_core.package_identification:_identify(.) by extensions ['ignore', 'ignore_ament_install']
[1.080s] Level 1:colcon.colcon_core.package_identification:_identify(.) by extension 'ignore'
[1.081s] Level 1:colcon.colcon_core.package_identification:_identify(.) by extension 'ignore_ament_install'
[1.081s] Level 1:colcon.colcon_core.package_identification:_identify(.) by extensions ['colcon_pkg']
[1.081s] Level 1:colcon.colcon_core.package_identification:_identify(.) by extension 'colcon_pkg'
[1.081s] Level 1:colcon.colcon_core.package_identification:_identify(.) by extensions ['colcon_meta']
[1.081s] Level 1:colcon.colcon_core.package_identification:_identify(.) by extension 'colcon_meta'
[1.081s] Level 1:colcon.colcon_core.package_identification:_identify(.) by extensions ['ros']
[1.081s] Level 1:colcon.colcon_core.package_identification:_identify(.) by extension 'ros'
[1.095s] Level 1:colcon.colcon_core.package_identification:_identify(.) by extensions ['cmake', 'python']
[1.095s] Level 1:colcon.colcon_core.package_identification:_identify(.) by extension 'cmake'
[1.095s] Level 1:colcon.colcon_core.package_identification:_identify(.) by extension 'python'
[1.095s] Level 1:colcon.colcon_core.package_identification:_identify(.) by extensions ['python_setup_py']
[1.095s] Level 1:colcon.colcon_core.package_identification:_identify(.) by extension 'python_setup_py'
[1.095s] Level 1:colcon.colcon_core.package_identification:_identify(build) by extensions ['ignore', 'ignore_ament_install']
[1.095s] Level 1:colcon.colcon_core.package_identification:_identify(build) by extension 'ignore'
[1.095s] Level 1:colcon.colcon_core.package_identification:_identify(build) ignored
[1.095s] Level 1:colcon.colcon_core.package_identification:_identify(install) by extensions ['ignore', 'ignore_ament_install']
[1.095s] Level 1:colcon.colcon_core.package_identification:_identify(install) by extension 'ignore'
[1.095s] Level 1:colcon.colcon_core.package_identification:_identify(install) ignored
[1.096s] Level 1:colcon.colcon_core.package_identification:_identify(log) by extensions ['ignore', 'ignore_ament_install']
[1.096s] Level 1:colcon.colcon_core.package_identification:_identify(log) by extension 'ignore'
[1.096s] Level 1:colcon.colcon_core.package_identification:_identify(log) ignored
[1.096s] Level 1:colcon.colcon_core.package_identification:_identify(src) by extensions ['ignore', 'ignore_ament_install']
[1.096s] Level 1:colcon.colcon_core.package_identification:_identify(src) by extension 'ignore'
[1.096s] Level 1:colcon.colcon_core.package_identification:_identify(src) by extension 'ignore_ament_install'
[1.096s] Level 1:colcon.colcon_core.package_identification:_identify(src) by extensions ['colcon_pkg']
[1.096s] Level 1:colcon.colcon_core.package_identification:_identify(src) by extension 'colcon_pkg'
[1.096s] Level 1:colcon.colcon_core.package_identification:_identify(src) by extensions ['colcon_meta']
[1.096s] Level 1:colcon.colcon_core.package_identification:_identify(src) by extension 'colcon_meta'
[1.096s] Level 1:colcon.colcon_core.package_identification:_identify(src) by extensions ['ros']
[1.096s] Level 1:colcon.colcon_core.package_identification:_identify(src) by extension 'ros'
[1.096s] Level 1:colcon.colcon_core.package_identification:_identify(src) by extensions ['cmake', 'python']
[1.096s] Level 1:colcon.colcon_core.package_identification:_identify(src) by extension 'cmake'
[1.096s] Level 1:colcon.colcon_core.package_identification:_identify(src) by extension 'python'
[1.096s] Level 1:colcon.colcon_core.package_identification:_identify(src) by extensions ['python_setup_py']
[1.097s] Level 1:colcon.colcon_core.package_identification:_identify(src) by extension 'python_setup_py'
[1.097s] Level 1:colcon.colcon_core.package_identification:_identify(src/camera_pkg) by extensions ['ignore', 'ignore_ament_install']
[1.097s] Level 1:colcon.colcon_core.package_identification:_identify(src/camera_pkg) by extension 'ignore'
[1.097s] Level 1:colcon.colcon_core.package_identification:_identify(src/camera_pkg) by extension 'ignore_ament_install'
[1.097s] Level 1:colcon.colcon_core.package_identification:_identify(src/camera_pkg) by extensions ['colcon_pkg']
[1.097s] Level 1:colcon.colcon_core.package_identification:_identify(src/camera_pkg) by extension 'colcon_pkg'
[1.097s] Level 1:colcon.colcon_core.package_identification:_identify(src/camera_pkg) by extensions ['colcon_meta']
[1.097s] Level 1:colcon.colcon_core.package_identification:_identify(src/camera_pkg) by extension 'colcon_meta'
[1.097s] Level 1:colcon.colcon_core.package_identification:_identify(src/camera_pkg) by extensions ['ros']
[1.097s] Level 1:colcon.colcon_core.package_identification:_identify(src/camera_pkg) by extension 'ros'
[1.097s] Level 1:colcon.colcon_core.package_identification:_identify(src/camera_pkg) by extensions ['cmake', 'python']
[1.097s] Level 1:colcon.colcon_core.package_identification:_identify(src/camera_pkg) by extension 'cmake'
[1.097s] Level 1:colcon.colcon_core.package_identification:_identify(src/camera_pkg) by extension 'python'
[1.097s] Level 1:colcon.colcon_core.package_identification:_identify(src/camera_pkg) by extensions ['python_setup_py']
[1.097s] Level 1:colcon.colcon_core.package_identification:_identify(src/camera_pkg) by extension 'python_setup_py'
[1.097s] Level 1:colcon.colcon_core.package_identification:_identify(src/communication_pkg) by extensions ['ignore', 'ignore_ament_install']
[1.098s] Level 1:colcon.colcon_core.package_identification:_identify(src/communication_pkg) by extension 'ignore'
[1.098s] Level 1:colcon.colcon_core.package_identification:_identify(src/communication_pkg) by extension 'ignore_ament_install'
[1.098s] Level 1:colcon.colcon_core.package_identification:_identify(src/communication_pkg) by extensions ['colcon_pkg']
[1.098s] Level 1:colcon.colcon_core.package_identification:_identify(src/communication_pkg) by extension 'colcon_pkg'
[1.098s] Level 1:colcon.colcon_core.package_identification:_identify(src/communication_pkg) by extensions ['colcon_meta']
[1.098s] Level 1:colcon.colcon_core.package_identification:_identify(src/communication_pkg) by extension 'colcon_meta'
[1.098s] Level 1:colcon.colcon_core.package_identification:_identify(src/communication_pkg) by extensions ['ros']
[1.098s] Level 1:colcon.colcon_core.package_identification:_identify(src/communication_pkg) by extension 'ros'
[1.098s] Level 1:colcon.colcon_core.package_identification:_identify(src/communication_pkg) by extensions ['cmake', 'python']
[1.098s] Level 1:colcon.colcon_core.package_identification:_identify(src/communication_pkg) by extension 'cmake'
[1.098s] Level 1:colcon.colcon_core.package_identification:_identify(src/communication_pkg) by extension 'python'
[1.098s] Level 1:colcon.colcon_core.package_identification:_identify(src/communication_pkg) by extensions ['python_setup_py']
[1.098s] Level 1:colcon.colcon_core.package_identification:_identify(src/communication_pkg) by extension 'python_setup_py'
[1.098s] Level 1:colcon.colcon_core.package_identification:_identify(src/control_pkg) by extensions ['ignore', 'ignore_ament_install']
[1.098s] Level 1:colcon.colcon_core.package_identification:_identify(src/control_pkg) by extension 'ignore'
[1.098s] Level 1:colcon.colcon_core.package_identification:_identify(src/control_pkg) by extension 'ignore_ament_install'
[1.098s] Level 1:colcon.colcon_core.package_identification:_identify(src/control_pkg) by extensions ['colcon_pkg']
[1.098s] Level 1:colcon.colcon_core.package_identification:_identify(src/control_pkg) by extension 'colcon_pkg'
[1.099s] Level 1:colcon.colcon_core.package_identification:_identify(src/control_pkg) by extensions ['colcon_meta']
[1.099s] Level 1:colcon.colcon_core.package_identification:_identify(src/control_pkg) by extension 'colcon_meta'
[1.099s] Level 1:colcon.colcon_core.package_identification:_identify(src/control_pkg) by extensions ['ros']
[1.099s] Level 1:colcon.colcon_core.package_identification:_identify(src/control_pkg) by extension 'ros'
[1.099s] Level 1:colcon.colcon_core.package_identification:_identify(src/control_pkg) by extensions ['cmake', 'python']
[1.099s] Level 1:colcon.colcon_core.package_identification:_identify(src/control_pkg) by extension 'cmake'
[1.099s] Level 1:colcon.colcon_core.package_identification:_identify(src/control_pkg) by extension 'python'
[1.099s] Level 1:colcon.colcon_core.package_identification:_identify(src/control_pkg) by extensions ['python_setup_py']
[1.099s] Level 1:colcon.colcon_core.package_identification:_identify(src/control_pkg) by extension 'python_setup_py'
[1.099s] Level 1:colcon.colcon_core.package_identification:_identify(src/microROS_interface) by extensions ['ignore', 'ignore_ament_install']
[1.099s] Level 1:colcon.colcon_core.package_identification:_identify(src/microROS_interface) by extension 'ignore'
[1.099s] Level 1:colcon.colcon_core.package_identification:_identify(src/microROS_interface) by extension 'ignore_ament_install'
[1.099s] Level 1:colcon.colcon_core.package_identification:_identify(src/microROS_interface) by extensions ['colcon_pkg']
[1.099s] Level 1:colcon.colcon_core.package_identification:_identify(src/microROS_interface) by extension 'colcon_pkg'
[1.099s] Level 1:colcon.colcon_core.package_identification:_identify(src/microROS_interface) by extensions ['colcon_meta']
[1.099s] Level 1:colcon.colcon_core.package_identification:_identify(src/microROS_interface) by extension 'colcon_meta'
[1.099s] Level 1:colcon.colcon_core.package_identification:_identify(src/microROS_interface) by extensions ['ros']
[1.099s] Level 1:colcon.colcon_core.package_identification:_identify(src/microROS_interface) by extension 'ros'
[1.100s] Level 1:colcon.colcon_core.package_identification:_identify(src/microROS_interface) by extensions ['cmake', 'python']
[1.100s] Level 1:colcon.colcon_core.package_identification:_identify(src/microROS_interface) by extension 'cmake'
[1.100s] Level 1:colcon.colcon_core.package_identification:_identify(src/microROS_interface) by extension 'python'
[1.100s] Level 1:colcon.colcon_core.package_identification:_identify(src/microROS_interface) by extensions ['python_setup_py']
[1.100s] Level 1:colcon.colcon_core.package_identification:_identify(src/microROS_interface) by extension 'python_setup_py'
[1.100s] Level 1:colcon.colcon_core.package_identification:_identify(src/microROS_interface/include) by extensions ['ignore', 'ignore_ament_install']
[1.100s] Level 1:colcon.colcon_core.package_identification:_identify(src/microROS_interface/include) by extension 'ignore'
[1.100s] Level 1:colcon.colcon_core.package_identification:_identify(src/microROS_interface/include) by extension 'ignore_ament_install'
[1.100s] Level 1:colcon.colcon_core.package_identification:_identify(src/microROS_interface/include) by extensions ['colcon_pkg']
[1.100s] Level 1:colcon.colcon_core.package_identification:_identify(src/microROS_interface/include) by extension 'colcon_pkg'
[1.100s] Level 1:colcon.colcon_core.package_identification:_identify(src/microROS_interface/include) by extensions ['colcon_meta']
[1.100s] Level 1:colcon.colcon_core.package_identification:_identify(src/microROS_interface/include) by extension 'colcon_meta'
[1.100s] Level 1:colcon.colcon_core.package_identification:_identify(src/microROS_interface/include) by extensions ['ros']
[1.100s] Level 1:colcon.colcon_core.package_identification:_identify(src/microROS_interface/include) by extension 'ros'
[1.101s] Level 1:colcon.colcon_core.package_identification:_identify(src/microROS_interface/include) by extensions ['cmake', 'python']
[1.101s] Level 1:colcon.colcon_core.package_identification:_identify(src/microROS_interface/include) by extension 'cmake'
[1.101s] Level 1:colcon.colcon_core.package_identification:_identify(src/microROS_interface/include) by extension 'python'
[1.101s] Level 1:colcon.colcon_core.package_identification:_identify(src/microROS_interface/include) by extensions ['python_setup_py']
[1.101s] Level 1:colcon.colcon_core.package_identification:_identify(src/microROS_interface/include) by extension 'python_setup_py'
[1.101s] Level 1:colcon.colcon_core.package_identification:_identify(src/microROS_interface/lib) by extensions ['ignore', 'ignore_ament_install']
[1.101s] Level 1:colcon.colcon_core.package_identification:_identify(src/microROS_interface/lib) by extension 'ignore'
[1.101s] Level 1:colcon.colcon_core.package_identification:_identify(src/microROS_interface/lib) by extension 'ignore_ament_install'
[1.101s] Level 1:colcon.colcon_core.package_identification:_identify(src/microROS_interface/lib) by extensions ['colcon_pkg']
[1.101s] Level 1:colcon.colcon_core.package_identification:_identify(src/microROS_interface/lib) by extension 'colcon_pkg'
[1.101s] Level 1:colcon.colcon_core.package_identification:_identify(src/microROS_interface/lib) by extensions ['colcon_meta']
[1.101s] Level 1:colcon.colcon_core.package_identification:_identify(src/microROS_interface/lib) by extension 'colcon_meta'
[1.101s] Level 1:colcon.colcon_core.package_identification:_identify(src/microROS_interface/lib) by extensions ['ros']
[1.101s] Level 1:colcon.colcon_core.package_identification:_identify(src/microROS_interface/lib) by extension 'ros'
[1.101s] Level 1:colcon.colcon_core.package_identification:_identify(src/microROS_interface/lib) by extensions ['cmake', 'python']
[1.101s] Level 1:colcon.colcon_core.package_identification:_identify(src/microROS_interface/lib) by extension 'cmake'
[1.101s] Level 1:colcon.colcon_core.package_identification:_identify(src/microROS_interface/lib) by extension 'python'
[1.101s] Level 1:colcon.colcon_core.package_identification:_identify(src/microROS_interface/lib) by extensions ['python_setup_py']
[1.101s] Level 1:colcon.colcon_core.package_identification:_identify(src/microROS_interface/lib) by extension 'python_setup_py'
[1.102s] Level 1:colcon.colcon_core.package_identification:_identify(src/microROS_interface/src) by extensions ['ignore', 'ignore_ament_install']
[1.102s] Level 1:colcon.colcon_core.package_identification:_identify(src/microROS_interface/src) by extension 'ignore'
[1.102s] Level 1:colcon.colcon_core.package_identification:_identify(src/microROS_interface/src) by extension 'ignore_ament_install'
[1.102s] Level 1:colcon.colcon_core.package_identification:_identify(src/microROS_interface/src) by extensions ['colcon_pkg']
[1.102s] Level 1:colcon.colcon_core.package_identification:_identify(src/microROS_interface/src) by extension 'colcon_pkg'
[1.102s] Level 1:colcon.colcon_core.package_identification:_identify(src/microROS_interface/src) by extensions ['colcon_meta']
[1.102s] Level 1:colcon.colcon_core.package_identification:_identify(src/microROS_interface/src) by extension 'colcon_meta'
[1.102s] Level 1:colcon.colcon_core.package_identification:_identify(src/microROS_interface/src) by extensions ['ros']
[1.102s] Level 1:colcon.colcon_core.package_identification:_identify(src/microROS_interface/src) by extension 'ros'
[1.102s] Level 1:colcon.colcon_core.package_identification:_identify(src/microROS_interface/src) by extensions ['cmake', 'python']
[1.102s] Level 1:colcon.colcon_core.package_identification:_identify(src/microROS_interface/src) by extension 'cmake'
[1.102s] Level 1:colcon.colcon_core.package_identification:_identify(src/microROS_interface/src) by extension 'python'
[1.102s] Level 1:colcon.colcon_core.package_identification:_identify(src/microROS_interface/src) by extensions ['python_setup_py']
[1.102s] Level 1:colcon.colcon_core.package_identification:_identify(src/microROS_interface/src) by extension 'python_setup_py'
[1.102s] Level 1:colcon.colcon_core.package_identification:_identify(src/microROS_interface/test) by extensions ['ignore', 'ignore_ament_install']
[1.103s] Level 1:colcon.colcon_core.package_identification:_identify(src/microROS_interface/test) by extension 'ignore'
[1.103s] Level 1:colcon.colcon_core.package_identification:_identify(src/microROS_interface/test) by extension 'ignore_ament_install'
[1.103s] Level 1:colcon.colcon_core.package_identification:_identify(src/microROS_interface/test) by extensions ['colcon_pkg']
[1.103s] Level 1:colcon.colcon_core.package_identification:_identify(src/microROS_interface/test) by extension 'colcon_pkg'
[1.103s] Level 1:colcon.colcon_core.package_identification:_identify(src/microROS_interface/test) by extensions ['colcon_meta']
[1.103s] Level 1:colcon.colcon_core.package_identification:_identify(src/microROS_interface/test) by extension 'colcon_meta'
[1.103s] Level 1:colcon.colcon_core.package_identification:_identify(src/microROS_interface/test) by extensions ['ros']
[1.103s] Level 1:colcon.colcon_core.package_identification:_identify(src/microROS_interface/test) by extension 'ros'
[1.103s] Level 1:colcon.colcon_core.package_identification:_identify(src/microROS_interface/test) by extensions ['cmake', 'python']
[1.103s] Level 1:colcon.colcon_core.package_identification:_identify(src/microROS_interface/test) by extension 'cmake'
[1.103s] Level 1:colcon.colcon_core.package_identification:_identify(src/microROS_interface/test) by extension 'python'
[1.103s] Level 1:colcon.colcon_core.package_identification:_identify(src/microROS_interface/test) by extensions ['python_setup_py']
[1.103s] Level 1:colcon.colcon_core.package_identification:_identify(src/microROS_interface/test) by extension 'python_setup_py'
[1.103s] Level 1:colcon.colcon_core.package_identification:_identify(src/my_cpp_pkg) by extensions ['ignore', 'ignore_ament_install']
[1.103s] Level 1:colcon.colcon_core.package_identification:_identify(src/my_cpp_pkg) by extension 'ignore'
[1.103s] Level 1:colcon.colcon_core.package_identification:_identify(src/my_cpp_pkg) by extension 'ignore_ament_install'
[1.103s] Level 1:colcon.colcon_core.package_identification:_identify(src/my_cpp_pkg) by extensions ['colcon_pkg']
[1.103s] Level 1:colcon.colcon_core.package_identification:_identify(src/my_cpp_pkg) by extension 'colcon_pkg'
[1.104s] Level 1:colcon.colcon_core.package_identification:_identify(src/my_cpp_pkg) by extensions ['colcon_meta']
[1.104s] Level 1:colcon.colcon_core.package_identification:_identify(src/my_cpp_pkg) by extension 'colcon_meta'
[1.104s] Level 1:colcon.colcon_core.package_identification:_identify(src/my_cpp_pkg) by extensions ['ros']
[1.104s] Level 1:colcon.colcon_core.package_identification:_identify(src/my_cpp_pkg) by extension 'ros'
[1.107s] DEBUG:colcon.colcon_core.package_identification:Package 'src/my_cpp_pkg' with type 'ros.ament_cmake' and name 'my_cpp_pkg'
[1.107s] Level 1:colcon.colcon_core.package_identification:_identify(src/my_py_pkg) by extensions ['ignore', 'ignore_ament_install']
[1.107s] Level 1:colcon.colcon_core.package_identification:_identify(src/my_py_pkg) by extension 'ignore'
[1.107s] Level 1:colcon.colcon_core.package_identification:_identify(src/my_py_pkg) by extension 'ignore_ament_install'
[1.107s] Level 1:colcon.colcon_core.package_identification:_identify(src/my_py_pkg) by extensions ['colcon_pkg']
[1.107s] Level 1:colcon.colcon_core.package_identification:_identify(src/my_py_pkg) by extension 'colcon_pkg'
[1.107s] Level 1:colcon.colcon_core.package_identification:_identify(src/my_py_pkg) by extensions ['colcon_meta']
[1.107s] Level 1:colcon.colcon_core.package_identification:_identify(src/my_py_pkg) by extension 'colcon_meta'
[1.107s] Level 1:colcon.colcon_core.package_identification:_identify(src/my_py_pkg) by extensions ['ros']
[1.107s] Level 1:colcon.colcon_core.package_identification:_identify(src/my_py_pkg) by extension 'ros'
[1.108s] DEBUG:colcon.colcon_core.package_identification:Package 'src/my_py_pkg' with type 'ros.ament_python' and name 'my_py_pkg'
[1.108s] Level 1:colcon.colcon_core.package_identification:_identify(src/my_robot_bringup) by extensions ['ignore', 'ignore_ament_install']
[1.108s] Level 1:colcon.colcon_core.package_identification:_identify(src/my_robot_bringup) by extension 'ignore'
[1.109s] Level 1:colcon.colcon_core.package_identification:_identify(src/my_robot_bringup) by extension 'ignore_ament_install'
[1.109s] Level 1:colcon.colcon_core.package_identification:_identify(src/my_robot_bringup) by extensions ['colcon_pkg']
[1.109s] Level 1:colcon.colcon_core.package_identification:_identify(src/my_robot_bringup) by extension 'colcon_pkg'
[1.109s] Level 1:colcon.colcon_core.package_identification:_identify(src/my_robot_bringup) by extensions ['colcon_meta']
[1.109s] Level 1:colcon.colcon_core.package_identification:_identify(src/my_robot_bringup) by extension 'colcon_meta'
[1.109s] Level 1:colcon.colcon_core.package_identification:_identify(src/my_robot_bringup) by extensions ['ros']
[1.109s] Level 1:colcon.colcon_core.package_identification:_identify(src/my_robot_bringup) by extension 'ros'
[1.109s] DEBUG:colcon.colcon_core.package_identification:Package 'src/my_robot_bringup' with type 'ros.ament_cmake' and name 'my_robot_bringup'
[1.110s] Level 1:colcon.colcon_core.package_identification:_identify(src/my_robot_interfaces) by extensions ['ignore', 'ignore_ament_install']
[1.110s] Level 1:colcon.colcon_core.package_identification:_identify(src/my_robot_interfaces) by extension 'ignore'
[1.110s] Level 1:colcon.colcon_core.package_identification:_identify(src/my_robot_interfaces) by extension 'ignore_ament_install'
[1.110s] Level 1:colcon.colcon_core.package_identification:_identify(src/my_robot_interfaces) by extensions ['colcon_pkg']
[1.110s] Level 1:colcon.colcon_core.package_identification:_identify(src/my_robot_interfaces) by extension 'colcon_pkg'
[1.110s] Level 1:colcon.colcon_core.package_identification:_identify(src/my_robot_interfaces) by extensions ['colcon_meta']
[1.110s] Level 1:colcon.colcon_core.package_identification:_identify(src/my_robot_interfaces) by extension 'colcon_meta'
[1.110s] Level 1:colcon.colcon_core.package_identification:_identify(src/my_robot_interfaces) by extensions ['ros']
[1.110s] Level 1:colcon.colcon_core.package_identification:_identify(src/my_robot_interfaces) by extension 'ros'
[1.111s] DEBUG:colcon.colcon_core.package_identification:Package 'src/my_robot_interfaces' with type 'ros.ament_cmake' and name 'my_robot_interfaces'
[1.111s] Level 1:colcon.colcon_core.package_identification:_identify(src/realsense-ros) by extensions ['ignore', 'ignore_ament_install']
[1.111s] Level 1:colcon.colcon_core.package_identification:_identify(src/realsense-ros) by extension 'ignore'
[1.111s] Level 1:colcon.colcon_core.package_identification:_identify(src/realsense-ros) by extension 'ignore_ament_install'
[1.111s] Level 1:colcon.colcon_core.package_identification:_identify(src/realsense-ros) by extensions ['colcon_pkg']
[1.111s] Level 1:colcon.colcon_core.package_identification:_identify(src/realsense-ros) by extension 'colcon_pkg'
[1.111s] Level 1:colcon.colcon_core.package_identification:_identify(src/realsense-ros) by extensions ['colcon_meta']
[1.111s] Level 1:colcon.colcon_core.package_identification:_identify(src/realsense-ros) by extension 'colcon_meta'
[1.111s] Level 1:colcon.colcon_core.package_identification:_identify(src/realsense-ros) by extensions ['ros']
[1.111s] Level 1:colcon.colcon_core.package_identification:_identify(src/realsense-ros) by extension 'ros'
[1.111s] Level 1:colcon.colcon_core.package_identification:_identify(src/realsense-ros) by extensions ['cmake', 'python']
[1.111s] Level 1:colcon.colcon_core.package_identification:_identify(src/realsense-ros) by extension 'cmake'
[1.111s] Level 1:colcon.colcon_core.package_identification:_identify(src/realsense-ros) by extension 'python'
[1.111s] Level 1:colcon.colcon_core.package_identification:_identify(src/realsense-ros) by extensions ['python_setup_py']
[1.111s] Level 1:colcon.colcon_core.package_identification:_identify(src/realsense-ros) by extension 'python_setup_py'
[1.112s] Level 1:colcon.colcon_core.package_identification:_identify(src/realsense-ros/realsense2_camera) by extensions ['ignore', 'ignore_ament_install']
[1.112s] Level 1:colcon.colcon_core.package_identification:_identify(src/realsense-ros/realsense2_camera) by extension 'ignore'
[1.112s] Level 1:colcon.colcon_core.package_identification:_identify(src/realsense-ros/realsense2_camera) by extension 'ignore_ament_install'
[1.112s] Level 1:colcon.colcon_core.package_identification:_identify(src/realsense-ros/realsense2_camera) by extensions ['colcon_pkg']
[1.112s] Level 1:colcon.colcon_core.package_identification:_identify(src/realsense-ros/realsense2_camera) by extension 'colcon_pkg'
[1.112s] Level 1:colcon.colcon_core.package_identification:_identify(src/realsense-ros/realsense2_camera) by extensions ['colcon_meta']
[1.112s] Level 1:colcon.colcon_core.package_identification:_identify(src/realsense-ros/realsense2_camera) by extension 'colcon_meta'
[1.112s] Level 1:colcon.colcon_core.package_identification:_identify(src/realsense-ros/realsense2_camera) by extensions ['ros']
[1.112s] Level 1:colcon.colcon_core.package_identification:_identify(src/realsense-ros/realsense2_camera) by extension 'ros'
[1.114s] DEBUG:colcon.colcon_core.package_identification:Package 'src/realsense-ros/realsense2_camera' with type 'ros.ament_cmake' and name 'realsense2_camera'
[1.114s] Level 1:colcon.colcon_core.package_identification:_identify(src/realsense-ros/realsense2_camera_msgs) by extensions ['ignore', 'ignore_ament_install']
[1.114s] Level 1:colcon.colcon_core.package_identification:_identify(src/realsense-ros/realsense2_camera_msgs) by extension 'ignore'
[1.115s] Level 1:colcon.colcon_core.package_identification:_identify(src/realsense-ros/realsense2_camera_msgs) by extension 'ignore_ament_install'
[1.115s] Level 1:colcon.colcon_core.package_identification:_identify(src/realsense-ros/realsense2_camera_msgs) by extensions ['colcon_pkg']
[1.115s] Level 1:colcon.colcon_core.package_identification:_identify(src/realsense-ros/realsense2_camera_msgs) by extension 'colcon_pkg'
[1.115s] Level 1:colcon.colcon_core.package_identification:_identify(src/realsense-ros/realsense2_camera_msgs) by extensions ['colcon_meta']
[1.115s] Level 1:colcon.colcon_core.package_identification:_identify(src/realsense-ros/realsense2_camera_msgs) by extension 'colcon_meta'
[1.115s] Level 1:colcon.colcon_core.package_identification:_identify(src/realsense-ros/realsense2_camera_msgs) by extensions ['ros']
[1.115s] Level 1:colcon.colcon_core.package_identification:_identify(src/realsense-ros/realsense2_camera_msgs) by extension 'ros'
[1.116s] DEBUG:colcon.colcon_core.package_identification:Package 'src/realsense-ros/realsense2_camera_msgs' with type 'ros.ament_cmake' and name 'realsense2_camera_msgs'
[1.116s] Level 1:colcon.colcon_core.package_identification:_identify(src/realsense-ros/realsense2_description) by extensions ['ignore', 'ignore_ament_install']
[1.116s] Level 1:colcon.colcon_core.package_identification:_identify(src/realsense-ros/realsense2_description) by extension 'ignore'
[1.116s] Level 1:colcon.colcon_core.package_identification:_identify(src/realsense-ros/realsense2_description) by extension 'ignore_ament_install'
[1.116s] Level 1:colcon.colcon_core.package_identification:_identify(src/realsense-ros/realsense2_description) by extensions ['colcon_pkg']
[1.116s] Level 1:colcon.colcon_core.package_identification:_identify(src/realsense-ros/realsense2_description) by extension 'colcon_pkg'
[1.116s] Level 1:colcon.colcon_core.package_identification:_identify(src/realsense-ros/realsense2_description) by extensions ['colcon_meta']
[1.116s] Level 1:colcon.colcon_core.package_identification:_identify(src/realsense-ros/realsense2_description) by extension 'colcon_meta'
[1.116s] Level 1:colcon.colcon_core.package_identification:_identify(src/realsense-ros/realsense2_description) by extensions ['ros']
[1.116s] Level 1:colcon.colcon_core.package_identification:_identify(src/realsense-ros/realsense2_description) by extension 'ros'
[1.117s] DEBUG:colcon.colcon_core.package_identification:Package 'src/realsense-ros/realsense2_description' with type 'ros.ament_cmake' and name 'realsense2_description'
[1.117s] Level 1:colcon.colcon_core.package_identification:_identify(src/realsense-ros/scripts) by extensions ['ignore', 'ignore_ament_install']
[1.118s] Level 1:colcon.colcon_core.package_identification:_identify(src/realsense-ros/scripts) by extension 'ignore'
[1.118s] Level 1:colcon.colcon_core.package_identification:_identify(src/realsense-ros/scripts) by extension 'ignore_ament_install'
[1.118s] Level 1:colcon.colcon_core.package_identification:_identify(src/realsense-ros/scripts) by extensions ['colcon_pkg']
[1.118s] Level 1:colcon.colcon_core.package_identification:_identify(src/realsense-ros/scripts) by extension 'colcon_pkg'
[1.118s] Level 1:colcon.colcon_core.package_identification:_identify(src/realsense-ros/scripts) by extensions ['colcon_meta']
[1.118s] Level 1:colcon.colcon_core.package_identification:_identify(src/realsense-ros/scripts) by extension 'colcon_meta'
[1.118s] Level 1:colcon.colcon_core.package_identification:_identify(src/realsense-ros/scripts) by extensions ['ros']
[1.118s] Level 1:colcon.colcon_core.package_identification:_identify(src/realsense-ros/scripts) by extension 'ros'
[1.118s] Level 1:colcon.colcon_core.package_identification:_identify(src/realsense-ros/scripts) by extensions ['cmake', 'python']
[1.118s] Level 1:colcon.colcon_core.package_identification:_identify(src/realsense-ros/scripts) by extension 'cmake'
[1.118s] Level 1:colcon.colcon_core.package_identification:_identify(src/realsense-ros/scripts) by extension 'python'
[1.118s] Level 1:colcon.colcon_core.package_identification:_identify(src/realsense-ros/scripts) by extensions ['python_setup_py']
[1.118s] Level 1:colcon.colcon_core.package_identification:_identify(src/realsense-ros/scripts) by extension 'python_setup_py'
[1.118s] Level 1:colcon.colcon_core.package_discovery:discover_packages(recursive) using defaults
[1.118s] Level 1:colcon.colcon_core.package_discovery:discover_packages(ignore) discover
[1.119s] Level 1:colcon.colcon_core.package_discovery:discover_packages(ignore) using defaults
[1.119s] Level 1:colcon.colcon_core.package_discovery:discover_packages(path) discover
[1.119s] Level 1:colcon.colcon_core.package_discovery:discover_packages(path) using defaults
[1.191s] INFO:colcon.colcon_core.package_selection:Skipping not selected package 'my_robot_interfaces' in 'src/my_robot_interfaces'
[1.192s] INFO:colcon.colcon_core.package_selection:Skipping not selected package 'realsense2_camera_msgs' in 'src/realsense-ros/realsense2_camera_msgs'
[1.192s] INFO:colcon.colcon_core.package_selection:Skipping not selected package 'my_py_pkg' in 'src/my_py_pkg'
[1.192s] INFO:colcon.colcon_core.package_selection:Skipping not selected package 'realsense2_camera' in 'src/realsense-ros/realsense2_camera'
[1.192s] INFO:colcon.colcon_core.package_selection:Skipping not selected package 'realsense2_description' in 'src/realsense-ros/realsense2_description'
[1.192s] INFO:colcon.colcon_core.package_selection:Skipping not selected package 'my_robot_bringup' in 'src/my_robot_bringup'
[1.224s] Level 1:colcon.colcon_core.package_discovery:discover_packages(prefix_path) check parameters
[1.224s] Level 1:colcon.colcon_core.package_discovery:discover_packages(prefix_path) discover
[1.258s] DEBUG:colcon.colcon_installed_package_information.package_discovery:Found 7 installed packages in /home/arthur/ros2_ws/install
[1.276s] DEBUG:colcon.colcon_installed_package_information.package_discovery:Found 276 installed packages in /opt/ros/humble
[1.277s] Level 1:colcon.colcon_core.package_discovery:discover_packages(prefix_path) using defaults
[1.370s] WARNING:colcon.colcon_core.package_selection:Some selected packages are already built in one or more underlay workspaces:
	'my_cpp_pkg' is in: /home/arthur/ros2_ws/install/my_cpp_pkg
If a package in a merged underlay workspace is overridden and it installs headers, then all packages in the overlay must sort their include directories by workspace order. Failure to do so may result in build failures or undefined behavior at run time.
If the overridden package is used by another package in any underlay, then the overriding package in the overlay must be API and ABI compatible or undefined behavior at run time may occur.

If you understand the risks and want to override a package anyways, add the following to the command line:
	--allow-overriding my_cpp_pkg

This may be promoted to an error in a future release of colcon-override-check.
[1.387s] Level 5:colcon.colcon_core.verb:set package 'my_cpp_pkg' build argument 'cmake_args' from command line to 'None'
[1.387s] Level 5:colcon.colcon_core.verb:set package 'my_cpp_pkg' build argument 'cmake_target' from command line to 'None'
[1.387s] Level 5:colcon.colcon_core.verb:set package 'my_cpp_pkg' build argument 'cmake_target_skip_unavailable' from command line to 'False'
[1.387s] Level 5:colcon.colcon_core.verb:set package 'my_cpp_pkg' build argument 'cmake_clean_cache' from command line to 'False'
[1.387s] Level 5:colcon.colcon_core.verb:set package 'my_cpp_pkg' build argument 'cmake_clean_first' from command line to 'False'
[1.387s] Level 5:colcon.colcon_core.verb:set package 'my_cpp_pkg' build argument 'cmake_force_configure' from command line to 'False'
[1.387s] Level 5:colcon.colcon_core.verb:set package 'my_cpp_pkg' build argument 'ament_cmake_args' from command line to 'None'
[1.387s] Level 5:colcon.colcon_core.verb:set package 'my_cpp_pkg' build argument 'catkin_cmake_args' from command line to 'None'
[1.387s] Level 5:colcon.colcon_core.verb:set package 'my_cpp_pkg' build argument 'catkin_skip_building_tests' from command line to 'False'
[1.387s] DEBUG:colcon.colcon_core.verb:Building package 'my_cpp_pkg' with the following arguments: {'ament_cmake_args': None, 'build_base': '/home/arthur/ros2_ws/build/my_cpp_pkg', 'catkin_cmake_args': None, 'catkin_skip_building_tests': False, 'cmake_args': None, 'cmake_clean_cache': False, 'cmake_clean_first': False, 'cmake_force_configure': False, 'cmake_target': None, 'cmake_target_skip_unavailable': False, 'install_base': '/home/arthur/ros2_ws/install/my_cpp_pkg', 'merge_install': False, 'path': '/home/arthur/ros2_ws/src/my_cpp_pkg', 'symlink_install': False, 'test_result_base': None}
[1.404s] INFO:colcon.colcon_core.executor:Executing jobs using 'parallel' executor
[1.422s] DEBUG:colcon.colcon_parallel_executor.executor.parallel:run_until_complete
[1.422s] INFO:colcon.colcon_ros.task.ament_cmake.build:Building ROS package in '/home/arthur/ros2_ws/src/my_cpp_pkg' with build type 'ament_cmake'
[1.422s] INFO:colcon.colcon_cmake.task.cmake.build:Building CMake package in '/home/arthur/ros2_ws/src/my_cpp_pkg'
[1.441s] INFO:colcon.colcon_core.plugin_system:Skipping extension 'colcon_core.shell.bat': Not used on non-Windows systems
[1.442s] INFO:colcon.colcon_core.shell:Skip shell extension 'powershell' for command environment: Not usable outside of PowerShell
[1.442s] DEBUG:colcon.colcon_core.shell:Skip shell extension 'dsv' for command environment
[1.546s] DEBUG:colcon.colcon_core.event_handler.log_command:Invoking command in '/home/arthur/ros2_ws/build/my_cpp_pkg': CMAKE_PREFIX_PATH=/home/arthur/ros2_ws/install/my_robot_interfaces:/home/arthur/ros2_ws/install/realsense2_description:/home/arthur/ros2_ws/install/my_robot_bringup:/home/arthur/ros2_ws/install/realsense2_camera:/home/arthur/ros2_ws/install/realsense2_camera_msgs:/home/arthur/ros2_ws/install/my_cpp_pkg:/home/arthur/ros2_ws/install/my_py_pkg:/opt/ros/humble LD_LIBRARY_PATH=/home/arthur/ros2_ws/install/my_robot_interfaces/lib:/home/arthur/ros2_ws/install/realsense2_camera/lib:/home/arthur/ros2_ws/install/realsense2_camera_msgs/lib:/opt/ros/humble/opt/rviz_ogre_vendor/lib:/opt/ros/humble/lib/x86_64-linux-gnu:/opt/ros/humble/lib /usr/bin/cmake --build /home/arthur/ros2_ws/build/my_cpp_pkg -- -j4 -l4
[18.895s] DEBUG:colcon.colcon_core.event_handler.log_command:Invoked command in '/home/arthur/ros2_ws/build/my_cpp_pkg' returned '0': CMAKE_PREFIX_PATH=/home/arthur/ros2_ws/install/my_robot_interfaces:/home/arthur/ros2_ws/install/realsense2_description:/home/arthur/ros2_ws/install/my_robot_bringup:/home/arthur/ros2_ws/install/realsense2_camera:/home/arthur/ros2_ws/install/realsense2_camera_msgs:/home/arthur/ros2_ws/install/my_cpp_pkg:/home/arthur/ros2_ws/install/my_py_pkg:/opt/ros/humble LD_LIBRARY_PATH=/home/arthur/ros2_ws/install/my_robot_interfaces/lib:/home/arthur/ros2_ws/install/realsense2_camera/lib:/home/arthur/ros2_ws/install/realsense2_camera_msgs/lib:/opt/ros/humble/opt/rviz_ogre_vendor/lib:/opt/ros/humble/lib/x86_64-linux-gnu:/opt/ros/humble/lib /usr/bin/cmake --build /home/arthur/ros2_ws/build/my_cpp_pkg -- -j4 -l4
[18.974s] DEBUG:colcon.colcon_core.event_handler.log_command:Invoking command in '/home/arthur/ros2_ws/build/my_cpp_pkg': CMAKE_PREFIX_PATH=/home/arthur/ros2_ws/install/my_robot_interfaces:/home/arthur/ros2_ws/install/realsense2_description:/home/arthur/ros2_ws/install/my_robot_bringup:/home/arthur/ros2_ws/install/realsense2_camera:/home/arthur/ros2_ws/install/realsense2_camera_msgs:/home/arthur/ros2_ws/install/my_cpp_pkg:/home/arthur/ros2_ws/install/my_py_pkg:/opt/ros/humble LD_LIBRARY_PATH=/home/arthur/ros2_ws/install/my_robot_interfaces/lib:/home/arthur/ros2_ws/install/realsense2_camera/lib:/home/arthur/ros2_ws/install/realsense2_camera_msgs/lib:/opt/ros/humble/opt/rviz_ogre_vendor/lib:/opt/ros/humble/lib/x86_64-linux-gnu:/opt/ros/humble/lib /usr/bin/cmake --install /home/arthur/ros2_ws/build/my_cpp_pkg
[19.198s] Level 1:colcon.colcon_core.environment:create_environment_scripts_only(my_cpp_pkg)
[19.201s] DEBUG:colcon.colcon_core.event_handler.log_command:Invoked command in '/home/arthur/ros2_ws/build/my_cpp_pkg' returned '0': CMAKE_PREFIX_PATH=/home/arthur/ros2_ws/install/my_robot_interfaces:/home/arthur/ros2_ws/install/realsense2_description:/home/arthur/ros2_ws/install/my_robot_bringup:/home/arthur/ros2_ws/install/realsense2_camera:/home/arthur/ros2_ws/install/realsense2_camera_msgs:/home/arthur/ros2_ws/install/my_cpp_pkg:/home/arthur/ros2_ws/install/my_py_pkg:/opt/ros/humble LD_LIBRARY_PATH=/home/arthur/ros2_ws/install/my_robot_interfaces/lib:/home/arthur/ros2_ws/install/realsense2_camera/lib:/home/arthur/ros2_ws/install/realsense2_camera_msgs/lib:/opt/ros/humble/opt/rviz_ogre_vendor/lib:/opt/ros/humble/lib/x86_64-linux-gnu:/opt/ros/humble/lib /usr/bin/cmake --install /home/arthur/ros2_ws/build/my_cpp_pkg
[19.243s] Level 1:colcon.colcon_core.environment:checking '/home/arthur/ros2_ws/install/my_cpp_pkg' for CMake module files
[19.244s] Level 1:colcon.colcon_core.environment:checking '/home/arthur/ros2_ws/install/my_cpp_pkg' for CMake config files
[19.244s] Level 1:colcon.colcon_core.shell:create_environment_hook('my_cpp_pkg', 'cmake_prefix_path')
[19.260s] INFO:colcon.colcon_core.shell:Creating environment hook '/home/arthur/ros2_ws/install/my_cpp_pkg/share/my_cpp_pkg/hook/cmake_prefix_path.ps1'
[19.260s] INFO:colcon.colcon_core.shell:Creating environment descriptor '/home/arthur/ros2_ws/install/my_cpp_pkg/share/my_cpp_pkg/hook/cmake_prefix_path.dsv'
[19.261s] INFO:colcon.colcon_core.shell:Creating environment hook '/home/arthur/ros2_ws/install/my_cpp_pkg/share/my_cpp_pkg/hook/cmake_prefix_path.sh'
[19.261s] Level 1:colcon.colcon_core.environment:checking '/home/arthur/ros2_ws/install/my_cpp_pkg/lib'
[19.262s] Level 1:colcon.colcon_core.environment:checking '/home/arthur/ros2_ws/install/my_cpp_pkg/bin'
[19.262s] Level 1:colcon.colcon_core.environment:checking '/home/arthur/ros2_ws/install/my_cpp_pkg/lib/pkgconfig/my_cpp_pkg.pc'
[19.262s] Level 1:colcon.colcon_core.environment:checking '/home/arthur/ros2_ws/install/my_cpp_pkg/lib/python3.10/site-packages'
[19.262s] Level 1:colcon.colcon_core.environment:checking '/home/arthur/ros2_ws/install/my_cpp_pkg/bin'
[19.276s] INFO:colcon.colcon_core.shell:Creating package script '/home/arthur/ros2_ws/install/my_cpp_pkg/share/my_cpp_pkg/package.ps1'
[19.277s] INFO:colcon.colcon_core.shell:Creating package descriptor '/home/arthur/ros2_ws/install/my_cpp_pkg/share/my_cpp_pkg/package.dsv'
[19.277s] INFO:colcon.colcon_core.shell:Creating package script '/home/arthur/ros2_ws/install/my_cpp_pkg/share/my_cpp_pkg/package.sh'
[19.278s] INFO:colcon.colcon_core.shell:Creating package script '/home/arthur/ros2_ws/install/my_cpp_pkg/share/my_cpp_pkg/package.bash'
[19.279s] INFO:colcon.colcon_core.shell:Creating package script '/home/arthur/ros2_ws/install/my_cpp_pkg/share/my_cpp_pkg/package.zsh'
[19.279s] Level 1:colcon.colcon_core.environment:create_file_with_runtime_dependencies(/home/arthur/ros2_ws/install/my_cpp_pkg/share/colcon-core/packages/my_cpp_pkg)
[19.364s] Level 1:colcon.colcon_core.environment:create_environment_scripts_only(my_cpp_pkg)
[19.378s] Level 1:colcon.colcon_core.environment:checking '/home/arthur/ros2_ws/install/my_cpp_pkg' for CMake module files
[19.378s] Level 1:colcon.colcon_core.environment:checking '/home/arthur/ros2_ws/install/my_cpp_pkg' for CMake config files
[19.379s] Level 1:colcon.colcon_core.shell:create_environment_hook('my_cpp_pkg', 'cmake_prefix_path')
[19.393s] INFO:colcon.colcon_core.shell:Creating environment hook '/home/arthur/ros2_ws/install/my_cpp_pkg/share/my_cpp_pkg/hook/cmake_prefix_path.ps1'
[19.393s] INFO:colcon.colcon_core.shell:Creating environment descriptor '/home/arthur/ros2_ws/install/my_cpp_pkg/share/my_cpp_pkg/hook/cmake_prefix_path.dsv'
[19.394s] INFO:colcon.colcon_core.shell:Creating environment hook '/home/arthur/ros2_ws/install/my_cpp_pkg/share/my_cpp_pkg/hook/cmake_prefix_path.sh'
[19.394s] Level 1:colcon.colcon_core.environment:checking '/home/arthur/ros2_ws/install/my_cpp_pkg/lib'
[19.394s] Level 1:colcon.colcon_core.environment:checking '/home/arthur/ros2_ws/install/my_cpp_pkg/bin'
[19.395s] Level 1:colcon.colcon_core.environment:checking '/home/arthur/ros2_ws/install/my_cpp_pkg/lib/pkgconfig/my_cpp_pkg.pc'
[19.395s] Level 1:colcon.colcon_core.environment:checking '/home/arthur/ros2_ws/install/my_cpp_pkg/lib/python3.10/site-packages'
[19.395s] Level 1:colcon.colcon_core.environment:checking '/home/arthur/ros2_ws/install/my_cpp_pkg/bin'
[19.409s] INFO:colcon.colcon_core.shell:Creating package script '/home/arthur/ros2_ws/install/my_cpp_pkg/share/my_cpp_pkg/package.ps1'
[19.410s] INFO:colcon.colcon_core.shell:Creating package descriptor '/home/arthur/ros2_ws/install/my_cpp_pkg/share/my_cpp_pkg/package.dsv'
[19.410s] INFO:colcon.colcon_core.shell:Creating package script '/home/arthur/ros2_ws/install/my_cpp_pkg/share/my_cpp_pkg/package.sh'
[19.411s] INFO:colcon.colcon_core.shell:Creating package script '/home/arthur/ros2_ws/install/my_cpp_pkg/share/my_cpp_pkg/package.bash'
[19.411s] INFO:colcon.colcon_core.shell:Creating package script '/home/arthur/ros2_ws/install/my_cpp_pkg/share/my_cpp_pkg/package.zsh'
[19.412s] Level 1:colcon.colcon_core.environment:create_file_with_runtime_dependencies(/home/arthur/ros2_ws/install/my_cpp_pkg/share/colcon-core/packages/my_cpp_pkg)
[19.412s] DEBUG:colcon.colcon_parallel_executor.executor.parallel:closing loop
[19.412s] DEBUG:colcon.colcon_parallel_executor.executor.parallel:loop closed
[19.413s] DEBUG:colcon.colcon_parallel_executor.executor.parallel:run_until_complete finished with '0'
[19.413s] DEBUG:colcon.colcon_core.event_reactor:joining thread
[19.496s] INFO:colcon.colcon_core.plugin_system:Skipping extension 'colcon_notification.desktop_notification.terminal_notifier': Not used on non-Darwin systems
[19.496s] INFO:colcon.colcon_core.plugin_system:Skipping extension 'colcon_notification.desktop_notification.win32': Not used on non-Windows systems
[19.496s] INFO:colcon.colcon_notification.desktop_notification:Sending desktop notification using 'notify2'
[19.508s] DEBUG:colcon.colcon_core.event_reactor:joined thread
[19.523s] INFO:colcon.colcon_core.shell:Creating prefix script '/home/arthur/ros2_ws/install/local_setup.ps1'
[19.524s] INFO:colcon.colcon_core.shell:Creating prefix util module '/home/arthur/ros2_ws/install/_local_setup_util_ps1.py'
[19.526s] INFO:colcon.colcon_core.shell:Creating prefix chain script '/home/arthur/ros2_ws/install/setup.ps1'
[19.544s] INFO:colcon.colcon_core.shell:Creating prefix script '/home/arthur/ros2_ws/install/local_setup.sh'
[19.544s] INFO:colcon.colcon_core.shell:Creating prefix util module '/home/arthur/ros2_ws/install/_local_setup_util_sh.py'
[19.545s] INFO:colcon.colcon_core.shell:Creating prefix chain script '/home/arthur/ros2_ws/install/setup.sh'
[19.573s] INFO:colcon.colcon_core.shell:Creating prefix script '/home/arthur/ros2_ws/install/local_setup.bash'
[19.573s] INFO:colcon.colcon_core.shell:Creating prefix chain script '/home/arthur/ros2_ws/install/setup.bash'
[19.589s] INFO:colcon.colcon_core.shell:Creating prefix script '/home/arthur/ros2_ws/install/local_setup.zsh'
[19.589s] INFO:colcon.colcon_core.shell:Creating prefix chain script '/home/arthur/ros2_ws/install/setup.zsh'
