[0.754s] Invoking command in '/home/arthur/ros2_ws/src/my_py_pkg': PYTHONPATH=/home/arthur/ros2_ws/build/my_py_pkg/prefix_override:/home/arthur/ros2_ws/install/my_py_pkg/lib/python3.10/site-packages:${PYTHONPATH} /usr/bin/python3 setup.py egg_info --egg-base ../../build/my_py_pkg build --build-base /home/arthur/ros2_ws/build/my_py_pkg/build install --record /home/arthur/ros2_ws/build/my_py_pkg/install.log --single-version-externally-managed
[0.997s] running egg_info
[0.998s] writing ../../build/my_py_pkg/my_py_pkg.egg-info/PKG-INFO
[0.998s] writing dependency_links to ../../build/my_py_pkg/my_py_pkg.egg-info/dependency_links.txt
[0.999s] writing entry points to ../../build/my_py_pkg/my_py_pkg.egg-info/entry_points.txt
[0.999s] writing requirements to ../../build/my_py_pkg/my_py_pkg.egg-info/requires.txt
[0.999s] writing top-level names to ../../build/my_py_pkg/my_py_pkg.egg-info/top_level.txt
[1.001s] reading manifest file '../../build/my_py_pkg/my_py_pkg.egg-info/SOURCES.txt'
[1.002s] writing manifest file '../../build/my_py_pkg/my_py_pkg.egg-info/SOURCES.txt'
[1.003s] running build
[1.003s] running build_py
[1.003s] copying my_py_pkg/robot_news_station.py -> /home/arthur/ros2_ws/build/my_py_pkg/build/lib/my_py_pkg
[1.004s] running install
[1.004s] running install_lib
[1.005s] copying /home/arthur/ros2_ws/build/my_py_pkg/build/lib/my_py_pkg/robot_news_station.py -> /home/arthur/ros2_ws/install/my_py_pkg/lib/python3.10/site-packages/my_py_pkg
[1.006s] byte-compiling /home/arthur/ros2_ws/install/my_py_pkg/lib/python3.10/site-packages/my_py_pkg/robot_news_station.py to robot_news_station.cpython-310.pyc
[1.006s] running install_data
[1.007s] running install_egg_info
[1.008s] removing '/home/arthur/ros2_ws/install/my_py_pkg/lib/python3.10/site-packages/my_py_pkg-0.0.0-py3.10.egg-info' (and everything under it)
[1.009s] Copying ../../build/my_py_pkg/my_py_pkg.egg-info to /home/arthur/ros2_ws/install/my_py_pkg/lib/python3.10/site-packages/my_py_pkg-0.0.0-py3.10.egg-info
[1.027s] running install_scripts
[1.048s] Installing py_node script to /home/arthur/ros2_ws/install/my_py_pkg/lib/my_py_pkg
[1.048s] Installing robot_news_station script to /home/arthur/ros2_ws/install/my_py_pkg/lib/my_py_pkg
[1.048s] writing list of installed files to '/home/arthur/ros2_ws/build/my_py_pkg/install.log'
[1.073s] Invoked command in '/home/arthur/ros2_ws/src/my_py_pkg' returned '0': PYTHONPATH=/home/arthur/ros2_ws/build/my_py_pkg/prefix_override:/home/arthur/ros2_ws/install/my_py_pkg/lib/python3.10/site-packages:${PYTHONPATH} /usr/bin/python3 setup.py egg_info --egg-base ../../build/my_py_pkg build --build-base /home/arthur/ros2_ws/build/my_py_pkg/build install --record /home/arthur/ros2_ws/build/my_py_pkg/install.log --single-version-externally-managed
