[0.845s] Invoking command in '/home/arthur/ros2_ws/build/my_py_pkg': PYTHONPATH=/home/arthur/ros2_ws/build/my_py_pkg/prefix_override:/home/arthur/ros2_ws/install/my_py_pkg/lib/python3.10/site-packages:${PYTHONPATH} /usr/bin/python3 setup.py develop --editable --build-directory /home/arthur/ros2_ws/build/my_py_pkg/build --no-deps install_data
[1.112s] running develop
[1.269s] running egg_info
[1.270s] writing my_py_pkg.egg-info/PKG-INFO
[1.270s] writing dependency_links to my_py_pkg.egg-info/dependency_links.txt
[1.270s] writing entry points to my_py_pkg.egg-info/entry_points.txt
[1.271s] writing requirements to my_py_pkg.egg-info/requires.txt
[1.271s] writing top-level names to my_py_pkg.egg-info/top_level.txt
[1.272s] reading manifest file 'my_py_pkg.egg-info/SOURCES.txt'
[1.273s] writing manifest file 'my_py_pkg.egg-info/SOURCES.txt'
[1.275s] running build_ext
[1.275s] Creating /home/arthur/ros2_ws/install/my_py_pkg/lib/python3.10/site-packages/my-py-pkg.egg-link (link to .)
[1.276s] Installing add_two_ints_client script to /home/arthur/ros2_ws/install/my_py_pkg/lib/my_py_pkg
[1.276s] Installing add_two_ints_client_no_oop script to /home/arthur/ros2_ws/install/my_py_pkg/lib/my_py_pkg
[1.277s] Installing add_two_ints_server script to /home/arthur/ros2_ws/install/my_py_pkg/lib/my_py_pkg
[1.277s] Installing number_publisher script to /home/arthur/ros2_ws/install/my_py_pkg/lib/my_py_pkg
[1.277s] Installing py_node script to /home/arthur/ros2_ws/install/my_py_pkg/lib/my_py_pkg
[1.277s] Installing robot_news_station script to /home/arthur/ros2_ws/install/my_py_pkg/lib/my_py_pkg
[1.277s] Installing smartphone script to /home/arthur/ros2_ws/install/my_py_pkg/lib/my_py_pkg
[1.278s] 
[1.278s] Installed /home/arthur/ros2_ws/build/my_py_pkg
[1.278s] running install_data
[1.305s] Invoked command in '/home/arthur/ros2_ws/build/my_py_pkg' returned '0': PYTHONPATH=/home/arthur/ros2_ws/build/my_py_pkg/prefix_override:/home/arthur/ros2_ws/install/my_py_pkg/lib/python3.10/site-packages:${PYTHONPATH} /usr/bin/python3 setup.py develop --editable --build-directory /home/arthur/ros2_ws/build/my_py_pkg/build --no-deps install_data
