[0.072s] Invoking command in '/home/arthur/ros2_ws/build/camera_pkg': CMAKE_PREFIX_PATH=${CMAKE_PREFIX_PATH}:/home/arthur/ros2_ws/install/my_py_pkg:/opt/ros/humble /usr/bin/cmake --build /home/arthur/ros2_ws/build/camera_pkg -- -j4 -l4
[0.098s] -- Found ament_cmake: 1.3.5 (/opt/ros/humble/share/ament_cmake/cmake)
[0.255s] -- Found rclcpp: 16.0.6 (/opt/ros/humble/share/rclcpp/cmake)
[0.285s] -- Found rosidl_generator_c: 3.1.5 (/opt/ros/humble/share/rosidl_generator_c/cmake)
[0.288s] -- Found rosidl_adapter: 3.1.5 (/opt/ros/humble/share/rosidl_adapter/cmake)
[0.295s] -- Found rosidl_generator_cpp: 3.1.5 (/opt/ros/humble/share/rosidl_generator_cpp/cmake)
[0.307s] -- Using all available rosidl_typesupport_c: rosidl_typesupport_fastrtps_c;rosidl_typesupport_introspection_c
[0.324s] -- Using all available rosidl_typesupport_cpp: rosidl_typesupport_fastrtps_cpp;rosidl_typesupport_introspection_cpp
[0.391s] -- Found rmw_implementation_cmake: 6.1.1 (/opt/ros/humble/share/rmw_implementation_cmake/cmake)
[0.393s] -- Found rmw_fastrtps_cpp: 6.2.4 (/opt/ros/humble/share/rmw_fastrtps_cpp/cmake)
[0.518s] -- Using RMW implementation 'rmw_fastrtps_cpp' as default
[0.699s] -- Found sensor_msgs: 4.2.3 (/opt/ros/humble/share/sensor_msgs/cmake)
[0.843s] -- Found cv_bridge: 3.2.1 (/opt/ros/humble/share/cv_bridge/cmake)
[0.858s] -- Found image_transport: 3.1.7 (/opt/ros/humble/share/image_transport/cmake)
[0.940s] [31mCMake Error at CMakeLists.txt:16 (find_package):
[0.940s]   By not providing "Findrealsense.cmake" in CMAKE_MODULE_PATH this project
[0.940s]   has asked CMake to find a package configuration file provided by
[0.940s]   "realsense", but CMake did not find one.
[0.940s] 
[0.940s]   Could not find a package configuration file provided by "realsense" with
[0.940s]   any of the following names:
[0.940s] 
[0.940s]     realsenseConfig.cmake
[0.940s]     realsense-config.cmake
[0.940s] 
[0.940s]   Add the installation prefix of "realsense" to CMAKE_PREFIX_PATH or set
[0.940s]   "realsense_DIR" to a directory containing one of the above files.  If
[0.940s]   "realsense" provides a separate development package or SDK, be sure it has
[0.941s]   been installed.
[0.941s] 
[0.941s] [0m
[0.941s] -- Configuring incomplete, errors occurred!
[0.941s] See also "/home/arthur/ros2_ws/build/camera_pkg/CMakeFiles/CMakeOutput.log".
[0.947s] gmake: *** [Makefile:267: cmake_check_build_system] Error 1
[0.950s] Invoked command in '/home/arthur/ros2_ws/build/camera_pkg' returned '2': CMAKE_PREFIX_PATH=${CMAKE_PREFIX_PATH}:/home/arthur/ros2_ws/install/my_py_pkg:/opt/ros/humble /usr/bin/cmake --build /home/arthur/ros2_ws/build/camera_pkg -- -j4 -l4
