[0.775s] Invoking command in '/home/arthur/ros2_ws/src/my_py_pkg': CMAKE_PREFIX_PATH=/home/arthur/ros2_ws/install/my_robot_interfaces:/home/arthur/ros2_ws/install/realsense2_description:/home/arthur/ros2_ws/install/my_robot_bringup:/home/arthur/ros2_ws/install/realsense2_camera:/home/arthur/ros2_ws/install/realsense2_camera_msgs:/home/arthur/ros2_ws/install/my_cpp_pkg LD_LIBRARY_PATH=/home/arthur/ros2_ws/install/my_robot_interfaces/lib:/home/arthur/ros2_ws/install/realsense2_camera/lib:/home/arthur/ros2_ws/install/realsense2_camera_msgs/lib:/opt/ros/humble/opt/rviz_ogre_vendor/lib:/opt/ros/humble/lib/x86_64-linux-gnu:/opt/ros/humble/lib PYTHONPATH=/home/arthur/ros2_ws/build/my_py_pkg/prefix_override:/home/arthur/ros2_ws/install/my_py_pkg/lib/python3.10/site-packages:${PYTHONPATH} /usr/bin/python3 setup.py egg_info --egg-base ../../build/my_py_pkg build --build-base /home/arthur/ros2_ws/build/my_py_pkg/build install --record /home/arthur/ros2_ws/build/my_py_pkg/install.log --single-version-externally-managed
[1.035s] running egg_info
[1.035s] writing ../../build/my_py_pkg/my_py_pkg.egg-info/PKG-INFO
[1.036s] writing dependency_links to ../../build/my_py_pkg/my_py_pkg.egg-info/dependency_links.txt
[1.036s] writing entry points to ../../build/my_py_pkg/my_py_pkg.egg-info/entry_points.txt
[1.036s] writing requirements to ../../build/my_py_pkg/my_py_pkg.egg-info/requires.txt
[1.037s] writing top-level names to ../../build/my_py_pkg/my_py_pkg.egg-info/top_level.txt
[1.039s] reading manifest file '../../build/my_py_pkg/my_py_pkg.egg-info/SOURCES.txt'
[1.040s] writing manifest file '../../build/my_py_pkg/my_py_pkg.egg-info/SOURCES.txt'
[1.040s] running build
[1.040s] running build_py
[1.040s] copying my_py_pkg/pwm_generator_sim.py -> /home/arthur/ros2_ws/build/my_py_pkg/build/lib/my_py_pkg
[1.041s] running install
[1.041s] running install_lib
[1.042s] copying /home/arthur/ros2_ws/build/my_py_pkg/build/lib/my_py_pkg/pwm_generator_sim.py -> /home/arthur/ros2_ws/install/my_py_pkg/lib/python3.10/site-packages/my_py_pkg
[1.043s] byte-compiling /home/arthur/ros2_ws/install/my_py_pkg/lib/python3.10/site-packages/my_py_pkg/pwm_generator_sim.py to pwm_generator_sim.cpython-310.pyc
[1.044s] running install_data
[1.045s] running install_egg_info
[1.046s] removing '/home/arthur/ros2_ws/install/my_py_pkg/lib/python3.10/site-packages/my_py_pkg-0.0.0-py3.10.egg-info' (and everything under it)
[1.049s] Copying ../../build/my_py_pkg/my_py_pkg.egg-info to /home/arthur/ros2_ws/install/my_py_pkg/lib/python3.10/site-packages/my_py_pkg-0.0.0-py3.10.egg-info
[1.049s] running install_scripts
[1.069s] Installing add_two_ints_client script to /home/arthur/ros2_ws/install/my_py_pkg/lib/my_py_pkg
[1.069s] Installing add_two_ints_client_no_oop script to /home/arthur/ros2_ws/install/my_py_pkg/lib/my_py_pkg
[1.069s] Installing add_two_ints_server script to /home/arthur/ros2_ws/install/my_py_pkg/lib/my_py_pkg
[1.070s] Installing hw_status_publisher script to /home/arthur/ros2_ws/install/my_py_pkg/lib/my_py_pkg
[1.070s] Installing number_publisher script to /home/arthur/ros2_ws/install/my_py_pkg/lib/my_py_pkg
[1.070s] Installing pwm_generator_sim script to /home/arthur/ros2_ws/install/my_py_pkg/lib/my_py_pkg
[1.070s] Installing py_node script to /home/arthur/ros2_ws/install/my_py_pkg/lib/my_py_pkg
[1.070s] Installing robot_news_station script to /home/arthur/ros2_ws/install/my_py_pkg/lib/my_py_pkg
[1.070s] Installing smartphone script to /home/arthur/ros2_ws/install/my_py_pkg/lib/my_py_pkg
[1.071s] writing list of installed files to '/home/arthur/ros2_ws/build/my_py_pkg/install.log'
[1.095s] Invoked command in '/home/arthur/ros2_ws/src/my_py_pkg' returned '0': CMAKE_PREFIX_PATH=/home/arthur/ros2_ws/install/my_robot_interfaces:/home/arthur/ros2_ws/install/realsense2_description:/home/arthur/ros2_ws/install/my_robot_bringup:/home/arthur/ros2_ws/install/realsense2_camera:/home/arthur/ros2_ws/install/realsense2_camera_msgs:/home/arthur/ros2_ws/install/my_cpp_pkg LD_LIBRARY_PATH=/home/arthur/ros2_ws/install/my_robot_interfaces/lib:/home/arthur/ros2_ws/install/realsense2_camera/lib:/home/arthur/ros2_ws/install/realsense2_camera_msgs/lib:/opt/ros/humble/opt/rviz_ogre_vendor/lib:/opt/ros/humble/lib/x86_64-linux-gnu:/opt/ros/humble/lib PYTHONPATH=/home/arthur/ros2_ws/build/my_py_pkg/prefix_override:/home/arthur/ros2_ws/install/my_py_pkg/lib/python3.10/site-packages:${PYTHONPATH} /usr/bin/python3 setup.py egg_info --egg-base ../../build/my_py_pkg build --build-base /home/arthur/ros2_ws/build/my_py_pkg/build install --record /home/arthur/ros2_ws/build/my_py_pkg/install.log --single-version-externally-managed
