[0.069s] Invoking command in '/home/arthur/ros2_ws/build/my_cpp_pkg': CMAKE_PREFIX_PATH=${CMAKE_PREFIX_PATH}:/home/arthur/ros2_ws/install/my_py_pkg:/opt/ros/humble /usr/bin/cmake --build /home/arthur/ros2_ws/build/my_cpp_pkg -- -j4 -l4
[0.113s] [35m[1mConsolidate compiler generated dependencies of target number_counter[0m
[0.129s] [ 14%] Built target robot_news_station
[0.129s] [ 42%] Built target smartphone
[0.129s] [ 42%] Built target cpp_node
[0.137s] [ 50%] [32mBuilding CXX object CMakeFiles/number_counter.dir/src/number_counter.cpp.o[0m
[0.159s] [ 78%] Built target add_two_ints_client
[0.159s] [ 78%] Built target add_two_ints_server
[0.164s] [ 92%] Built target add_two_ints_client_no_oop
[9.095s] [100%] [32m[1mLinking CXX executable number_counter[0m
[9.548s] [100%] Built target number_counter
[9.560s] Invoked command in '/home/arthur/ros2_ws/build/my_cpp_pkg' returned '0': CMAKE_PREFIX_PATH=${CMAKE_PREFIX_PATH}:/home/arthur/ros2_ws/install/my_py_pkg:/opt/ros/humble /usr/bin/cmake --build /home/arthur/ros2_ws/build/my_cpp_pkg -- -j4 -l4
[9.628s] Invoking command in '/home/arthur/ros2_ws/build/my_cpp_pkg': CMAKE_PREFIX_PATH=${CMAKE_PREFIX_PATH}:/home/arthur/ros2_ws/install/my_py_pkg:/opt/ros/humble /usr/bin/cmake --install /home/arthur/ros2_ws/build/my_cpp_pkg
[9.639s] -- Install configuration: ""
[9.639s] -- Up-to-date: /home/arthur/ros2_ws/install/my_cpp_pkg/lib/my_cpp_pkg/cpp_node
[9.640s] -- Up-to-date: /home/arthur/ros2_ws/install/my_cpp_pkg/lib/my_cpp_pkg/robot_news_station
[9.640s] -- Up-to-date: /home/arthur/ros2_ws/install/my_cpp_pkg/lib/my_cpp_pkg/add_two_ints_server
[9.641s] -- Up-to-date: /home/arthur/ros2_ws/install/my_cpp_pkg/lib/my_cpp_pkg/add_two_ints_client_no_oop
[9.642s] -- Up-to-date: /home/arthur/ros2_ws/install/my_cpp_pkg/lib/my_cpp_pkg/add_two_ints_client
[9.642s] -- Up-to-date: /home/arthur/ros2_ws/install/my_cpp_pkg/lib/my_cpp_pkg/smartphone
[9.643s] -- Installing: /home/arthur/ros2_ws/install/my_cpp_pkg/lib/my_cpp_pkg/number_counter
[9.650s] -- Set runtime path of "/home/arthur/ros2_ws/install/my_cpp_pkg/lib/my_cpp_pkg/number_counter" to ""
[9.650s] -- Up-to-date: /home/arthur/ros2_ws/install/my_cpp_pkg/share/ament_index/resource_index/package_run_dependencies/my_cpp_pkg
[9.650s] -- Up-to-date: /home/arthur/ros2_ws/install/my_cpp_pkg/share/ament_index/resource_index/parent_prefix_path/my_cpp_pkg
[9.650s] -- Up-to-date: /home/arthur/ros2_ws/install/my_cpp_pkg/share/my_cpp_pkg/environment/ament_prefix_path.sh
[9.651s] -- Up-to-date: /home/arthur/ros2_ws/install/my_cpp_pkg/share/my_cpp_pkg/environment/ament_prefix_path.dsv
[9.651s] -- Up-to-date: /home/arthur/ros2_ws/install/my_cpp_pkg/share/my_cpp_pkg/environment/path.sh
[9.651s] -- Up-to-date: /home/arthur/ros2_ws/install/my_cpp_pkg/share/my_cpp_pkg/environment/path.dsv
[9.651s] -- Up-to-date: /home/arthur/ros2_ws/install/my_cpp_pkg/share/my_cpp_pkg/local_setup.bash
[9.651s] -- Up-to-date: /home/arthur/ros2_ws/install/my_cpp_pkg/share/my_cpp_pkg/local_setup.sh
[9.651s] -- Up-to-date: /home/arthur/ros2_ws/install/my_cpp_pkg/share/my_cpp_pkg/local_setup.zsh
[9.651s] -- Up-to-date: /home/arthur/ros2_ws/install/my_cpp_pkg/share/my_cpp_pkg/local_setup.dsv
[9.651s] -- Installing: /home/arthur/ros2_ws/install/my_cpp_pkg/share/my_cpp_pkg/package.dsv
[9.651s] -- Up-to-date: /home/arthur/ros2_ws/install/my_cpp_pkg/share/ament_index/resource_index/packages/my_cpp_pkg
[9.651s] -- Up-to-date: /home/arthur/ros2_ws/install/my_cpp_pkg/share/my_cpp_pkg/cmake/my_cpp_pkgConfig.cmake
[9.652s] -- Up-to-date: /home/arthur/ros2_ws/install/my_cpp_pkg/share/my_cpp_pkg/cmake/my_cpp_pkgConfig-version.cmake
[9.652s] -- Up-to-date: /home/arthur/ros2_ws/install/my_cpp_pkg/share/my_cpp_pkg/package.xml
[9.653s] Invoked command in '/home/arthur/ros2_ws/build/my_cpp_pkg' returned '0': CMAKE_PREFIX_PATH=${CMAKE_PREFIX_PATH}:/home/arthur/ros2_ws/install/my_py_pkg:/opt/ros/humble /usr/bin/cmake --install /home/arthur/ros2_ws/build/my_cpp_pkg
