[0.754s] Invoking command in '/home/arthur/ros2_ws/build/my_py_pkg': PYTHONPATH=/home/arthur/ros2_ws/build/my_py_pkg/prefix_override:/home/arthur/ros2_ws/install/my_py_pkg/lib/python3.10/site-packages:${PYTHONPATH} /usr/bin/python3 setup.py develop --editable --build-directory /home/arthur/ros2_ws/build/my_py_pkg/build --no-deps install_data
[1.021s] running develop
[1.183s] running egg_info
[1.183s] writing my_py_pkg.egg-info/PKG-INFO
[1.183s] writing dependency_links to my_py_pkg.egg-info/dependency_links.txt
[1.183s] writing entry points to my_py_pkg.egg-info/entry_points.txt
[1.184s] writing requirements to my_py_pkg.egg-info/requires.txt
[1.184s] writing top-level names to my_py_pkg.egg-info/top_level.txt
[1.185s] reading manifest file 'my_py_pkg.egg-info/SOURCES.txt'
[1.186s] writing manifest file 'my_py_pkg.egg-info/SOURCES.txt'
[1.188s] running build_ext
[1.188s] Creating /home/arthur/ros2_ws/install/my_py_pkg/lib/python3.10/site-packages/my-py-pkg.egg-link (link to .)
[1.189s] Installing py_node script to /home/arthur/ros2_ws/install/my_py_pkg/lib/my_py_pkg
[1.189s] Installing robot_news_station script to /home/arthur/ros2_ws/install/my_py_pkg/lib/my_py_pkg
[1.189s] Installing smartphone script to /home/arthur/ros2_ws/install/my_py_pkg/lib/my_py_pkg
[1.189s] 
[1.190s] Installed /home/arthur/ros2_ws/build/my_py_pkg
[1.190s] running install_data
[1.190s] copying package.xml -> /home/arthur/ros2_ws/install/my_py_pkg/share/my_py_pkg
[1.217s] Invoked command in '/home/arthur/ros2_ws/build/my_py_pkg' returned '0': PYTHONPATH=/home/arthur/ros2_ws/build/my_py_pkg/prefix_override:/home/arthur/ros2_ws/install/my_py_pkg/lib/python3.10/site-packages:${PYTHONPATH} /usr/bin/python3 setup.py develop --editable --build-directory /home/arthur/ros2_ws/build/my_py_pkg/build --no-deps install_data
