[1.169s] Invoking command in '/home/arthur/ros2_ws/build/my_py_pkg': PYTHONPATH=/home/arthur/ros2_ws/build/my_py_pkg/prefix_override:/home/arthur/ros2_ws/install/my_py_pkg/lib/python3.10/site-packages:${PYTHONPATH} /usr/bin/python3 setup.py develop --editable --build-directory /home/arthur/ros2_ws/build/my_py_pkg/build --no-deps install_data
[1.460s] running develop
[1.729s] running egg_info
[1.729s] writing my_py_pkg.egg-info/PKG-INFO
[1.730s] writing dependency_links to my_py_pkg.egg-info/dependency_links.txt
[1.730s] writing entry points to my_py_pkg.egg-info/entry_points.txt
[1.730s] writing requirements to my_py_pkg.egg-info/requires.txt
[1.730s] writing top-level names to my_py_pkg.egg-info/top_level.txt
[1.732s] reading manifest file 'my_py_pkg.egg-info/SOURCES.txt'
[1.744s] writing manifest file 'my_py_pkg.egg-info/SOURCES.txt'
[1.746s] running build_ext
[1.746s] Creating /home/arthur/ros2_ws/install/my_py_pkg/lib/python3.10/site-packages/my-py-pkg.egg-link (link to .)
[1.747s] Installing number_publisher script to /home/arthur/ros2_ws/install/my_py_pkg/lib/my_py_pkg
[1.747s] Installing py_node script to /home/arthur/ros2_ws/install/my_py_pkg/lib/my_py_pkg
[1.748s] Installing robot_news_station script to /home/arthur/ros2_ws/install/my_py_pkg/lib/my_py_pkg
[1.748s] Installing smartphone script to /home/arthur/ros2_ws/install/my_py_pkg/lib/my_py_pkg
[1.748s] 
[1.748s] Installed /home/arthur/ros2_ws/build/my_py_pkg
[1.748s] running install_data
[1.761s] copying package.xml -> /home/arthur/ros2_ws/install/my_py_pkg/share/my_py_pkg
[1.789s] Invoked command in '/home/arthur/ros2_ws/build/my_py_pkg' returned '0': PYTHONPATH=/home/arthur/ros2_ws/build/my_py_pkg/prefix_override:/home/arthur/ros2_ws/install/my_py_pkg/lib/python3.10/site-packages:${PYTHONPATH} /usr/bin/python3 setup.py develop --editable --build-directory /home/arthur/ros2_ws/build/my_py_pkg/build --no-deps install_data
