[0.125s] Invoking command in '/home/arthur/ros2_ws/build/camera_pkg': CMAKE_PREFIX_PATH=${CMAKE_PREFIX_PATH}:/home/arthur/ros2_ws/install/my_py_pkg:/opt/ros/humble /usr/bin/cmake --build /home/arthur/ros2_ws/build/camera_pkg -- -j4 -l4
[0.593s] [35m[1mConsolidate compiler generated dependencies of target image_processing[0m
[0.639s] [ 50%] [32mBuilding CXX object CMakeFiles/image_processing.dir/src/image_processing.cpp.o[0m
[13.533s] [100%] [32m[1mLinking CXX executable image_processing[0m
[15.549s] [100%] Built target image_processing
[15.561s] Invoked command in '/home/arthur/ros2_ws/build/camera_pkg' returned '0': CMAKE_PREFIX_PATH=${CMAKE_PREFIX_PATH}:/home/arthur/ros2_ws/install/my_py_pkg:/opt/ros/humble /usr/bin/cmake --build /home/arthur/ros2_ws/build/camera_pkg -- -j4 -l4
[15.601s] Invoking command in '/home/arthur/ros2_ws/build/camera_pkg': CMAKE_PREFIX_PATH=${CMAKE_PREFIX_PATH}:/home/arthur/ros2_ws/install/my_py_pkg:/opt/ros/humble /usr/bin/cmake --install /home/arthur/ros2_ws/build/camera_pkg
[15.627s] -- Install configuration: ""
[15.656s] -- Installing: /home/arthur/ros2_ws/install/camera_pkg/lib/camera_pkg/image_processing
[15.667s] -- Set runtime path of "/home/arthur/ros2_ws/install/camera_pkg/lib/camera_pkg/image_processing" to ""
[15.667s] -- Up-to-date: /home/arthur/ros2_ws/install/camera_pkg/share/ament_index/resource_index/package_run_dependencies/camera_pkg
[15.681s] -- Up-to-date: /home/arthur/ros2_ws/install/camera_pkg/share/ament_index/resource_index/parent_prefix_path/camera_pkg
[15.681s] -- Up-to-date: /home/arthur/ros2_ws/install/camera_pkg/share/camera_pkg/environment/ament_prefix_path.sh
[15.682s] -- Up-to-date: /home/arthur/ros2_ws/install/camera_pkg/share/camera_pkg/environment/ament_prefix_path.dsv
[15.682s] -- Up-to-date: /home/arthur/ros2_ws/install/camera_pkg/share/camera_pkg/environment/path.sh
[15.683s] -- Up-to-date: /home/arthur/ros2_ws/install/camera_pkg/share/camera_pkg/environment/path.dsv
[15.683s] -- Up-to-date: /home/arthur/ros2_ws/install/camera_pkg/share/camera_pkg/local_setup.bash
[15.683s] -- Up-to-date: /home/arthur/ros2_ws/install/camera_pkg/share/camera_pkg/local_setup.sh
[15.683s] -- Up-to-date: /home/arthur/ros2_ws/install/camera_pkg/share/camera_pkg/local_setup.zsh
[15.684s] -- Up-to-date: /home/arthur/ros2_ws/install/camera_pkg/share/camera_pkg/local_setup.dsv
[15.684s] -- Installing: /home/arthur/ros2_ws/install/camera_pkg/share/camera_pkg/package.dsv
[15.697s] -- Up-to-date: /home/arthur/ros2_ws/install/camera_pkg/share/ament_index/resource_index/packages/camera_pkg
[15.698s] -- Up-to-date: /home/arthur/ros2_ws/install/camera_pkg/share/camera_pkg/cmake/camera_pkgConfig.cmake
[15.698s] -- Up-to-date: /home/arthur/ros2_ws/install/camera_pkg/share/camera_pkg/cmake/camera_pkgConfig-version.cmake
[15.699s] -- Up-to-date: /home/arthur/ros2_ws/install/camera_pkg/share/camera_pkg/package.xml
[15.717s] Invoked command in '/home/arthur/ros2_ws/build/camera_pkg' returned '0': CMAKE_PREFIX_PATH=${CMAKE_PREFIX_PATH}:/home/arthur/ros2_ws/install/my_py_pkg:/opt/ros/humble /usr/bin/cmake --install /home/arthur/ros2_ws/build/camera_pkg
