[0.071s] Invoking command in '/home/arthur/ros2_ws/build/camera_pkg': CMAKE_PREFIX_PATH=${CMAKE_PREFIX_PATH}:/home/arthur/ros2_ws/install/my_py_pkg:/opt/ros/humble /usr/bin/cmake --build /home/arthur/ros2_ws/build/camera_pkg -- -j4 -l4
[0.097s] -- Found ament_cmake: 1.3.5 (/opt/ros/humble/share/ament_cmake/cmake)
[0.252s] -- Found rclcpp: 16.0.6 (/opt/ros/humble/share/rclcpp/cmake)
[0.283s] -- Found rosidl_generator_c: 3.1.5 (/opt/ros/humble/share/rosidl_generator_c/cmake)
[0.286s] -- Found rosidl_adapter: 3.1.5 (/opt/ros/humble/share/rosidl_adapter/cmake)
[0.293s] -- Found rosidl_generator_cpp: 3.1.5 (/opt/ros/humble/share/rosidl_generator_cpp/cmake)
[0.305s] -- Using all available rosidl_typesupport_c: rosidl_typesupport_fastrtps_c;rosidl_typesupport_introspection_c
[0.324s] -- Using all available rosidl_typesupport_cpp: rosidl_typesupport_fastrtps_cpp;rosidl_typesupport_introspection_cpp
[0.390s] -- Found rmw_implementation_cmake: 6.1.1 (/opt/ros/humble/share/rmw_implementation_cmake/cmake)
[0.392s] -- Found rmw_fastrtps_cpp: 6.2.4 (/opt/ros/humble/share/rmw_fastrtps_cpp/cmake)
[0.519s] -- Using RMW implementation 'rmw_fastrtps_cpp' as default
[0.700s] -- Found sensor_msgs: 4.2.3 (/opt/ros/humble/share/sensor_msgs/cmake)
[0.846s] -- Found cv_bridge: 3.2.1 (/opt/ros/humble/share/cv_bridge/cmake)
[0.861s] -- Found image_transport: 3.1.7 (/opt/ros/humble/share/image_transport/cmake)
[0.912s] [31mCMake Error at CMakeLists.txt:16 (find_package):
[0.912s]   By not providing "Findrealsense_rs2.cmake" in CMAKE_MODULE_PATH this
[0.913s]   project has asked CMake to find a package configuration file provided by
[0.913s]   "realsense_rs2", but CMake did not find one.
[0.913s] 
[0.913s]   Could not find a package configuration file provided by "realsense_rs2"
[0.913s]   with any of the following names:
[0.913s] 
[0.913s]     realsense_rs2Config.cmake
[0.913s]     realsense_rs2-config.cmake
[0.913s] 
[0.913s]   Add the installation prefix of "realsense_rs2" to CMAKE_PREFIX_PATH or set
[0.913s]   "realsense_rs2_DIR" to a directory containing one of the above files.  If
[0.913s]   "realsense_rs2" provides a separate development package or SDK, be sure it
[0.913s]   has been installed.
[0.913s] 
[0.913s] [0m
[0.914s] -- Configuring incomplete, errors occurred!
[0.914s] See also "/home/arthur/ros2_ws/build/camera_pkg/CMakeFiles/CMakeOutput.log".
[0.919s] gmake: *** [Makefile:267: cmake_check_build_system] Error 1
[0.922s] Invoked command in '/home/arthur/ros2_ws/build/camera_pkg' returned '2': CMAKE_PREFIX_PATH=${CMAKE_PREFIX_PATH}:/home/arthur/ros2_ws/install/my_py_pkg:/opt/ros/humble /usr/bin/cmake --build /home/arthur/ros2_ws/build/camera_pkg -- -j4 -l4
