[0.074s] Invoking command in '/home/arthur/ros2_ws/build/camera_pkg': CMAKE_PREFIX_PATH=${CMAKE_PREFIX_PATH}:/home/arthur/ros2_ws/install/my_py_pkg:/opt/ros/humble /usr/bin/cmake --build /home/arthur/ros2_ws/build/camera_pkg -- -j4 -l4
[0.122s] [35m[1mConsolidate compiler generated dependencies of target image_processing[0m
[0.147s] [ 50%] [32mBuilding CXX object CMakeFiles/image_processing.dir/src/image_processing.cpp.o[0m
[10.674s] [100%] [32m[1mLinking CXX executable image_processing[0m
[11.436s] [100%] Built target image_processing
[11.450s] Invoked command in '/home/arthur/ros2_ws/build/camera_pkg' returned '0': CMAKE_PREFIX_PATH=${CMAKE_PREFIX_PATH}:/home/arthur/ros2_ws/install/my_py_pkg:/opt/ros/humble /usr/bin/cmake --build /home/arthur/ros2_ws/build/camera_pkg -- -j4 -l4
[11.493s] Invoking command in '/home/arthur/ros2_ws/build/camera_pkg': CMAKE_PREFIX_PATH=${CMAKE_PREFIX_PATH}:/home/arthur/ros2_ws/install/my_py_pkg:/opt/ros/humble /usr/bin/cmake --install /home/arthur/ros2_ws/build/camera_pkg
[11.501s] -- Install configuration: ""
[11.502s] -- Installing: /home/arthur/ros2_ws/install/camera_pkg/lib/camera_pkg/image_processing
[11.507s] -- Set runtime path of "/home/arthur/ros2_ws/install/camera_pkg/lib/camera_pkg/image_processing" to ""
[11.507s] -- Up-to-date: /home/arthur/ros2_ws/install/camera_pkg/share/ament_index/resource_index/package_run_dependencies/camera_pkg
[11.507s] -- Up-to-date: /home/arthur/ros2_ws/install/camera_pkg/share/ament_index/resource_index/parent_prefix_path/camera_pkg
[11.507s] -- Up-to-date: /home/arthur/ros2_ws/install/camera_pkg/share/camera_pkg/environment/ament_prefix_path.sh
[11.507s] -- Up-to-date: /home/arthur/ros2_ws/install/camera_pkg/share/camera_pkg/environment/ament_prefix_path.dsv
[11.507s] -- Up-to-date: /home/arthur/ros2_ws/install/camera_pkg/share/camera_pkg/environment/path.sh
[11.507s] -- Up-to-date: /home/arthur/ros2_ws/install/camera_pkg/share/camera_pkg/environment/path.dsv
[11.508s] -- Up-to-date: /home/arthur/ros2_ws/install/camera_pkg/share/camera_pkg/local_setup.bash
[11.508s] -- Up-to-date: /home/arthur/ros2_ws/install/camera_pkg/share/camera_pkg/local_setup.sh
[11.508s] -- Up-to-date: /home/arthur/ros2_ws/install/camera_pkg/share/camera_pkg/local_setup.zsh
[11.508s] -- Up-to-date: /home/arthur/ros2_ws/install/camera_pkg/share/camera_pkg/local_setup.dsv
[11.508s] -- Installing: /home/arthur/ros2_ws/install/camera_pkg/share/camera_pkg/package.dsv
[11.508s] -- Up-to-date: /home/arthur/ros2_ws/install/camera_pkg/share/ament_index/resource_index/packages/camera_pkg
[11.508s] -- Up-to-date: /home/arthur/ros2_ws/install/camera_pkg/share/camera_pkg/cmake/camera_pkgConfig.cmake
[11.508s] -- Up-to-date: /home/arthur/ros2_ws/install/camera_pkg/share/camera_pkg/cmake/camera_pkgConfig-version.cmake
[11.508s] -- Up-to-date: /home/arthur/ros2_ws/install/camera_pkg/share/camera_pkg/package.xml
[11.510s] Invoked command in '/home/arthur/ros2_ws/build/camera_pkg' returned '0': CMAKE_PREFIX_PATH=${CMAKE_PREFIX_PATH}:/home/arthur/ros2_ws/install/my_py_pkg:/opt/ros/humble /usr/bin/cmake --install /home/arthur/ros2_ws/build/camera_pkg
