[1.072s] Invoking command in '/home/arthur/ros2_ws/src/my_py_pkg': PYTHONPATH=/home/arthur/ros2_ws/build/my_py_pkg/prefix_override:/home/arthur/ros2_ws/install/my_py_pkg/lib/python3.10/site-packages:${PYTHONPATH} /usr/bin/python3 setup.py egg_info --egg-base ../../build/my_py_pkg build --build-base /home/arthur/ros2_ws/build/my_py_pkg/build install --record /home/arthur/ros2_ws/build/my_py_pkg/install.log --single-version-externally-managed
[1.324s] running egg_info
[1.325s] creating ../../build/my_py_pkg/my_py_pkg.egg-info
[1.325s] writing ../../build/my_py_pkg/my_py_pkg.egg-info/PKG-INFO
[1.326s] writing dependency_links to ../../build/my_py_pkg/my_py_pkg.egg-info/dependency_links.txt
[1.326s] writing entry points to ../../build/my_py_pkg/my_py_pkg.egg-info/entry_points.txt
[1.326s] writing requirements to ../../build/my_py_pkg/my_py_pkg.egg-info/requires.txt
[1.326s] writing top-level names to ../../build/my_py_pkg/my_py_pkg.egg-info/top_level.txt
[1.326s] writing manifest file '../../build/my_py_pkg/my_py_pkg.egg-info/SOURCES.txt'
[1.328s] reading manifest file '../../build/my_py_pkg/my_py_pkg.egg-info/SOURCES.txt'
[1.329s] writing manifest file '../../build/my_py_pkg/my_py_pkg.egg-info/SOURCES.txt'
[1.329s] running build
[1.329s] running build_py
[1.329s] creating /home/arthur/ros2_ws/build/my_py_pkg/build
[1.329s] creating /home/arthur/ros2_ws/build/my_py_pkg/build/lib
[1.329s] creating /home/arthur/ros2_ws/build/my_py_pkg/build/lib/my_py_pkg
[1.329s] copying my_py_pkg/__init__.py -> /home/arthur/ros2_ws/build/my_py_pkg/build/lib/my_py_pkg
[1.330s] running install
[1.339s] /usr/lib/python3/dist-packages/setuptools/command/install.py:34: SetuptoolsDeprecationWarning: setup.py install is deprecated. Use build and pip and other standards-based tools.
[1.339s]   warnings.warn(
[1.339s] running install_lib
[1.340s] creating /home/arthur/ros2_ws/install/my_py_pkg/lib/python3.10/site-packages/my_py_pkg
[1.341s] copying /home/arthur/ros2_ws/build/my_py_pkg/build/lib/my_py_pkg/__init__.py -> /home/arthur/ros2_ws/install/my_py_pkg/lib/python3.10/site-packages/my_py_pkg
[1.341s] byte-compiling /home/arthur/ros2_ws/install/my_py_pkg/lib/python3.10/site-packages/my_py_pkg/__init__.py to __init__.cpython-310.pyc
[1.341s] running install_data
[1.342s] creating /home/arthur/ros2_ws/install/my_py_pkg/share/ament_index
[1.342s] creating /home/arthur/ros2_ws/install/my_py_pkg/share/ament_index/resource_index
[1.342s] creating /home/arthur/ros2_ws/install/my_py_pkg/share/ament_index/resource_index/packages
[1.343s] copying resource/my_py_pkg -> /home/arthur/ros2_ws/install/my_py_pkg/share/ament_index/resource_index/packages
[1.343s] copying package.xml -> /home/arthur/ros2_ws/install/my_py_pkg/share/my_py_pkg
[1.343s] running install_egg_info
[1.345s] Copying ../../build/my_py_pkg/my_py_pkg.egg-info to /home/arthur/ros2_ws/install/my_py_pkg/lib/python3.10/site-packages/my_py_pkg-0.0.0-py3.10.egg-info
[1.346s] running install_scripts
[1.366s] writing list of installed files to '/home/arthur/ros2_ws/build/my_py_pkg/install.log'
[1.388s] Invoked command in '/home/arthur/ros2_ws/src/my_py_pkg' returned '0': PYTHONPATH=/home/arthur/ros2_ws/build/my_py_pkg/prefix_override:/home/arthur/ros2_ws/install/my_py_pkg/lib/python3.10/site-packages:${PYTHONPATH} /usr/bin/python3 setup.py egg_info --egg-base ../../build/my_py_pkg build --build-base /home/arthur/ros2_ws/build/my_py_pkg/build install --record /home/arthur/ros2_ws/build/my_py_pkg/install.log --single-version-externally-managed
