[0.070s] Invoking command in '/home/arthur/ros2_ws/build/control_pkg': CMAKE_PREFIX_PATH=${CMAKE_PREFIX_PATH}:/home/arthur/ros2_ws/install/my_py_pkg:/opt/ros/humble /usr/bin/cmake --build /home/arthur/ros2_ws/build/control_pkg -- -j4 -l4
[0.129s] [ 50%] [32mBuilding CXX object CMakeFiles/control.dir/src/control.cpp.o[0m
[8.558s] [100%] [32m[1mLinking CXX executable control[0m
[8.969s] [100%] Built target control
[9.008s] Invoked command in '/home/arthur/ros2_ws/build/control_pkg' returned '0': CMAKE_PREFIX_PATH=${CMAKE_PREFIX_PATH}:/home/arthur/ros2_ws/install/my_py_pkg:/opt/ros/humble /usr/bin/cmake --build /home/arthur/ros2_ws/build/control_pkg -- -j4 -l4
[9.100s] Invoking command in '/home/arthur/ros2_ws/build/control_pkg': CMAKE_PREFIX_PATH=${CMAKE_PREFIX_PATH}:/home/arthur/ros2_ws/install/my_py_pkg:/opt/ros/humble /usr/bin/cmake --install /home/arthur/ros2_ws/build/control_pkg
[9.119s] -- Install configuration: ""
[9.120s] -- Installing: /home/arthur/ros2_ws/install/control_pkg/lib/control_pkg/control
[9.130s] -- Set runtime path of "/home/arthur/ros2_ws/install/control_pkg/lib/control_pkg/control" to ""
[9.130s] -- Up-to-date: /home/arthur/ros2_ws/install/control_pkg/share/ament_index/resource_index/package_run_dependencies/control_pkg
[9.131s] -- Up-to-date: /home/arthur/ros2_ws/install/control_pkg/share/ament_index/resource_index/parent_prefix_path/control_pkg
[9.131s] -- Up-to-date: /home/arthur/ros2_ws/install/control_pkg/share/control_pkg/environment/ament_prefix_path.sh
[9.131s] -- Up-to-date: /home/arthur/ros2_ws/install/control_pkg/share/control_pkg/environment/ament_prefix_path.dsv
[9.131s] -- Up-to-date: /home/arthur/ros2_ws/install/control_pkg/share/control_pkg/environment/path.sh
[9.131s] -- Up-to-date: /home/arthur/ros2_ws/install/control_pkg/share/control_pkg/environment/path.dsv
[9.131s] -- Up-to-date: /home/arthur/ros2_ws/install/control_pkg/share/control_pkg/local_setup.bash
[9.132s] -- Up-to-date: /home/arthur/ros2_ws/install/control_pkg/share/control_pkg/local_setup.sh
[9.132s] -- Up-to-date: /home/arthur/ros2_ws/install/control_pkg/share/control_pkg/local_setup.zsh
[9.132s] -- Up-to-date: /home/arthur/ros2_ws/install/control_pkg/share/control_pkg/local_setup.dsv
[9.132s] -- Installing: /home/arthur/ros2_ws/install/control_pkg/share/control_pkg/package.dsv
[9.132s] -- Up-to-date: /home/arthur/ros2_ws/install/control_pkg/share/ament_index/resource_index/packages/control_pkg
[9.132s] -- Up-to-date: /home/arthur/ros2_ws/install/control_pkg/share/control_pkg/cmake/control_pkgConfig.cmake
[9.132s] -- Up-to-date: /home/arthur/ros2_ws/install/control_pkg/share/control_pkg/cmake/control_pkgConfig-version.cmake
[9.132s] -- Up-to-date: /home/arthur/ros2_ws/install/control_pkg/share/control_pkg/package.xml
[9.228s] Invoked command in '/home/arthur/ros2_ws/build/control_pkg' returned '0': CMAKE_PREFIX_PATH=${CMAKE_PREFIX_PATH}:/home/arthur/ros2_ws/install/my_py_pkg:/opt/ros/humble /usr/bin/cmake --install /home/arthur/ros2_ws/build/control_pkg
