[0.109s] Invoking command in '/home/arthur/ros2_ws/build/communication_pkg': CMAKE_PREFIX_PATH=${CMAKE_PREFIX_PATH}:/home/arthur/ros2_ws/install/my_py_pkg:/opt/ros/humble /usr/bin/cmake --build /home/arthur/ros2_ws/build/communication_pkg -- -j4 -l4
[0.495s] [100%] Built target holder_ball_robot
[0.507s] Invoked command in '/home/arthur/ros2_ws/build/communication_pkg' returned '0': CMAKE_PREFIX_PATH=${CMAKE_PREFIX_PATH}:/home/arthur/ros2_ws/install/my_py_pkg:/opt/ros/humble /usr/bin/cmake --build /home/arthur/ros2_ws/build/communication_pkg -- -j4 -l4
[0.547s] Invoking command in '/home/arthur/ros2_ws/build/communication_pkg': CMAKE_PREFIX_PATH=${CMAKE_PREFIX_PATH}:/home/arthur/ros2_ws/install/my_py_pkg:/opt/ros/humble /usr/bin/cmake --install /home/arthur/ros2_ws/build/communication_pkg
[0.556s] -- Install configuration: ""
[0.610s] -- Up-to-date: /home/arthur/ros2_ws/install/communication_pkg/lib/communication_pkg/holder_ball_robot
[0.611s] -- Up-to-date: /home/arthur/ros2_ws/install/communication_pkg/share/ament_index/resource_index/package_run_dependencies/communication_pkg
[0.625s] -- Up-to-date: /home/arthur/ros2_ws/install/communication_pkg/share/ament_index/resource_index/parent_prefix_path/communication_pkg
[0.626s] -- Up-to-date: /home/arthur/ros2_ws/install/communication_pkg/share/communication_pkg/environment/ament_prefix_path.sh
[0.626s] -- Up-to-date: /home/arthur/ros2_ws/install/communication_pkg/share/communication_pkg/environment/ament_prefix_path.dsv
[0.626s] -- Up-to-date: /home/arthur/ros2_ws/install/communication_pkg/share/communication_pkg/environment/path.sh
[0.627s] -- Up-to-date: /home/arthur/ros2_ws/install/communication_pkg/share/communication_pkg/environment/path.dsv
[0.627s] -- Up-to-date: /home/arthur/ros2_ws/install/communication_pkg/share/communication_pkg/local_setup.bash
[0.627s] -- Up-to-date: /home/arthur/ros2_ws/install/communication_pkg/share/communication_pkg/local_setup.sh
[0.627s] -- Up-to-date: /home/arthur/ros2_ws/install/communication_pkg/share/communication_pkg/local_setup.zsh
[0.628s] -- Up-to-date: /home/arthur/ros2_ws/install/communication_pkg/share/communication_pkg/local_setup.dsv
[0.628s] -- Installing: /home/arthur/ros2_ws/install/communication_pkg/share/communication_pkg/package.dsv
[0.640s] -- Up-to-date: /home/arthur/ros2_ws/install/communication_pkg/share/ament_index/resource_index/packages/communication_pkg
[0.641s] -- Up-to-date: /home/arthur/ros2_ws/install/communication_pkg/share/communication_pkg/cmake/communication_pkgConfig.cmake
[0.641s] -- Up-to-date: /home/arthur/ros2_ws/install/communication_pkg/share/communication_pkg/cmake/communication_pkgConfig-version.cmake
[0.642s] -- Up-to-date: /home/arthur/ros2_ws/install/communication_pkg/share/communication_pkg/package.xml
[0.659s] Invoked command in '/home/arthur/ros2_ws/build/communication_pkg' returned '0': CMAKE_PREFIX_PATH=${CMAKE_PREFIX_PATH}:/home/arthur/ros2_ws/install/my_py_pkg:/opt/ros/humble /usr/bin/cmake --install /home/arthur/ros2_ws/build/communication_pkg
