[0.761s] Invoking command in '/home/arthur/ros2_ws/src/my_py_pkg': PYTHONPATH=/home/arthur/ros2_ws/build/my_py_pkg/prefix_override:/home/arthur/ros2_ws/install/my_py_pkg/lib/python3.10/site-packages:${PYTHONPATH} /usr/bin/python3 setup.py egg_info --egg-base ../../build/my_py_pkg build --build-base /home/arthur/ros2_ws/build/my_py_pkg/build install --record /home/arthur/ros2_ws/build/my_py_pkg/install.log --single-version-externally-managed
[1.006s] running egg_info
[1.006s] writing ../../build/my_py_pkg/my_py_pkg.egg-info/PKG-INFO
[1.007s] writing dependency_links to ../../build/my_py_pkg/my_py_pkg.egg-info/dependency_links.txt
[1.007s] writing entry points to ../../build/my_py_pkg/my_py_pkg.egg-info/entry_points.txt
[1.007s] writing requirements to ../../build/my_py_pkg/my_py_pkg.egg-info/requires.txt
[1.007s] writing top-level names to ../../build/my_py_pkg/my_py_pkg.egg-info/top_level.txt
[1.009s] reading manifest file '../../build/my_py_pkg/my_py_pkg.egg-info/SOURCES.txt'
[1.011s] writing manifest file '../../build/my_py_pkg/my_py_pkg.egg-info/SOURCES.txt'
[1.011s] running build
[1.011s] running build_py
[1.011s] running install
[1.011s] running install_lib
[1.012s] running install_data
[1.013s] running install_egg_info
[1.015s] removing '/home/arthur/ros2_ws/install/my_py_pkg/lib/python3.10/site-packages/my_py_pkg-0.0.0-py3.10.egg-info' (and everything under it)
[1.015s] Copying ../../build/my_py_pkg/my_py_pkg.egg-info to /home/arthur/ros2_ws/install/my_py_pkg/lib/python3.10/site-packages/my_py_pkg-0.0.0-py3.10.egg-info
[1.016s] running install_scripts
[1.035s] Installing py_node script to /home/arthur/ros2_ws/install/my_py_pkg/lib/my_py_pkg
[1.036s] writing list of installed files to '/home/arthur/ros2_ws/build/my_py_pkg/install.log'
[1.060s] Invoked command in '/home/arthur/ros2_ws/src/my_py_pkg' returned '0': PYTHONPATH=/home/arthur/ros2_ws/build/my_py_pkg/prefix_override:/home/arthur/ros2_ws/install/my_py_pkg/lib/python3.10/site-packages:${PYTHONPATH} /usr/bin/python3 setup.py egg_info --egg-base ../../build/my_py_pkg build --build-base /home/arthur/ros2_ws/build/my_py_pkg/build install --record /home/arthur/ros2_ws/build/my_py_pkg/install.log --single-version-externally-managed
