[0.073s] Invoking command in '/home/arthur/ros2_ws/build/camera_pkg': CMAKE_PREFIX_PATH=${CMAKE_PREFIX_PATH}:/home/arthur/ros2_ws/install/my_py_pkg:/opt/ros/humble /usr/bin/cmake --build /home/arthur/ros2_ws/build/camera_pkg -- -j4 -l4
[0.425s] -- Found ament_cmake: 1.3.5 (/opt/ros/humble/share/ament_cmake/cmake)
[1.084s] -- Found rclcpp: 16.0.6 (/opt/ros/humble/share/rclcpp/cmake)
[1.450s] -- Found rosidl_generator_c: 3.1.5 (/opt/ros/humble/share/rosidl_generator_c/cmake)
[1.490s] -- Found rosidl_adapter: 3.1.5 (/opt/ros/humble/share/rosidl_adapter/cmake)
[1.568s] -- Found rosidl_generator_cpp: 3.1.5 (/opt/ros/humble/share/rosidl_generator_cpp/cmake)
[1.684s] -- Using all available rosidl_typesupport_c: rosidl_typesupport_fastrtps_c;rosidl_typesupport_introspection_c
[1.811s] -- Using all available rosidl_typesupport_cpp: rosidl_typesupport_fastrtps_cpp;rosidl_typesupport_introspection_cpp
[2.069s] -- Found rmw_implementation_cmake: 6.1.1 (/opt/ros/humble/share/rmw_implementation_cmake/cmake)
[2.088s] -- Found rmw_fastrtps_cpp: 6.2.4 (/opt/ros/humble/share/rmw_fastrtps_cpp/cmake)
[2.703s] -- Using RMW implementation 'rmw_fastrtps_cpp' as default
[3.189s] -- Found sensor_msgs: 4.2.3 (/opt/ros/humble/share/sensor_msgs/cmake)
[3.363s] -- Found cv_bridge: 3.2.1 (/opt/ros/humble/share/cv_bridge/cmake)
[3.402s] -- Found image_transport: 3.1.7 (/opt/ros/humble/share/image_transport/cmake)
[3.736s] -- Configuring done
[3.843s] -- Generating done
[3.882s] -- Build files have been written to: /home/arthur/ros2_ws/build/camera_pkg
[3.967s] [35m[1mConsolidate compiler generated dependencies of target image_processing[0m
[4.001s] [100%] Built target image_processing
[4.016s] Invoked command in '/home/arthur/ros2_ws/build/camera_pkg' returned '0': CMAKE_PREFIX_PATH=${CMAKE_PREFIX_PATH}:/home/arthur/ros2_ws/install/my_py_pkg:/opt/ros/humble /usr/bin/cmake --build /home/arthur/ros2_ws/build/camera_pkg -- -j4 -l4
[4.067s] Invoking command in '/home/arthur/ros2_ws/build/camera_pkg': CMAKE_PREFIX_PATH=${CMAKE_PREFIX_PATH}:/home/arthur/ros2_ws/install/my_py_pkg:/opt/ros/humble /usr/bin/cmake --install /home/arthur/ros2_ws/build/camera_pkg
[4.077s] -- Install configuration: ""
[4.077s] -- Up-to-date: /home/arthur/ros2_ws/install/camera_pkg/lib/camera_pkg/image_processing
[4.078s] -- Up-to-date: /home/arthur/ros2_ws/install/camera_pkg/share/ament_index/resource_index/package_run_dependencies/camera_pkg
[4.078s] -- Installing: /home/arthur/ros2_ws/install/camera_pkg/share/ament_index/resource_index/parent_prefix_path/camera_pkg
[4.078s] -- Up-to-date: /home/arthur/ros2_ws/install/camera_pkg/share/camera_pkg/environment/ament_prefix_path.sh
[4.078s] -- Installing: /home/arthur/ros2_ws/install/camera_pkg/share/camera_pkg/environment/ament_prefix_path.dsv
[4.078s] -- Up-to-date: /home/arthur/ros2_ws/install/camera_pkg/share/camera_pkg/environment/path.sh
[4.078s] -- Installing: /home/arthur/ros2_ws/install/camera_pkg/share/camera_pkg/environment/path.dsv
[4.078s] -- Up-to-date: /home/arthur/ros2_ws/install/camera_pkg/share/camera_pkg/local_setup.bash
[4.079s] -- Up-to-date: /home/arthur/ros2_ws/install/camera_pkg/share/camera_pkg/local_setup.sh
[4.079s] -- Up-to-date: /home/arthur/ros2_ws/install/camera_pkg/share/camera_pkg/local_setup.zsh
[4.079s] -- Installing: /home/arthur/ros2_ws/install/camera_pkg/share/camera_pkg/local_setup.dsv
[4.079s] -- Installing: /home/arthur/ros2_ws/install/camera_pkg/share/camera_pkg/package.dsv
[4.079s] -- Up-to-date: /home/arthur/ros2_ws/install/camera_pkg/share/ament_index/resource_index/packages/camera_pkg
[4.079s] -- Up-to-date: /home/arthur/ros2_ws/install/camera_pkg/share/camera_pkg/cmake/camera_pkgConfig.cmake
[4.079s] -- Up-to-date: /home/arthur/ros2_ws/install/camera_pkg/share/camera_pkg/cmake/camera_pkgConfig-version.cmake
[4.079s] -- Up-to-date: /home/arthur/ros2_ws/install/camera_pkg/share/camera_pkg/package.xml
[4.082s] Invoked command in '/home/arthur/ros2_ws/build/camera_pkg' returned '0': CMAKE_PREFIX_PATH=${CMAKE_PREFIX_PATH}:/home/arthur/ros2_ws/install/my_py_pkg:/opt/ros/humble /usr/bin/cmake --install /home/arthur/ros2_ws/build/camera_pkg
