[0.963s] DEBUG:colcon:Command line arguments: ['/usr/bin/colcon', 'build']
[0.963s] DEBUG:colcon:Parsed command line arguments: Namespace(log_base=None, log_level=None, verb_name='build', build_base='build', install_base='install', merge_install=False, symlink_install=False, test_result_base=None, continue_on_error=False, executor='parallel', parallel_workers=4, event_handlers=None, ignore_user_meta=False, metas=['./colcon.meta'], base_paths=['.'], packages_ignore=None, packages_ignore_regex=None, paths=None, packages_up_to=None, packages_up_to_regex=None, packages_above=None, packages_above_and_dependencies=None, packages_above_depth=None, packages_select_by_dep=None, packages_skip_by_dep=None, packages_skip_up_to=None, packages_select_build_failed=False, packages_skip_build_finished=False, packages_select_test_failures=False, packages_skip_test_passed=False, packages_select=None, packages_skip=None, packages_select_regex=None, packages_skip_regex=None, packages_start=None, packages_end=None, allow_overriding=[], cmake_args=None, cmake_target=None, cmake_target_skip_unavailable=False, cmake_clean_cache=False, cmake_clean_first=False, cmake_force_configure=False, ament_cmake_args=None, catkin_cmake_args=None, catkin_skip_building_tests=False, verb_parser=<colcon_defaults.argument_parser.defaults.DefaultArgumentsDecorator object at 0x7f9033696920>, verb_extension=<colcon_core.verb.build.BuildVerb object at 0x7f9033697550>, main=<bound method BuildVerb.main of <colcon_core.verb.build.BuildVerb object at 0x7f9033697550>>)
[1.008s] Level 1:colcon.colcon_core.package_discovery:discover_packages(colcon_meta) check parameters
[1.008s] Level 1:colcon.colcon_core.package_discovery:discover_packages(recursive) check parameters
[1.008s] Level 1:colcon.colcon_core.package_discovery:discover_packages(ignore) check parameters
[1.008s] Level 1:colcon.colcon_core.package_discovery:discover_packages(path) check parameters
[1.008s] Level 1:colcon.colcon_core.package_discovery:discover_packages(colcon_meta) discover
[1.008s] Level 1:colcon.colcon_core.package_discovery:discover_packages(recursive) discover
[1.008s] INFO:colcon.colcon_core.package_discovery:Crawling recursively for packages in '/home/arthur/ros2_ws'
[1.008s] Level 1:colcon.colcon_core.package_identification:_identify(.) by extensions ['ignore', 'ignore_ament_install']
[1.008s] Level 1:colcon.colcon_core.package_identification:_identify(.) by extension 'ignore'
[1.008s] Level 1:colcon.colcon_core.package_identification:_identify(.) by extension 'ignore_ament_install'
[1.008s] Level 1:colcon.colcon_core.package_identification:_identify(.) by extensions ['colcon_pkg']
[1.008s] Level 1:colcon.colcon_core.package_identification:_identify(.) by extension 'colcon_pkg'
[1.008s] Level 1:colcon.colcon_core.package_identification:_identify(.) by extensions ['colcon_meta']
[1.008s] Level 1:colcon.colcon_core.package_identification:_identify(.) by extension 'colcon_meta'
[1.008s] Level 1:colcon.colcon_core.package_identification:_identify(.) by extensions ['ros']
[1.008s] Level 1:colcon.colcon_core.package_identification:_identify(.) by extension 'ros'
[1.019s] Level 1:colcon.colcon_core.package_identification:_identify(.) by extensions ['cmake', 'python']
[1.019s] Level 1:colcon.colcon_core.package_identification:_identify(.) by extension 'cmake'
[1.019s] Level 1:colcon.colcon_core.package_identification:_identify(.) by extension 'python'
[1.020s] Level 1:colcon.colcon_core.package_identification:_identify(.) by extensions ['python_setup_py']
[1.020s] Level 1:colcon.colcon_core.package_identification:_identify(.) by extension 'python_setup_py'
[1.020s] Level 1:colcon.colcon_core.package_identification:_identify(build) by extensions ['ignore', 'ignore_ament_install']
[1.020s] Level 1:colcon.colcon_core.package_identification:_identify(build) by extension 'ignore'
[1.020s] Level 1:colcon.colcon_core.package_identification:_identify(build) ignored
[1.020s] Level 1:colcon.colcon_core.package_identification:_identify(install) by extensions ['ignore', 'ignore_ament_install']
[1.020s] Level 1:colcon.colcon_core.package_identification:_identify(install) by extension 'ignore'
[1.020s] Level 1:colcon.colcon_core.package_identification:_identify(install) ignored
[1.020s] Level 1:colcon.colcon_core.package_identification:_identify(log) by extensions ['ignore', 'ignore_ament_install']
[1.020s] Level 1:colcon.colcon_core.package_identification:_identify(log) by extension 'ignore'
[1.020s] Level 1:colcon.colcon_core.package_identification:_identify(log) ignored
[1.020s] Level 1:colcon.colcon_core.package_identification:_identify(src) by extensions ['ignore', 'ignore_ament_install']
[1.020s] Level 1:colcon.colcon_core.package_identification:_identify(src) by extension 'ignore'
[1.021s] Level 1:colcon.colcon_core.package_identification:_identify(src) by extension 'ignore_ament_install'
[1.021s] Level 1:colcon.colcon_core.package_identification:_identify(src) by extensions ['colcon_pkg']
[1.021s] Level 1:colcon.colcon_core.package_identification:_identify(src) by extension 'colcon_pkg'
[1.021s] Level 1:colcon.colcon_core.package_identification:_identify(src) by extensions ['colcon_meta']
[1.021s] Level 1:colcon.colcon_core.package_identification:_identify(src) by extension 'colcon_meta'
[1.021s] Level 1:colcon.colcon_core.package_identification:_identify(src) by extensions ['ros']
[1.021s] Level 1:colcon.colcon_core.package_identification:_identify(src) by extension 'ros'
[1.021s] Level 1:colcon.colcon_core.package_identification:_identify(src) by extensions ['cmake', 'python']
[1.021s] Level 1:colcon.colcon_core.package_identification:_identify(src) by extension 'cmake'
[1.021s] Level 1:colcon.colcon_core.package_identification:_identify(src) by extension 'python'
[1.021s] Level 1:colcon.colcon_core.package_identification:_identify(src) by extensions ['python_setup_py']
[1.021s] Level 1:colcon.colcon_core.package_identification:_identify(src) by extension 'python_setup_py'
[1.021s] Level 1:colcon.colcon_core.package_identification:_identify(src/my_cpp_pkg) by extensions ['ignore', 'ignore_ament_install']
[1.021s] Level 1:colcon.colcon_core.package_identification:_identify(src/my_cpp_pkg) by extension 'ignore'
[1.021s] Level 1:colcon.colcon_core.package_identification:_identify(src/my_cpp_pkg) by extension 'ignore_ament_install'
[1.021s] Level 1:colcon.colcon_core.package_identification:_identify(src/my_cpp_pkg) by extensions ['colcon_pkg']
[1.021s] Level 1:colcon.colcon_core.package_identification:_identify(src/my_cpp_pkg) by extension 'colcon_pkg'
[1.021s] Level 1:colcon.colcon_core.package_identification:_identify(src/my_cpp_pkg) by extensions ['colcon_meta']
[1.021s] Level 1:colcon.colcon_core.package_identification:_identify(src/my_cpp_pkg) by extension 'colcon_meta'
[1.022s] Level 1:colcon.colcon_core.package_identification:_identify(src/my_cpp_pkg) by extensions ['ros']
[1.022s] Level 1:colcon.colcon_core.package_identification:_identify(src/my_cpp_pkg) by extension 'ros'
[1.024s] DEBUG:colcon.colcon_core.package_identification:Package 'src/my_cpp_pkg' with type 'ros.ament_cmake' and name 'my_cpp_pkg'
[1.024s] Level 1:colcon.colcon_core.package_identification:_identify(src/my_py_pkg) by extensions ['ignore', 'ignore_ament_install']
[1.024s] Level 1:colcon.colcon_core.package_identification:_identify(src/my_py_pkg) by extension 'ignore'
[1.024s] Level 1:colcon.colcon_core.package_identification:_identify(src/my_py_pkg) by extension 'ignore_ament_install'
[1.024s] Level 1:colcon.colcon_core.package_identification:_identify(src/my_py_pkg) by extensions ['colcon_pkg']
[1.024s] Level 1:colcon.colcon_core.package_identification:_identify(src/my_py_pkg) by extension 'colcon_pkg'
[1.024s] Level 1:colcon.colcon_core.package_identification:_identify(src/my_py_pkg) by extensions ['colcon_meta']
[1.024s] Level 1:colcon.colcon_core.package_identification:_identify(src/my_py_pkg) by extension 'colcon_meta'
[1.024s] Level 1:colcon.colcon_core.package_identification:_identify(src/my_py_pkg) by extensions ['ros']
[1.024s] Level 1:colcon.colcon_core.package_identification:_identify(src/my_py_pkg) by extension 'ros'
[1.025s] DEBUG:colcon.colcon_core.package_identification:Package 'src/my_py_pkg' with type 'ros.ament_python' and name 'my_py_pkg'
[1.025s] Level 1:colcon.colcon_core.package_discovery:discover_packages(recursive) using defaults
[1.025s] Level 1:colcon.colcon_core.package_discovery:discover_packages(ignore) discover
[1.025s] Level 1:colcon.colcon_core.package_discovery:discover_packages(ignore) using defaults
[1.025s] Level 1:colcon.colcon_core.package_discovery:discover_packages(path) discover
[1.025s] Level 1:colcon.colcon_core.package_discovery:discover_packages(path) using defaults
[1.112s] Level 1:colcon.colcon_core.package_discovery:discover_packages(prefix_path) check parameters
[1.112s] Level 1:colcon.colcon_core.package_discovery:discover_packages(prefix_path) discover
[1.140s] DEBUG:colcon.colcon_installed_package_information.package_discovery:Found 2 installed packages in /home/arthur/ros2_ws/install
[1.155s] DEBUG:colcon.colcon_installed_package_information.package_discovery:Found 270 installed packages in /opt/ros/humble
[1.157s] Level 1:colcon.colcon_core.package_discovery:discover_packages(prefix_path) using defaults
[1.247s] Level 5:colcon.colcon_core.verb:set package 'my_cpp_pkg' build argument 'cmake_args' from command line to 'None'
[1.247s] Level 5:colcon.colcon_core.verb:set package 'my_cpp_pkg' build argument 'cmake_target' from command line to 'None'
[1.247s] Level 5:colcon.colcon_core.verb:set package 'my_cpp_pkg' build argument 'cmake_target_skip_unavailable' from command line to 'False'
[1.247s] Level 5:colcon.colcon_core.verb:set package 'my_cpp_pkg' build argument 'cmake_clean_cache' from command line to 'False'
[1.247s] Level 5:colcon.colcon_core.verb:set package 'my_cpp_pkg' build argument 'cmake_clean_first' from command line to 'False'
[1.247s] Level 5:colcon.colcon_core.verb:set package 'my_cpp_pkg' build argument 'cmake_force_configure' from command line to 'False'
[1.247s] Level 5:colcon.colcon_core.verb:set package 'my_cpp_pkg' build argument 'ament_cmake_args' from command line to 'None'
[1.247s] Level 5:colcon.colcon_core.verb:set package 'my_cpp_pkg' build argument 'catkin_cmake_args' from command line to 'None'
[1.247s] Level 5:colcon.colcon_core.verb:set package 'my_cpp_pkg' build argument 'catkin_skip_building_tests' from command line to 'False'
[1.247s] DEBUG:colcon.colcon_core.verb:Building package 'my_cpp_pkg' with the following arguments: {'ament_cmake_args': None, 'build_base': '/home/arthur/ros2_ws/build/my_cpp_pkg', 'catkin_cmake_args': None, 'catkin_skip_building_tests': False, 'cmake_args': None, 'cmake_clean_cache': False, 'cmake_clean_first': False, 'cmake_force_configure': False, 'cmake_target': None, 'cmake_target_skip_unavailable': False, 'install_base': '/home/arthur/ros2_ws/install/my_cpp_pkg', 'merge_install': False, 'path': '/home/arthur/ros2_ws/src/my_cpp_pkg', 'symlink_install': False, 'test_result_base': None}
[1.261s] Level 5:colcon.colcon_core.verb:set package 'my_py_pkg' build argument 'cmake_args' from command line to 'None'
[1.261s] Level 5:colcon.colcon_core.verb:set package 'my_py_pkg' build argument 'cmake_target' from command line to 'None'
[1.261s] Level 5:colcon.colcon_core.verb:set package 'my_py_pkg' build argument 'cmake_target_skip_unavailable' from command line to 'False'
[1.261s] Level 5:colcon.colcon_core.verb:set package 'my_py_pkg' build argument 'cmake_clean_cache' from command line to 'False'
[1.261s] Level 5:colcon.colcon_core.verb:set package 'my_py_pkg' build argument 'cmake_clean_first' from command line to 'False'
[1.261s] Level 5:colcon.colcon_core.verb:set package 'my_py_pkg' build argument 'cmake_force_configure' from command line to 'False'
[1.261s] Level 5:colcon.colcon_core.verb:set package 'my_py_pkg' build argument 'ament_cmake_args' from command line to 'None'
[1.261s] Level 5:colcon.colcon_core.verb:set package 'my_py_pkg' build argument 'catkin_cmake_args' from command line to 'None'
[1.261s] Level 5:colcon.colcon_core.verb:set package 'my_py_pkg' build argument 'catkin_skip_building_tests' from command line to 'False'
[1.261s] DEBUG:colcon.colcon_core.verb:Building package 'my_py_pkg' with the following arguments: {'ament_cmake_args': None, 'build_base': '/home/arthur/ros2_ws/build/my_py_pkg', 'catkin_cmake_args': None, 'catkin_skip_building_tests': False, 'cmake_args': None, 'cmake_clean_cache': False, 'cmake_clean_first': False, 'cmake_force_configure': False, 'cmake_target': None, 'cmake_target_skip_unavailable': False, 'install_base': '/home/arthur/ros2_ws/install/my_py_pkg', 'merge_install': False, 'path': '/home/arthur/ros2_ws/src/my_py_pkg', 'symlink_install': False, 'test_result_base': None}
[1.274s] INFO:colcon.colcon_core.executor:Executing jobs using 'parallel' executor
[1.289s] DEBUG:colcon.colcon_parallel_executor.executor.parallel:run_until_complete
[1.289s] INFO:colcon.colcon_ros.task.ament_cmake.build:Building ROS package in '/home/arthur/ros2_ws/src/my_cpp_pkg' with build type 'ament_cmake'
[1.289s] INFO:colcon.colcon_cmake.task.cmake.build:Building CMake package in '/home/arthur/ros2_ws/src/my_cpp_pkg'
[1.305s] INFO:colcon.colcon_core.plugin_system:Skipping extension 'colcon_core.shell.bat': Not used on non-Windows systems
[1.305s] INFO:colcon.colcon_core.shell:Skip shell extension 'powershell' for command environment: Not usable outside of PowerShell
[1.305s] DEBUG:colcon.colcon_core.shell:Skip shell extension 'dsv' for command environment
[1.351s] INFO:colcon.colcon_ros.task.ament_python.build:Building ROS package in '/home/arthur/ros2_ws/src/my_py_pkg' with build type 'ament_python'
[1.352s] Level 1:colcon.colcon_core.shell:create_environment_hook('my_py_pkg', 'ament_prefix_path')
[1.366s] INFO:colcon.colcon_core.shell:Creating environment hook '/home/arthur/ros2_ws/install/my_py_pkg/share/my_py_pkg/hook/ament_prefix_path.ps1'
[1.367s] INFO:colcon.colcon_core.shell:Creating environment descriptor '/home/arthur/ros2_ws/install/my_py_pkg/share/my_py_pkg/hook/ament_prefix_path.dsv'
[1.367s] INFO:colcon.colcon_core.shell:Creating environment hook '/home/arthur/ros2_ws/install/my_py_pkg/share/my_py_pkg/hook/ament_prefix_path.sh'
[1.382s] INFO:colcon.colcon_core.shell:Skip shell extension 'powershell' for command environment: Not usable outside of PowerShell
[1.382s] DEBUG:colcon.colcon_core.shell:Skip shell extension 'dsv' for command environment
[1.435s] DEBUG:colcon.colcon_core.event_handler.log_command:Invoking command in '/home/arthur/ros2_ws/build/my_cpp_pkg': CMAKE_PREFIX_PATH=${CMAKE_PREFIX_PATH}:/home/arthur/ros2_ws/install/my_py_pkg:/opt/ros/humble /usr/bin/cmake --build /home/arthur/ros2_ws/build/my_cpp_pkg -- -j4 -l4
[1.698s] INFO:colcon.colcon_core.task.python.build:Building Python package in '/home/arthur/ros2_ws/src/my_py_pkg'
[1.712s] INFO:colcon.colcon_core.shell:Skip shell extension 'powershell' for command environment: Not usable outside of PowerShell
[1.712s] DEBUG:colcon.colcon_core.shell:Skip shell extension 'dsv' for command environment
[1.758s] DEBUG:colcon.colcon_core.event_handler.log_command:Invoked command in '/home/arthur/ros2_ws/build/my_cpp_pkg' returned '0': CMAKE_PREFIX_PATH=${CMAKE_PREFIX_PATH}:/home/arthur/ros2_ws/install/my_py_pkg:/opt/ros/humble /usr/bin/cmake --build /home/arthur/ros2_ws/build/my_cpp_pkg -- -j4 -l4
[1.793s] DEBUG:colcon.colcon_core.event_handler.log_command:Invoking command in '/home/arthur/ros2_ws/build/my_cpp_pkg': CMAKE_PREFIX_PATH=${CMAKE_PREFIX_PATH}:/home/arthur/ros2_ws/install/my_py_pkg:/opt/ros/humble /usr/bin/cmake --install /home/arthur/ros2_ws/build/my_cpp_pkg
[1.804s] Level 1:colcon.colcon_core.environment:create_environment_scripts_only(my_cpp_pkg)
[1.805s] DEBUG:colcon.colcon_core.event_handler.log_command:Invoked command in '/home/arthur/ros2_ws/build/my_cpp_pkg' returned '0': CMAKE_PREFIX_PATH=${CMAKE_PREFIX_PATH}:/home/arthur/ros2_ws/install/my_py_pkg:/opt/ros/humble /usr/bin/cmake --install /home/arthur/ros2_ws/build/my_cpp_pkg
[1.822s] Level 1:colcon.colcon_core.environment:checking '/home/arthur/ros2_ws/install/my_cpp_pkg' for CMake module files
[1.822s] Level 1:colcon.colcon_core.environment:checking '/home/arthur/ros2_ws/install/my_cpp_pkg' for CMake config files
[1.823s] Level 1:colcon.colcon_core.shell:create_environment_hook('my_cpp_pkg', 'cmake_prefix_path')
[1.838s] INFO:colcon.colcon_core.shell:Creating environment hook '/home/arthur/ros2_ws/install/my_cpp_pkg/share/my_cpp_pkg/hook/cmake_prefix_path.ps1'
[1.838s] INFO:colcon.colcon_core.shell:Creating environment descriptor '/home/arthur/ros2_ws/install/my_cpp_pkg/share/my_cpp_pkg/hook/cmake_prefix_path.dsv'
[1.838s] INFO:colcon.colcon_core.shell:Creating environment hook '/home/arthur/ros2_ws/install/my_cpp_pkg/share/my_cpp_pkg/hook/cmake_prefix_path.sh'
[1.839s] Level 1:colcon.colcon_core.environment:checking '/home/arthur/ros2_ws/install/my_cpp_pkg/bin'
[1.839s] Level 1:colcon.colcon_core.environment:checking '/home/arthur/ros2_ws/install/my_cpp_pkg/lib/pkgconfig/my_cpp_pkg.pc'
[1.839s] Level 1:colcon.colcon_core.environment:checking '/home/arthur/ros2_ws/install/my_cpp_pkg/lib/python3.10/site-packages'
[1.840s] Level 1:colcon.colcon_core.environment:checking '/home/arthur/ros2_ws/install/my_cpp_pkg/bin'
[1.854s] INFO:colcon.colcon_core.shell:Creating package script '/home/arthur/ros2_ws/install/my_cpp_pkg/share/my_cpp_pkg/package.ps1'
[1.855s] INFO:colcon.colcon_core.shell:Creating package descriptor '/home/arthur/ros2_ws/install/my_cpp_pkg/share/my_cpp_pkg/package.dsv'
[1.856s] INFO:colcon.colcon_core.shell:Creating package script '/home/arthur/ros2_ws/install/my_cpp_pkg/share/my_cpp_pkg/package.sh'
[1.857s] INFO:colcon.colcon_core.shell:Creating package script '/home/arthur/ros2_ws/install/my_cpp_pkg/share/my_cpp_pkg/package.bash'
[1.857s] INFO:colcon.colcon_core.shell:Creating package script '/home/arthur/ros2_ws/install/my_cpp_pkg/share/my_cpp_pkg/package.zsh'
[1.858s] Level 1:colcon.colcon_core.environment:create_file_with_runtime_dependencies(/home/arthur/ros2_ws/install/my_cpp_pkg/share/colcon-core/packages/my_cpp_pkg)
[1.897s] Level 1:colcon.colcon_core.environment:create_environment_scripts_only(my_cpp_pkg)
[1.912s] Level 1:colcon.colcon_core.environment:checking '/home/arthur/ros2_ws/install/my_cpp_pkg' for CMake module files
[1.912s] Level 1:colcon.colcon_core.environment:checking '/home/arthur/ros2_ws/install/my_cpp_pkg' for CMake config files
[1.912s] Level 1:colcon.colcon_core.shell:create_environment_hook('my_cpp_pkg', 'cmake_prefix_path')
[1.927s] INFO:colcon.colcon_core.shell:Creating environment hook '/home/arthur/ros2_ws/install/my_cpp_pkg/share/my_cpp_pkg/hook/cmake_prefix_path.ps1'
[1.928s] INFO:colcon.colcon_core.shell:Creating environment descriptor '/home/arthur/ros2_ws/install/my_cpp_pkg/share/my_cpp_pkg/hook/cmake_prefix_path.dsv'
[1.928s] INFO:colcon.colcon_core.shell:Creating environment hook '/home/arthur/ros2_ws/install/my_cpp_pkg/share/my_cpp_pkg/hook/cmake_prefix_path.sh'
[1.928s] Level 1:colcon.colcon_core.environment:checking '/home/arthur/ros2_ws/install/my_cpp_pkg/bin'
[1.929s] Level 1:colcon.colcon_core.environment:checking '/home/arthur/ros2_ws/install/my_cpp_pkg/lib/pkgconfig/my_cpp_pkg.pc'
[1.929s] Level 1:colcon.colcon_core.environment:checking '/home/arthur/ros2_ws/install/my_cpp_pkg/lib/python3.10/site-packages'
[1.929s] Level 1:colcon.colcon_core.environment:checking '/home/arthur/ros2_ws/install/my_cpp_pkg/bin'
[1.944s] INFO:colcon.colcon_core.shell:Creating package script '/home/arthur/ros2_ws/install/my_cpp_pkg/share/my_cpp_pkg/package.ps1'
[1.945s] INFO:colcon.colcon_core.shell:Creating package descriptor '/home/arthur/ros2_ws/install/my_cpp_pkg/share/my_cpp_pkg/package.dsv'
[1.945s] INFO:colcon.colcon_core.shell:Creating package script '/home/arthur/ros2_ws/install/my_cpp_pkg/share/my_cpp_pkg/package.sh'
[1.945s] INFO:colcon.colcon_core.shell:Creating package script '/home/arthur/ros2_ws/install/my_cpp_pkg/share/my_cpp_pkg/package.bash'
[1.946s] INFO:colcon.colcon_core.shell:Creating package script '/home/arthur/ros2_ws/install/my_cpp_pkg/share/my_cpp_pkg/package.zsh'
[1.946s] Level 1:colcon.colcon_core.environment:create_file_with_runtime_dependencies(/home/arthur/ros2_ws/install/my_cpp_pkg/share/colcon-core/packages/my_cpp_pkg)
[2.113s] DEBUG:colcon.colcon_core.event_handler.log_command:Invoking command in '/home/arthur/ros2_ws/src/my_py_pkg': PYTHONPATH=/home/arthur/ros2_ws/build/my_py_pkg/prefix_override:/home/arthur/ros2_ws/install/my_py_pkg/lib/python3.10/site-packages:${PYTHONPATH} /usr/bin/python3 setup.py egg_info --egg-base ../../build/my_py_pkg build --build-base /home/arthur/ros2_ws/build/my_py_pkg/build install --record /home/arthur/ros2_ws/build/my_py_pkg/install.log --single-version-externally-managed
[2.412s] DEBUG:colcon.colcon_core.event_handler.log_command:Invoked command in '/home/arthur/ros2_ws/src/my_py_pkg' returned '0': PYTHONPATH=/home/arthur/ros2_ws/build/my_py_pkg/prefix_override:/home/arthur/ros2_ws/install/my_py_pkg/lib/python3.10/site-packages:${PYTHONPATH} /usr/bin/python3 setup.py egg_info --egg-base ../../build/my_py_pkg build --build-base /home/arthur/ros2_ws/build/my_py_pkg/build install --record /home/arthur/ros2_ws/build/my_py_pkg/install.log --single-version-externally-managed
[2.427s] Level 1:colcon.colcon_core.environment:checking '/home/arthur/ros2_ws/install/my_py_pkg' for CMake module files
[2.427s] Level 1:colcon.colcon_core.environment:checking '/home/arthur/ros2_ws/install/my_py_pkg' for CMake config files
[2.427s] Level 1:colcon.colcon_core.environment:checking '/home/arthur/ros2_ws/install/my_py_pkg/lib'
[2.428s] Level 1:colcon.colcon_core.environment:checking '/home/arthur/ros2_ws/install/my_py_pkg/bin'
[2.428s] Level 1:colcon.colcon_core.environment:checking '/home/arthur/ros2_ws/install/my_py_pkg/lib/pkgconfig/my_py_pkg.pc'
[2.428s] Level 1:colcon.colcon_core.environment:checking '/home/arthur/ros2_ws/install/my_py_pkg/lib/python3.10/site-packages'
[2.428s] Level 1:colcon.colcon_core.shell:create_environment_hook('my_py_pkg', 'pythonpath')
[2.442s] INFO:colcon.colcon_core.shell:Creating environment hook '/home/arthur/ros2_ws/install/my_py_pkg/share/my_py_pkg/hook/pythonpath.ps1'
[2.443s] INFO:colcon.colcon_core.shell:Creating environment descriptor '/home/arthur/ros2_ws/install/my_py_pkg/share/my_py_pkg/hook/pythonpath.dsv'
[2.443s] INFO:colcon.colcon_core.shell:Creating environment hook '/home/arthur/ros2_ws/install/my_py_pkg/share/my_py_pkg/hook/pythonpath.sh'
[2.443s] Level 1:colcon.colcon_core.environment:checking '/home/arthur/ros2_ws/install/my_py_pkg/bin'
[2.443s] Level 1:colcon.colcon_core.environment:create_environment_scripts_only(my_py_pkg)
[2.457s] INFO:colcon.colcon_core.shell:Creating package script '/home/arthur/ros2_ws/install/my_py_pkg/share/my_py_pkg/package.ps1'
[2.458s] INFO:colcon.colcon_core.shell:Creating package descriptor '/home/arthur/ros2_ws/install/my_py_pkg/share/my_py_pkg/package.dsv'
[2.458s] INFO:colcon.colcon_core.shell:Creating package script '/home/arthur/ros2_ws/install/my_py_pkg/share/my_py_pkg/package.sh'
[2.459s] INFO:colcon.colcon_core.shell:Creating package script '/home/arthur/ros2_ws/install/my_py_pkg/share/my_py_pkg/package.bash'
[2.459s] INFO:colcon.colcon_core.shell:Creating package script '/home/arthur/ros2_ws/install/my_py_pkg/share/my_py_pkg/package.zsh'
[2.459s] Level 1:colcon.colcon_core.environment:create_file_with_runtime_dependencies(/home/arthur/ros2_ws/install/my_py_pkg/share/colcon-core/packages/my_py_pkg)
[2.460s] DEBUG:colcon.colcon_parallel_executor.executor.parallel:closing loop
[2.460s] DEBUG:colcon.colcon_parallel_executor.executor.parallel:loop closed
[2.460s] DEBUG:colcon.colcon_parallel_executor.executor.parallel:run_until_complete finished with '0'
[2.460s] DEBUG:colcon.colcon_core.event_reactor:joining thread
[2.491s] INFO:colcon.colcon_core.plugin_system:Skipping extension 'colcon_notification.desktop_notification.terminal_notifier': Not used on non-Darwin systems
[2.491s] INFO:colcon.colcon_core.plugin_system:Skipping extension 'colcon_notification.desktop_notification.win32': Not used on non-Windows systems
[2.491s] INFO:colcon.colcon_notification.desktop_notification:Sending desktop notification using 'notify2'
[2.502s] DEBUG:colcon.colcon_core.event_reactor:joined thread
[2.518s] INFO:colcon.colcon_core.shell:Creating prefix script '/home/arthur/ros2_ws/install/local_setup.ps1'
[2.519s] INFO:colcon.colcon_core.shell:Creating prefix util module '/home/arthur/ros2_ws/install/_local_setup_util_ps1.py'
[2.520s] INFO:colcon.colcon_core.shell:Creating prefix chain script '/home/arthur/ros2_ws/install/setup.ps1'
[2.536s] INFO:colcon.colcon_core.shell:Creating prefix script '/home/arthur/ros2_ws/install/local_setup.sh'
[2.537s] INFO:colcon.colcon_core.shell:Creating prefix util module '/home/arthur/ros2_ws/install/_local_setup_util_sh.py'
[2.537s] INFO:colcon.colcon_core.shell:Creating prefix chain script '/home/arthur/ros2_ws/install/setup.sh'
[2.553s] INFO:colcon.colcon_core.shell:Creating prefix script '/home/arthur/ros2_ws/install/local_setup.bash'
[2.553s] INFO:colcon.colcon_core.shell:Creating prefix chain script '/home/arthur/ros2_ws/install/setup.bash'
[2.568s] INFO:colcon.colcon_core.shell:Creating prefix script '/home/arthur/ros2_ws/install/local_setup.zsh'
[2.569s] INFO:colcon.colcon_core.shell:Creating prefix chain script '/home/arthur/ros2_ws/install/setup.zsh'
